Error: Class 'AddTitleRegexptoShema' not found in C:\xampp\htdocs\pizza-prices\vendor\laravel\framework\src\Illuminate\Database\Migrations\Migrator.php:453
Stack trace:
#0 C:\xampp\htdocs\pizza-prices\vendor\laravel\framework\src\Illuminate\Database\Migrations\Migrator.php(189): Illuminate\Database\Migrations\Migrator->resolve('2020_03_19_1950...')
#1 C:\xampp\htdocs\pizza-prices\vendor\laravel\framework\src\Illuminate\Database\Migrations\Migrator.php(165): Illuminate\Database\Migrations\Migrator->runUp('C:\\xampp\\htdocs...', 15, false)
#2 C:\xampp\htdocs\pizza-prices\vendor\laravel\framework\src\Illuminate\Database\Migrations\Migrator.php(110): Illuminate\Database\Migrations\Migrator->runPending(Array, Array)
#3 C:\xampp\htdocs\pizza-prices\vendor\laravel\framework\src\Illuminate\Database\Console\Migrations\MigrateCommand.php(72): Illuminate\Database\Migrations\Migrator->run(Array, Array)
#4 C:\xampp\htdocs\pizza-prices\vendor\laravel\framework\src\Illuminate\Database\Migrations\Migrator.php(541): Illuminate\Database\Console\Migrations\MigrateCommand->Illuminate\Database\Console\Migrations\{closure}()
#5 C:\xampp\htdocs\pizza-prices\vendor\laravel\framework\src\Illuminate\Database\Console\Migrations\MigrateCommand.php(81): Illuminate\Database\Migrations\Migrator->usingConnection(NULL, Object(Closure))
#6 [internal function]: Illuminate\Database\Console\Migrations\MigrateCommand->handle()
#7 C:\xampp\htdocs\pizza-prices\vendor\laravel\framework\src\Illuminate\Container\BoundMethod.php(32): call_user_func_array(Array, Array)
#8 C:\xampp\htdocs\pizza-prices\vendor\laravel\framework\src\Illuminate\Container\Util.php(36): Illuminate\Container\BoundMethod::Illuminate\Container\{closure}()
#9 C:\xampp\htdocs\pizza-prices\vendor\laravel\framework\src\Illuminate\Container\BoundMethod.php(90): Illuminate\Container\Util::unwrapIfClosure(Object(Closure))
#10 C:\xampp\htdocs\pizza-prices\vendor\laravel\framework\src\Illuminate\Container\BoundMethod.php(34): Illuminate\Container\BoundMethod::callBoundMethod(Object(Illuminate\Foundation\Application), Array, Object(Closure))
#11 C:\xampp\htdocs\pizza-prices\vendor\laravel\framework\src\Illuminate\Container\Container.php(590): Illuminate\Container\BoundMethod::call(Object(Illuminate\Foundation\Application), Array, Array, NULL)
#12 C:\xampp\htdocs\pizza-prices\vendor\laravel\framework\src\Illuminate\Console\Command.php(134): Illuminate\Container\Container->call(Array)
#13 C:\xampp\htdocs\pizza-prices\vendor\symfony\console\Command\Command.php(255): Illuminate\Console\Command->execute(Object(Symfony\Component\Console\Input\ArgvInput), Object(Illuminate\Console\OutputStyle))
#14 C:\xampp\htdocs\pizza-prices\vendor\laravel\framework\src\Illuminate\Console\Command.php(121): Symfony\Component\Console\Command\Command->run(Object(Symfony\Component\Console\Input\ArgvInput), Object(Illuminate\Console\OutputStyle))
#15 C:\xampp\htdocs\pizza-prices\vendor\symfony\console\Application.php(912): Illuminate\Console\Command->run(Object(Symfony\Component\Console\Input\ArgvInput), Object(Symfony\Component\Console\Output\ConsoleOutput))
#16 C:\xampp\htdocs\pizza-prices\vendor\symfony\console\Application.php(264): Symfony\Component\Console\Application->doRunCommand(Object(Illuminate\Database\Console\Migrations\MigrateCommand), Object(Symfony\Component\Console\Input\ArgvInput), Object(Symfony\Component\Console\Output\ConsoleOutput))
#17 C:\xampp\htdocs\pizza-prices\vendor\symfony\console\Application.php(140): Symfony\Component\Console\Application->doRun(Object(Symfony\Component\Console\Input\ArgvInput), Object(Symfony\Component\Console\Output\ConsoleOutput))
#18 C:\xampp\htdocs\pizza-prices\vendor\laravel\framework\src\Illuminate\Console\Application.php(93): Symfony\Component\Console\Application->run(Object(Symfony\Component\Console\Input\ArgvInput), Object(Symfony\Component\Console\Output\ConsoleOutput))
#19 C:\xampp\htdocs\pizza-prices\vendor\laravel\framework\src\Illuminate\Foundation\Console\Kernel.php(130): Illuminate\Console\Application->run(Object(Symfony\Component\Console\Input\ArgvInput), Object(Symfony\Component\Console\Output\ConsoleOutput))
#20 C:\xampp\htdocs\pizza-prices\artisan(37): Illuminate\Foundation\Console\Kernel->handle(Object(Symfony\Component\Console\Input\ArgvInput), Object(Symfony\Component\Console\Output\ConsoleOutput))
#21 {main}Error: Class 'AddTitleRegexptoShema' not found in C:\xampp\htdocs\pizza-prices\vendor\laravel\framework\src\Illuminate\Database\Migrations\Migrator.php:453
Stack trace:
#0 C:\xampp\htdocs\pizza-prices\vendor\laravel\framework\src\Illuminate\Database\Migrations\Migrator.php(189): Illuminate\Database\Migrations\Migrator->resolve('2020_03_19_1950...')
#1 C:\xampp\htdocs\pizza-prices\vendor\laravel\framework\src\Illuminate\Database\Migrations\Migrator.php(165): Illuminate\Database\Migrations\Migrator->runUp('C:\\xampp\\htdocs...', 14, false)
#2 C:\xampp\htdocs\pizza-prices\vendor\laravel\framework\src\Illuminate\Database\Migrations\Migrator.php(110): Illuminate\Database\Migrations\Migrator->runPending(Array, Array)
#3 C:\xampp\htdocs\pizza-prices\vendor\laravel\framework\src\Illuminate\Database\Console\Migrations\MigrateCommand.php(72): Illuminate\Database\Migrations\Migrator->run(Array, Array)
#4 C:\xampp\htdocs\pizza-prices\vendor\laravel\framework\src\Illuminate\Database\Migrations\Migrator.php(541): Illuminate\Database\Console\Migrations\MigrateCommand->Illuminate\Database\Console\Migrations\{closure}()
#5 C:\xampp\htdocs\pizza-prices\vendor\laravel\framework\src\Illuminate\Database\Console\Migrations\MigrateCommand.php(81): Illuminate\Database\Migrations\Migrator->usingConnection(NULL, Object(Closure))
#6 [internal function]: Illuminate\Database\Console\Migrations\MigrateCommand->handle()
#7 C:\xampp\htdocs\pizza-prices\vendor\laravel\framework\src\Illuminate\Container\BoundMethod.php(32): call_user_func_array(Array, Array)
#8 C:\xampp\htdocs\pizza-prices\vendor\laravel\framework\src\Illuminate\Container\Util.php(36): Illuminate\Container\BoundMethod::Illuminate\Container\{closure}()
#9 C:\xampp\htdocs\pizza-prices\vendor\laravel\framework\src\Illuminate\Container\BoundMethod.php(90): Illuminate\Container\Util::unwrapIfClosure(Object(Closure))
#10 C:\xampp\htdocs\pizza-prices\vendor\laravel\framework\src\Illuminate\Container\BoundMethod.php(34): Illuminate\Container\BoundMethod::callBoundMethod(Object(Illuminate\Foundation\Application), Array, Object(Closure))
#11 C:\xampp\htdocs\pizza-prices\vendor\laravel\framework\src\Illuminate\Container\Container.php(590): Illuminate\Container\BoundMethod::call(Object(Illuminate\Foundation\Application), Array, Array, NULL)
#12 C:\xampp\htdocs\pizza-prices\vendor\laravel\framework\src\Illuminate\Console\Command.php(134): Illuminate\Container\Container->call(Array)
#13 C:\xampp\htdocs\pizza-prices\vendor\symfony\console\Command\Command.php(255): Illuminate\Console\Command->execute(Object(Symfony\Component\Console\Input\ArgvInput), Object(Illuminate\Console\OutputStyle))
#14 C:\xampp\htdocs\pizza-prices\vendor\laravel\framework\src\Illuminate\Console\Command.php(121): Symfony\Component\Console\Command\Command->run(Object(Symfony\Component\Console\Input\ArgvInput), Object(Illuminate\Console\OutputStyle))
#15 C:\xampp\htdocs\pizza-prices\vendor\symfony\console\Application.php(912): Illuminate\Console\Command->run(Object(Symfony\Component\Console\Input\ArgvInput), Object(Symfony\Component\Console\Output\ConsoleOutput))
#16 C:\xampp\htdocs\pizza-prices\vendor\symfony\console\Application.php(264): Symfony\Component\Console\Application->doRunCommand(Object(Illuminate\Database\Console\Migrations\MigrateCommand), Object(Symfony\Component\Console\Input\ArgvInput), Object(Symfony\Component\Console\Output\ConsoleOutput))
#17 C:\xampp\htdocs\pizza-prices\vendor\symfony\console\Application.php(140): Symfony\Component\Console\Application->doRun(Object(Symfony\Component\Console\Input\ArgvInput), Object(Symfony\Component\Console\Output\ConsoleOutput))
#18 C:\xampp\htdocs\pizza-prices\vendor\laravel\framework\src\Illuminate\Console\Application.php(93): Symfony\Component\Console\Application->run(Object(Symfony\Component\Console\Input\ArgvInput), Object(Symfony\Component\Console\Output\ConsoleOutput))
#19 C:\xampp\htdocs\pizza-prices\vendor\laravel\framework\src\Illuminate\Foundation\Console\Kernel.php(130): Illuminate\Console\Application->run(Object(Symfony\Component\Console\Input\ArgvInput), Object(Symfony\Component\Console\Output\ConsoleOutput))
#20 C:\xampp\htdocs\pizza-prices\artisan(37): Illuminate\Foundation\Console\Kernel->handle(Object(Symfony\Component\Console\Input\ArgvInput), Object(Symfony\Component\Console\Output\ConsoleOutput))
#21 {main}PDOException: SQLSTATE[42S21]: Column already exists: 1060 Duplicate column name 'title_regexp' in C:\xampp\htdocs\pizza-prices\vendor\laravel\framework\src\Illuminate\Database\Connection.php:463
Stack trace:
#0 C:\xampp\htdocs\pizza-prices\vendor\laravel\framework\src\Illuminate\Database\Connection.php(463): PDOStatement->execute()
#1 C:\xampp\htdocs\pizza-prices\vendor\laravel\framework\src\Illuminate\Database\Connection.php(662): Illuminate\Database\Connection->Illuminate\Database\{closure}('alter table `it...', Array)
#2 C:\xampp\htdocs\pizza-prices\vendor\laravel\framework\src\Illuminate\Database\Connection.php(629): Illuminate\Database\Connection->runQueryCallback('alter table `it...', Array, Object(Closure))
#3 C:\xampp\htdocs\pizza-prices\vendor\laravel\framework\src\Illuminate\Database\Connection.php(464): Illuminate\Database\Connection->run('alter table `it...', Array, Object(Closure))
#4 C:\xampp\htdocs\pizza-prices\vendor\laravel\framework\src\Illuminate\Database\Schema\Blueprint.php(97): Illuminate\Database\Connection->statement('alter table `it...')
#5 C:\xampp\htdocs\pizza-prices\vendor\laravel\framework\src\Illuminate\Database\Schema\Builder.php(290): Illuminate\Database\Schema\Blueprint->build(Object(Illuminate\Database\MySqlConnection), Object(Illuminate\Database\Schema\Grammars\MySqlGrammar))
#6 C:\xampp\htdocs\pizza-prices\vendor\laravel\framework\src\Illuminate\Database\Schema\Builder.php(151): Illuminate\Database\Schema\Builder->build(Object(Illuminate\Database\Schema\Blueprint))
#7 C:\xampp\htdocs\pizza-prices\vendor\laravel\framework\src\Illuminate\Support\Facades\Facade.php(261): Illuminate\Database\Schema\Builder->table('item_schema', Object(Closure))
#8 C:\xampp\htdocs\pizza-prices\database\migrations\2020_03_19_195013_add_title_regexpto_shema.php(18): Illuminate\Support\Facades\Facade::__callStatic('table', Array)
#9 C:\xampp\htdocs\pizza-prices\vendor\laravel\framework\src\Illuminate\Database\Migrations\Migrator.php(392): AddTitleRegexptoShema->up()
#10 C:\xampp\htdocs\pizza-prices\vendor\laravel\framework\src\Illuminate\Database\Migrations\Migrator.php(401): Illuminate\Database\Migrations\Migrator->Illuminate\Database\Migrations\{closure}()
#11 C:\xampp\htdocs\pizza-prices\vendor\laravel\framework\src\Illuminate\Database\Migrations\Migrator.php(200): Illuminate\Database\Migrations\Migrator->runMigration(Object(AddTitleRegexptoShema), 'up')
#12 C:\xampp\htdocs\pizza-prices\vendor\laravel\framework\src\Illuminate\Database\Migrations\Migrator.php(165): Illuminate\Database\Migrations\Migrator->runUp('C:\\xampp\\htdocs...', 14, false)
#13 C:\xampp\htdocs\pizza-prices\vendor\laravel\framework\src\Illuminate\Database\Migrations\Migrator.php(110): Illuminate\Database\Migrations\Migrator->runPending(Array, Array)
#14 C:\xampp\htdocs\pizza-prices\vendor\laravel\framework\src\Illuminate\Database\Console\Migrations\MigrateCommand.php(72): Illuminate\Database\Migrations\Migrator->run(Array, Array)
#15 C:\xampp\htdocs\pizza-prices\vendor\laravel\framework\src\Illuminate\Database\Migrations\Migrator.php(541): Illuminate\Database\Console\Migrations\MigrateCommand->Illuminate\Database\Console\Migrations\{closure}()
#16 C:\xampp\htdocs\pizza-prices\vendor\laravel\framework\src\Illuminate\Database\Console\Migrations\MigrateCommand.php(81): Illuminate\Database\Migrations\Migrator->usingConnection(NULL, Object(Closure))
#17 [internal function]: Illuminate\Database\Console\Migrations\MigrateCommand->handle()
#18 C:\xampp\htdocs\pizza-prices\vendor\laravel\framework\src\Illuminate\Container\BoundMethod.php(32): call_user_func_array(Array, Array)
#19 C:\xampp\htdocs\pizza-prices\vendor\laravel\framework\src\Illuminate\Container\Util.php(36): Illuminate\Container\BoundMethod::Illuminate\Container\{closure}()
#20 C:\xampp\htdocs\pizza-prices\vendor\laravel\framework\src\Illuminate\Container\BoundMethod.php(90): Illuminate\Container\Util::unwrapIfClosure(Object(Closure))
#21 C:\xampp\htdocs\pizza-prices\vendor\laravel\framework\src\Illuminate\Container\BoundMethod.php(34): Illuminate\Container\BoundMethod::callBoundMethod(Object(Illuminate\Foundation\Application), Array, Object(Closure))
#22 C:\xampp\htdocs\pizza-prices\vendor\laravel\framework\src\Illuminate\Container\Container.php(590): Illuminate\Container\BoundMethod::call(Object(Illuminate\Foundation\Application), Array, Array, NULL)
#23 C:\xampp\htdocs\pizza-prices\vendor\laravel\framework\src\Illuminate\Console\Command.php(134): Illuminate\Container\Container->call(Array)
#24 C:\xampp\htdocs\pizza-prices\vendor\symfony\console\Command\Command.php(255): Illuminate\Console\Command->execute(Object(Symfony\Component\Console\Input\ArgvInput), Object(Illuminate\Console\OutputStyle))
#25 C:\xampp\htdocs\pizza-prices\vendor\laravel\framework\src\Illuminate\Console\Command.php(121): Symfony\Component\Console\Command\Command->run(Object(Symfony\Component\Console\Input\ArgvInput), Object(Illuminate\Console\OutputStyle))
#26 C:\xampp\htdocs\pizza-prices\vendor\symfony\console\Application.php(912): Illuminate\Console\Command->run(Object(Symfony\Component\Console\Input\ArgvInput), Object(Symfony\Component\Console\Output\ConsoleOutput))
#27 C:\xampp\htdocs\pizza-prices\vendor\symfony\console\Application.php(264): Symfony\Component\Console\Application->doRunCommand(Object(Illuminate\Database\Console\Migrations\MigrateCommand), Object(Symfony\Component\Console\Input\ArgvInput), Object(Symfony\Component\Console\Output\ConsoleOutput))
#28 C:\xampp\htdocs\pizza-prices\vendor\symfony\console\Application.php(140): Symfony\Component\Console\Application->doRun(Object(Symfony\Component\Console\Input\ArgvInput), Object(Symfony\Component\Console\Output\ConsoleOutput))
#29 C:\xampp\htdocs\pizza-prices\vendor\laravel\framework\src\Illuminate\Console\Application.php(93): Symfony\Component\Console\Application->run(Object(Symfony\Component\Console\Input\ArgvInput), Object(Symfony\Component\Console\Output\ConsoleOutput))
#30 C:\xampp\htdocs\pizza-prices\vendor\laravel\framework\src\Illuminate\Foundation\Console\Kernel.php(130): Illuminate\Console\Application->run(Object(Symfony\Component\Console\Input\ArgvInput), Object(Symfony\Component\Console\Output\ConsoleOutput))
#31 C:\xampp\htdocs\pizza-prices\artisan(37): Illuminate\Foundation\Console\Kernel->handle(Object(Symfony\Component\Console\Input\ArgvInput), Object(Symfony\Component\Console\Output\ConsoleOutput))
#32 {main}

Next Illuminate\Database\QueryException: SQLSTATE[42S21]: Column already exists: 1060 Duplicate column name 'title_regexp' (SQL: alter table `item_schema` add `title_regexp` text null) in C:\xampp\htdocs\pizza-prices\vendor\laravel\framework\src\Illuminate\Database\Connection.php:669
Stack trace:
#0 C:\xampp\htdocs\pizza-prices\vendor\laravel\framework\src\Illuminate\Database\Connection.php(629): Illuminate\Database\Connection->runQueryCallback('alter table `it...', Array, Object(Closure))
#1 C:\xampp\htdocs\pizza-prices\vendor\laravel\framework\src\Illuminate\Database\Connection.php(464): Illuminate\Database\Connection->run('alter table `it...', Array, Object(Closure))
#2 C:\xampp\htdocs\pizza-prices\vendor\laravel\framework\src\Illuminate\Database\Schema\Blueprint.php(97): Illuminate\Database\Connection->statement('alter table `it...')
#3 C:\xampp\htdocs\pizza-prices\vendor\laravel\framework\src\Illuminate\Database\Schema\Builder.php(290): Illuminate\Database\Schema\Blueprint->build(Object(Illuminate\Database\MySqlConnection), Object(Illuminate\Database\Schema\Grammars\MySqlGrammar))
#4 C:\xampp\htdocs\pizza-prices\vendor\laravel\framework\src\Illuminate\Database\Schema\Builder.php(151): Illuminate\Database\Schema\Builder->build(Object(Illuminate\Database\Schema\Blueprint))
#5 C:\xampp\htdocs\pizza-prices\vendor\laravel\framework\src\Illuminate\Support\Facades\Facade.php(261): Illuminate\Database\Schema\Builder->table('item_schema', Object(Closure))
#6 C:\xampp\htdocs\pizza-prices\database\migrations\2020_03_19_195013_add_title_regexpto_shema.php(18): Illuminate\Support\Facades\Facade::__callStatic('table', Array)
#7 C:\xampp\htdocs\pizza-prices\vendor\laravel\framework\src\Illuminate\Database\Migrations\Migrator.php(392): AddTitleRegexptoShema->up()
#8 C:\xampp\htdocs\pizza-prices\vendor\laravel\framework\src\Illuminate\Database\Migrations\Migrator.php(401): Illuminate\Database\Migrations\Migrator->Illuminate\Database\Migrations\{closure}()
#9 C:\xampp\htdocs\pizza-prices\vendor\laravel\framework\src\Illuminate\Database\Migrations\Migrator.php(200): Illuminate\Database\Migrations\Migrator->runMigration(Object(AddTitleRegexptoShema), 'up')
#10 C:\xampp\htdocs\pizza-prices\vendor\laravel\framework\src\Illuminate\Database\Migrations\Migrator.php(165): Illuminate\Database\Migrations\Migrator->runUp('C:\\xampp\\htdocs...', 14, false)
#11 C:\xampp\htdocs\pizza-prices\vendor\laravel\framework\src\Illuminate\Database\Migrations\Migrator.php(110): Illuminate\Database\Migrations\Migrator->runPending(Array, Array)
#12 C:\xampp\htdocs\pizza-prices\vendor\laravel\framework\src\Illuminate\Database\Console\Migrations\MigrateCommand.php(72): Illuminate\Database\Migrations\Migrator->run(Array, Array)
#13 C:\xampp\htdocs\pizza-prices\vendor\laravel\framework\src\Illuminate\Database\Migrations\Migrator.php(541): Illuminate\Database\Console\Migrations\MigrateCommand->Illuminate\Database\Console\Migrations\{closure}()
#14 C:\xampp\htdocs\pizza-prices\vendor\laravel\framework\src\Illuminate\Database\Console\Migrations\MigrateCommand.php(81): Illuminate\Database\Migrations\Migrator->usingConnection(NULL, Object(Closure))
#15 [internal function]: Illuminate\Database\Console\Migrations\MigrateCommand->handle()
#16 C:\xampp\htdocs\pizza-prices\vendor\laravel\framework\src\Illuminate\Container\BoundMethod.php(32): call_user_func_array(Array, Array)
#17 C:\xampp\htdocs\pizza-prices\vendor\laravel\framework\src\Illuminate\Container\Util.php(36): Illuminate\Container\BoundMethod::Illuminate\Container\{closure}()
#18 C:\xampp\htdocs\pizza-prices\vendor\laravel\framework\src\Illuminate\Container\BoundMethod.php(90): Illuminate\Container\Util::unwrapIfClosure(Object(Closure))
#19 C:\xampp\htdocs\pizza-prices\vendor\laravel\framework\src\Illuminate\Container\BoundMethod.php(34): Illuminate\Container\BoundMethod::callBoundMethod(Object(Illuminate\Foundation\Application), Array, Object(Closure))
#20 C:\xampp\htdocs\pizza-prices\vendor\laravel\framework\src\Illuminate\Container\Container.php(590): Illuminate\Container\BoundMethod::call(Object(Illuminate\Foundation\Application), Array, Array, NULL)
#21 C:\xampp\htdocs\pizza-prices\vendor\laravel\framework\src\Illuminate\Console\Command.php(134): Illuminate\Container\Container->call(Array)
#22 C:\xampp\htdocs\pizza-prices\vendor\symfony\console\Command\Command.php(255): Illuminate\Console\Command->execute(Object(Symfony\Component\Console\Input\ArgvInput), Object(Illuminate\Console\OutputStyle))
#23 C:\xampp\htdocs\pizza-prices\vendor\laravel\framework\src\Illuminate\Console\Command.php(121): Symfony\Component\Console\Command\Command->run(Object(Symfony\Component\Console\Input\ArgvInput), Object(Illuminate\Console\OutputStyle))
#24 C:\xampp\htdocs\pizza-prices\vendor\symfony\console\Application.php(912): Illuminate\Console\Command->run(Object(Symfony\Component\Console\Input\ArgvInput), Object(Symfony\Component\Console\Output\ConsoleOutput))
#25 C:\xampp\htdocs\pizza-prices\vendor\symfony\console\Application.php(264): Symfony\Component\Console\Application->doRunCommand(Object(Illuminate\Database\Console\Migrations\MigrateCommand), Object(Symfony\Component\Console\Input\ArgvInput), Object(Symfony\Component\Console\Output\ConsoleOutput))
#26 C:\xampp\htdocs\pizza-prices\vendor\symfony\console\Application.php(140): Symfony\Component\Console\Application->doRun(Object(Symfony\Component\Console\Input\ArgvInput), Object(Symfony\Component\Console\Output\ConsoleOutput))
#27 C:\xampp\htdocs\pizza-prices\vendor\laravel\framework\src\Illuminate\Console\Application.php(93): Symfony\Component\Console\Application->run(Object(Symfony\Component\Console\Input\ArgvInput), Object(Symfony\Component\Console\Output\ConsoleOutput))
#28 C:\xampp\htdocs\pizza-prices\vendor\laravel\framework\src\Illuminate\Foundation\Console\Kernel.php(130): Illuminate\Console\Application->run(Object(Symfony\Component\Console\Input\ArgvInput), Object(Symfony\Component\Console\Output\ConsoleOutput))
#29 C:\xampp\htdocs\pizza-prices\artisan(37): Illuminate\Foundation\Console\Kernel->handle(Object(Symfony\Component\Console\Input\ArgvInput), Object(Symfony\Component\Console\Output\ConsoleOutput))
#30 {main}ReflectionException: Class UsersTableSeeder does not exist in C:\xampp\htdocs\pizza-prices\vendor\laravel\framework\src\Illuminate\Container\Container.php:803
Stack trace:
#0 C:\xampp\htdocs\pizza-prices\vendor\laravel\framework\src\Illuminate\Container\Container.php(803): ReflectionClass->__construct('UsersTableSeede...')
#1 C:\xampp\htdocs\pizza-prices\vendor\laravel\framework\src\Illuminate\Container\Container.php(681): Illuminate\Container\Container->build('UsersTableSeede...')
#2 C:\xampp\htdocs\pizza-prices\vendor\laravel\framework\src\Illuminate\Foundation\Application.php(787): Illuminate\Container\Container->resolve('UsersTableSeede...', Array, true)
#3 C:\xampp\htdocs\pizza-prices\vendor\laravel\framework\src\Illuminate\Container\Container.php(629): Illuminate\Foundation\Application->resolve('UsersTableSeede...', Array)
#4 C:\xampp\htdocs\pizza-prices\vendor\laravel\framework\src\Illuminate\Foundation\Application.php(772): Illuminate\Container\Container->make('UsersTableSeede...', Array)
#5 C:\xampp\htdocs\pizza-prices\vendor\laravel\framework\src\Illuminate\Database\Seeder.php(80): Illuminate\Foundation\Application->make('UsersTableSeede...')
#6 C:\xampp\htdocs\pizza-prices\vendor\laravel\framework\src\Illuminate\Database\Seeder.php(38): Illuminate\Database\Seeder->resolve('UsersTableSeede...')
#7 C:\xampp\htdocs\pizza-prices\database\seeds\DatabaseSeeder.php(14): Illuminate\Database\Seeder->call('UsersTableSeede...')
#8 [internal function]: DatabaseSeeder->run()
#9 C:\xampp\htdocs\pizza-prices\vendor\laravel\framework\src\Illuminate\Container\BoundMethod.php(32): call_user_func_array(Array, Array)
#10 C:\xampp\htdocs\pizza-prices\vendor\laravel\framework\src\Illuminate\Container\Util.php(36): Illuminate\Container\BoundMethod::Illuminate\Container\{closure}()
#11 C:\xampp\htdocs\pizza-prices\vendor\laravel\framework\src\Illuminate\Container\BoundMethod.php(90): Illuminate\Container\Util::unwrapIfClosure(Object(Closure))
#12 C:\xampp\htdocs\pizza-prices\vendor\laravel\framework\src\Illuminate\Container\BoundMethod.php(34): Illuminate\Container\BoundMethod::callBoundMethod(Object(Illuminate\Foundation\Application), Array, Object(Closure))
#13 C:\xampp\htdocs\pizza-prices\vendor\laravel\framework\src\Illuminate\Container\Container.php(590): Illuminate\Container\BoundMethod::call(Object(Illuminate\Foundation\Application), Array, Array, NULL)
#14 C:\xampp\htdocs\pizza-prices\vendor\laravel\framework\src\Illuminate\Database\Seeder.php(134): Illuminate\Container\Container->call(Array)
#15 C:\xampp\htdocs\pizza-prices\vendor\laravel\framework\src\Illuminate\Database\Console\Seeds\SeedCommand.php(65): Illuminate\Database\Seeder->__invoke()
#16 C:\xampp\htdocs\pizza-prices\vendor\laravel\framework\src\Illuminate\Database\Eloquent\Concerns\GuardsAttributes.php(122): Illuminate\Database\Console\Seeds\SeedCommand->Illuminate\Database\Console\Seeds\{closure}()
#17 C:\xampp\htdocs\pizza-prices\vendor\laravel\framework\src\Illuminate\Database\Console\Seeds\SeedCommand.php(66): Illuminate\Database\Eloquent\Model::unguarded(Object(Closure))
#18 [internal function]: Illuminate\Database\Console\Seeds\SeedCommand->handle()
#19 C:\xampp\htdocs\pizza-prices\vendor\laravel\framework\src\Illuminate\Container\BoundMethod.php(32): call_user_func_array(Array, Array)
#20 C:\xampp\htdocs\pizza-prices\vendor\laravel\framework\src\Illuminate\Container\Util.php(36): Illuminate\Container\BoundMethod::Illuminate\Container\{closure}()
#21 C:\xampp\htdocs\pizza-prices\vendor\laravel\framework\src\Illuminate\Container\BoundMethod.php(90): Illuminate\Container\Util::unwrapIfClosure(Object(Closure))
#22 C:\xampp\htdocs\pizza-prices\vendor\laravel\framework\src\Illuminate\Container\BoundMethod.php(34): Illuminate\Container\BoundMethod::callBoundMethod(Object(Illuminate\Foundation\Application), Array, Object(Closure))
#23 C:\xampp\htdocs\pizza-prices\vendor\laravel\framework\src\Illuminate\Container\Container.php(590): Illuminate\Container\BoundMethod::call(Object(Illuminate\Foundation\Application), Array, Array, NULL)
#24 C:\xampp\htdocs\pizza-prices\vendor\laravel\framework\src\Illuminate\Console\Command.php(134): Illuminate\Container\Container->call(Array)
#25 C:\xampp\htdocs\pizza-prices\vendor\symfony\console\Command\Command.php(255): Illuminate\Console\Command->execute(Object(Symfony\Component\Console\Input\ArgvInput), Object(Illuminate\Console\OutputStyle))
#26 C:\xampp\htdocs\pizza-prices\vendor\laravel\framework\src\Illuminate\Console\Command.php(121): Symfony\Component\Console\Command\Command->run(Object(Symfony\Component\Console\Input\ArgvInput), Object(Illuminate\Console\OutputStyle))
#27 C:\xampp\htdocs\pizza-prices\vendor\symfony\console\Application.php(912): Illuminate\Console\Command->run(Object(Symfony\Component\Console\Input\ArgvInput), Object(Symfony\Component\Console\Output\ConsoleOutput))
#28 C:\xampp\htdocs\pizza-prices\vendor\symfony\console\Application.php(264): Symfony\Component\Console\Application->doRunCommand(Object(Illuminate\Database\Console\Seeds\SeedCommand), Object(Symfony\Component\Console\Input\ArgvInput), Object(Symfony\Component\Console\Output\ConsoleOutput))
#29 C:\xampp\htdocs\pizza-prices\vendor\symfony\console\Application.php(140): Symfony\Component\Console\Application->doRun(Object(Symfony\Component\Console\Input\ArgvInput), Object(Symfony\Component\Console\Output\ConsoleOutput))
#30 C:\xampp\htdocs\pizza-prices\vendor\laravel\framework\src\Illuminate\Console\Application.php(93): Symfony\Component\Console\Application->run(Object(Symfony\Component\Console\Input\ArgvInput), Object(Symfony\Component\Console\Output\ConsoleOutput))
#31 C:\xampp\htdocs\pizza-prices\vendor\laravel\framework\src\Illuminate\Foundation\Console\Kernel.php(130): Illuminate\Console\Application->run(Object(Symfony\Component\Console\Input\ArgvInput), Object(Symfony\Component\Console\Output\ConsoleOutput))
#32 C:\xampp\htdocs\pizza-prices\artisan(37): Illuminate\Foundation\Console\Kernel->handle(Object(Symfony\Component\Console\Input\ArgvInput), Object(Symfony\Component\Console\Output\ConsoleOutput))
#33 {main}

Next Illuminate\Contracts\Container\BindingResolutionException: Target class [UsersTableSeeder] does not exist. in C:\xampp\htdocs\pizza-prices\vendor\laravel\framework\src\Illuminate\Container\Container.php:805
Stack trace:
#0 C:\xampp\htdocs\pizza-prices\vendor\laravel\framework\src\Illuminate\Container\Container.php(681): Illuminate\Container\Container->build('UsersTableSeede...')
#1 C:\xampp\htdocs\pizza-prices\vendor\laravel\framework\src\Illuminate\Foundation\Application.php(787): Illuminate\Container\Container->resolve('UsersTableSeede...', Array, true)
#2 C:\xampp\htdocs\pizza-prices\vendor\laravel\framework\src\Illuminate\Container\Container.php(629): Illuminate\Foundation\Application->resolve('UsersTableSeede...', Array)
#3 C:\xampp\htdocs\pizza-prices\vendor\laravel\framework\src\Illuminate\Foundation\Application.php(772): Illuminate\Container\Container->make('UsersTableSeede...', Array)
#4 C:\xampp\htdocs\pizza-prices\vendor\laravel\framework\src\Illuminate\Database\Seeder.php(80): Illuminate\Foundation\Application->make('UsersTableSeede...')
#5 C:\xampp\htdocs\pizza-prices\vendor\laravel\framework\src\Illuminate\Database\Seeder.php(38): Illuminate\Database\Seeder->resolve('UsersTableSeede...')
#6 C:\xampp\htdocs\pizza-prices\database\seeds\DatabaseSeeder.php(14): Illuminate\Database\Seeder->call('UsersTableSeede...')
#7 [internal function]: DatabaseSeeder->run()
#8 C:\xampp\htdocs\pizza-prices\vendor\laravel\framework\src\Illuminate\Container\BoundMethod.php(32): call_user_func_array(Array, Array)
#9 C:\xampp\htdocs\pizza-prices\vendor\laravel\framework\src\Illuminate\Container\Util.php(36): Illuminate\Container\BoundMethod::Illuminate\Container\{closure}()
#10 C:\xampp\htdocs\pizza-prices\vendor\laravel\framework\src\Illuminate\Container\BoundMethod.php(90): Illuminate\Container\Util::unwrapIfClosure(Object(Closure))
#11 C:\xampp\htdocs\pizza-prices\vendor\laravel\framework\src\Illuminate\Container\BoundMethod.php(34): Illuminate\Container\BoundMethod::callBoundMethod(Object(Illuminate\Foundation\Application), Array, Object(Closure))
#12 C:\xampp\htdocs\pizza-prices\vendor\laravel\framework\src\Illuminate\Container\Container.php(590): Illuminate\Container\BoundMethod::call(Object(Illuminate\Foundation\Application), Array, Array, NULL)
#13 C:\xampp\htdocs\pizza-prices\vendor\laravel\framework\src\Illuminate\Database\Seeder.php(134): Illuminate\Container\Container->call(Array)
#14 C:\xampp\htdocs\pizza-prices\vendor\laravel\framework\src\Illuminate\Database\Console\Seeds\SeedCommand.php(65): Illuminate\Database\Seeder->__invoke()
#15 C:\xampp\htdocs\pizza-prices\vendor\laravel\framework\src\Illuminate\Database\Eloquent\Concerns\GuardsAttributes.php(122): Illuminate\Database\Console\Seeds\SeedCommand->Illuminate\Database\Console\Seeds\{closure}()
#16 C:\xampp\htdocs\pizza-prices\vendor\laravel\framework\src\Illuminate\Database\Console\Seeds\SeedCommand.php(66): Illuminate\Database\Eloquent\Model::unguarded(Object(Closure))
#17 [internal function]: Illuminate\Database\Console\Seeds\SeedCommand->handle()
#18 C:\xampp\htdocs\pizza-prices\vendor\laravel\framework\src\Illuminate\Container\BoundMethod.php(32): call_user_func_array(Array, Array)
#19 C:\xampp\htdocs\pizza-prices\vendor\laravel\framework\src\Illuminate\Container\Util.php(36): Illuminate\Container\BoundMethod::Illuminate\Container\{closure}()
#20 C:\xampp\htdocs\pizza-prices\vendor\laravel\framework\src\Illuminate\Container\BoundMethod.php(90): Illuminate\Container\Util::unwrapIfClosure(Object(Closure))
#21 C:\xampp\htdocs\pizza-prices\vendor\laravel\framework\src\Illuminate\Container\BoundMethod.php(34): Illuminate\Container\BoundMethod::callBoundMethod(Object(Illuminate\Foundation\Application), Array, Object(Closure))
#22 C:\xampp\htdocs\pizza-prices\vendor\laravel\framework\src\Illuminate\Container\Container.php(590): Illuminate\Container\BoundMethod::call(Object(Illuminate\Foundation\Application), Array, Array, NULL)
#23 C:\xampp\htdocs\pizza-prices\vendor\laravel\framework\src\Illuminate\Console\Command.php(134): Illuminate\Container\Container->call(Array)
#24 C:\xampp\htdocs\pizza-prices\vendor\symfony\console\Command\Command.php(255): Illuminate\Console\Command->execute(Object(Symfony\Component\Console\Input\ArgvInput), Object(Illuminate\Console\OutputStyle))
#25 C:\xampp\htdocs\pizza-prices\vendor\laravel\framework\src\Illuminate\Console\Command.php(121): Symfony\Component\Console\Command\Command->run(Object(Symfony\Component\Console\Input\ArgvInput), Object(Illuminate\Console\OutputStyle))
#26 C:\xampp\htdocs\pizza-prices\vendor\symfony\console\Application.php(912): Illuminate\Console\Command->run(Object(Symfony\Component\Console\Input\ArgvInput), Object(Symfony\Component\Console\Output\ConsoleOutput))
#27 C:\xampp\htdocs\pizza-prices\vendor\symfony\console\Application.php(264): Symfony\Component\Console\Application->doRunCommand(Object(Illuminate\Database\Console\Seeds\SeedCommand), Object(Symfony\Component\Console\Input\ArgvInput), Object(Symfony\Component\Console\Output\ConsoleOutput))
#28 C:\xampp\htdocs\pizza-prices\vendor\symfony\console\Application.php(140): Symfony\Component\Console\Application->doRun(Object(Symfony\Component\Console\Input\ArgvInput), Object(Symfony\Component\Console\Output\ConsoleOutput))
#29 C:\xampp\htdocs\pizza-prices\vendor\laravel\framework\src\Illuminate\Console\Application.php(93): Symfony\Component\Console\Application->run(Object(Symfony\Component\Console\Input\ArgvInput), Object(Symfony\Component\Console\Output\ConsoleOutput))
#30 C:\xampp\htdocs\pizza-prices\vendor\laravel\framework\src\Illuminate\Foundation\Console\Kernel.php(130): Illuminate\Console\Application->run(Object(Symfony\Component\Console\Input\ArgvInput), Object(Symfony\Component\Console\Output\ConsoleOutput))
#31 C:\xampp\htdocs\pizza-prices\artisan(37): Illuminate\Foundation\Console\Kernel->handle(Object(Symfony\Component\Console\Input\ArgvInput), Object(Symfony\Component\Console\Output\ConsoleOutput))
#32 {main}ReflectionException: Class UsersTableSeeder does not exist in C:\xampp\htdocs\pizza-prices\vendor\laravel\framework\src\Illuminate\Container\Container.php:803
Stack trace:
#0 C:\xampp\htdocs\pizza-prices\vendor\laravel\framework\src\Illuminate\Container\Container.php(803): ReflectionClass->__construct('UsersTableSeede...')
#1 C:\xampp\htdocs\pizza-prices\vendor\laravel\framework\src\Illuminate\Container\Container.php(681): Illuminate\Container\Container->build('UsersTableSeede...')
#2 C:\xampp\htdocs\pizza-prices\vendor\laravel\framework\src\Illuminate\Foundation\Application.php(787): Illuminate\Container\Container->resolve('UsersTableSeede...', Array, true)
#3 C:\xampp\htdocs\pizza-prices\vendor\laravel\framework\src\Illuminate\Container\Container.php(629): Illuminate\Foundation\Application->resolve('UsersTableSeede...', Array)
#4 C:\xampp\htdocs\pizza-prices\vendor\laravel\framework\src\Illuminate\Foundation\Application.php(772): Illuminate\Container\Container->make('UsersTableSeede...', Array)
#5 C:\xampp\htdocs\pizza-prices\vendor\laravel\framework\src\Illuminate\Database\Seeder.php(80): Illuminate\Foundation\Application->make('UsersTableSeede...')
#6 C:\xampp\htdocs\pizza-prices\vendor\laravel\framework\src\Illuminate\Database\Seeder.php(38): Illuminate\Database\Seeder->resolve('UsersTableSeede...')
#7 C:\xampp\htdocs\pizza-prices\database\seeds\DatabaseSeeder.php(14): Illuminate\Database\Seeder->call('UsersTableSeede...')
#8 [internal function]: DatabaseSeeder->run()
#9 C:\xampp\htdocs\pizza-prices\vendor\laravel\framework\src\Illuminate\Container\BoundMethod.php(32): call_user_func_array(Array, Array)
#10 C:\xampp\htdocs\pizza-prices\vendor\laravel\framework\src\Illuminate\Container\Util.php(36): Illuminate\Container\BoundMethod::Illuminate\Container\{closure}()
#11 C:\xampp\htdocs\pizza-prices\vendor\laravel\framework\src\Illuminate\Container\BoundMethod.php(90): Illuminate\Container\Util::unwrapIfClosure(Object(Closure))
#12 C:\xampp\htdocs\pizza-prices\vendor\laravel\framework\src\Illuminate\Container\BoundMethod.php(34): Illuminate\Container\BoundMethod::callBoundMethod(Object(Illuminate\Foundation\Application), Array, Object(Closure))
#13 C:\xampp\htdocs\pizza-prices\vendor\laravel\framework\src\Illuminate\Container\Container.php(590): Illuminate\Container\BoundMethod::call(Object(Illuminate\Foundation\Application), Array, Array, NULL)
#14 C:\xampp\htdocs\pizza-prices\vendor\laravel\framework\src\Illuminate\Database\Seeder.php(134): Illuminate\Container\Container->call(Array)
#15 C:\xampp\htdocs\pizza-prices\vendor\laravel\framework\src\Illuminate\Database\Console\Seeds\SeedCommand.php(65): Illuminate\Database\Seeder->__invoke()
#16 C:\xampp\htdocs\pizza-prices\vendor\laravel\framework\src\Illuminate\Database\Eloquent\Concerns\GuardsAttributes.php(122): Illuminate\Database\Console\Seeds\SeedCommand->Illuminate\Database\Console\Seeds\{closure}()
#17 C:\xampp\htdocs\pizza-prices\vendor\laravel\framework\src\Illuminate\Database\Console\Seeds\SeedCommand.php(66): Illuminate\Database\Eloquent\Model::unguarded(Object(Closure))
#18 [internal function]: Illuminate\Database\Console\Seeds\SeedCommand->handle()
#19 C:\xampp\htdocs\pizza-prices\vendor\laravel\framework\src\Illuminate\Container\BoundMethod.php(32): call_user_func_array(Array, Array)
#20 C:\xampp\htdocs\pizza-prices\vendor\laravel\framework\src\Illuminate\Container\Util.php(36): Illuminate\Container\BoundMethod::Illuminate\Container\{closure}()
#21 C:\xampp\htdocs\pizza-prices\vendor\laravel\framework\src\Illuminate\Container\BoundMethod.php(90): Illuminate\Container\Util::unwrapIfClosure(Object(Closure))
#22 C:\xampp\htdocs\pizza-prices\vendor\laravel\framework\src\Illuminate\Container\BoundMethod.php(34): Illuminate\Container\BoundMethod::callBoundMethod(Object(Illuminate\Foundation\Application), Array, Object(Closure))
#23 C:\xampp\htdocs\pizza-prices\vendor\laravel\framework\src\Illuminate\Container\Container.php(590): Illuminate\Container\BoundMethod::call(Object(Illuminate\Foundation\Application), Array, Array, NULL)
#24 C:\xampp\htdocs\pizza-prices\vendor\laravel\framework\src\Illuminate\Console\Command.php(134): Illuminate\Container\Container->call(Array)
#25 C:\xampp\htdocs\pizza-prices\vendor\symfony\console\Command\Command.php(255): Illuminate\Console\Command->execute(Object(Symfony\Component\Console\Input\ArgvInput), Object(Illuminate\Console\OutputStyle))
#26 C:\xampp\htdocs\pizza-prices\vendor\laravel\framework\src\Illuminate\Console\Command.php(121): Symfony\Component\Console\Command\Command->run(Object(Symfony\Component\Console\Input\ArgvInput), Object(Illuminate\Console\OutputStyle))
#27 C:\xampp\htdocs\pizza-prices\vendor\symfony\console\Application.php(912): Illuminate\Console\Command->run(Object(Symfony\Component\Console\Input\ArgvInput), Object(Symfony\Component\Console\Output\ConsoleOutput))
#28 C:\xampp\htdocs\pizza-prices\vendor\symfony\console\Application.php(264): Symfony\Component\Console\Application->doRunCommand(Object(Illuminate\Database\Console\Seeds\SeedCommand), Object(Symfony\Component\Console\Input\ArgvInput), Object(Symfony\Component\Console\Output\ConsoleOutput))
#29 C:\xampp\htdocs\pizza-prices\vendor\symfony\console\Application.php(140): Symfony\Component\Console\Application->doRun(Object(Symfony\Component\Console\Input\ArgvInput), Object(Symfony\Component\Console\Output\ConsoleOutput))
#30 C:\xampp\htdocs\pizza-prices\vendor\laravel\framework\src\Illuminate\Console\Application.php(93): Symfony\Component\Console\Application->run(Object(Symfony\Component\Console\Input\ArgvInput), Object(Symfony\Component\Console\Output\ConsoleOutput))
#31 C:\xampp\htdocs\pizza-prices\vendor\laravel\framework\src\Illuminate\Foundation\Console\Kernel.php(130): Illuminate\Console\Application->run(Object(Symfony\Component\Console\Input\ArgvInput), Object(Symfony\Component\Console\Output\ConsoleOutput))
#32 C:\xampp\htdocs\pizza-prices\artisan(37): Illuminate\Foundation\Console\Kernel->handle(Object(Symfony\Component\Console\Input\ArgvInput), Object(Symfony\Component\Console\Output\ConsoleOutput))
#33 {main}

Next Illuminate\Contracts\Container\BindingResolutionException: Target class [UsersTableSeeder] does not exist. in C:\xampp\htdocs\pizza-prices\vendor\laravel\framework\src\Illuminate\Container\Container.php:805
Stack trace:
#0 C:\xampp\htdocs\pizza-prices\vendor\laravel\framework\src\Illuminate\Container\Container.php(681): Illuminate\Container\Container->build('UsersTableSeede...')
#1 C:\xampp\htdocs\pizza-prices\vendor\laravel\framework\src\Illuminate\Foundation\Application.php(787): Illuminate\Container\Container->resolve('UsersTableSeede...', Array, true)
#2 C:\xampp\htdocs\pizza-prices\vendor\laravel\framework\src\Illuminate\Container\Container.php(629): Illuminate\Foundation\Application->resolve('UsersTableSeede...', Array)
#3 C:\xampp\htdocs\pizza-prices\vendor\laravel\framework\src\Illuminate\Foundation\Application.php(772): Illuminate\Container\Container->make('UsersTableSeede...', Array)
#4 C:\xampp\htdocs\pizza-prices\vendor\laravel\framework\src\Illuminate\Database\Seeder.php(80): Illuminate\Foundation\Application->make('UsersTableSeede...')
#5 C:\xampp\htdocs\pizza-prices\vendor\laravel\framework\src\Illuminate\Database\Seeder.php(38): Illuminate\Database\Seeder->resolve('UsersTableSeede...')
#6 C:\xampp\htdocs\pizza-prices\database\seeds\DatabaseSeeder.php(14): Illuminate\Database\Seeder->call('UsersTableSeede...')
#7 [internal function]: DatabaseSeeder->run()
#8 C:\xampp\htdocs\pizza-prices\vendor\laravel\framework\src\Illuminate\Container\BoundMethod.php(32): call_user_func_array(Array, Array)
#9 C:\xampp\htdocs\pizza-prices\vendor\laravel\framework\src\Illuminate\Container\Util.php(36): Illuminate\Container\BoundMethod::Illuminate\Container\{closure}()
#10 C:\xampp\htdocs\pizza-prices\vendor\laravel\framework\src\Illuminate\Container\BoundMethod.php(90): Illuminate\Container\Util::unwrapIfClosure(Object(Closure))
#11 C:\xampp\htdocs\pizza-prices\vendor\laravel\framework\src\Illuminate\Container\BoundMethod.php(34): Illuminate\Container\BoundMethod::callBoundMethod(Object(Illuminate\Foundation\Application), Array, Object(Closure))
#12 C:\xampp\htdocs\pizza-prices\vendor\laravel\framework\src\Illuminate\Container\Container.php(590): Illuminate\Container\BoundMethod::call(Object(Illuminate\Foundation\Application), Array, Array, NULL)
#13 C:\xampp\htdocs\pizza-prices\vendor\laravel\framework\src\Illuminate\Database\Seeder.php(134): Illuminate\Container\Container->call(Array)
#14 C:\xampp\htdocs\pizza-prices\vendor\laravel\framework\src\Illuminate\Database\Console\Seeds\SeedCommand.php(65): Illuminate\Database\Seeder->__invoke()
#15 C:\xampp\htdocs\pizza-prices\vendor\laravel\framework\src\Illuminate\Database\Eloquent\Concerns\GuardsAttributes.php(122): Illuminate\Database\Console\Seeds\SeedCommand->Illuminate\Database\Console\Seeds\{closure}()
#16 C:\xampp\htdocs\pizza-prices\vendor\laravel\framework\src\Illuminate\Database\Console\Seeds\SeedCommand.php(66): Illuminate\Database\Eloquent\Model::unguarded(Object(Closure))
#17 [internal function]: Illuminate\Database\Console\Seeds\SeedCommand->handle()
#18 C:\xampp\htdocs\pizza-prices\vendor\laravel\framework\src\Illuminate\Container\BoundMethod.php(32): call_user_func_array(Array, Array)
#19 C:\xampp\htdocs\pizza-prices\vendor\laravel\framework\src\Illuminate\Container\Util.php(36): Illuminate\Container\BoundMethod::Illuminate\Container\{closure}()
#20 C:\xampp\htdocs\pizza-prices\vendor\laravel\framework\src\Illuminate\Container\BoundMethod.php(90): Illuminate\Container\Util::unwrapIfClosure(Object(Closure))
#21 C:\xampp\htdocs\pizza-prices\vendor\laravel\framework\src\Illuminate\Container\BoundMethod.php(34): Illuminate\Container\BoundMethod::callBoundMethod(Object(Illuminate\Foundation\Application), Array, Object(Closure))
#22 C:\xampp\htdocs\pizza-prices\vendor\laravel\framework\src\Illuminate\Container\Container.php(590): Illuminate\Container\BoundMethod::call(Object(Illuminate\Foundation\Application), Array, Array, NULL)
#23 C:\xampp\htdocs\pizza-prices\vendor\laravel\framework\src\Illuminate\Console\Command.php(134): Illuminate\Container\Container->call(Array)
#24 C:\xampp\htdocs\pizza-prices\vendor\symfony\console\Command\Command.php(255): Illuminate\Console\Command->execute(Object(Symfony\Component\Console\Input\ArgvInput), Object(Illuminate\Console\OutputStyle))
#25 C:\xampp\htdocs\pizza-prices\vendor\laravel\framework\src\Illuminate\Console\Command.php(121): Symfony\Component\Console\Command\Command->run(Object(Symfony\Component\Console\Input\ArgvInput), Object(Illuminate\Console\OutputStyle))
#26 C:\xampp\htdocs\pizza-prices\vendor\symfony\console\Application.php(912): Illuminate\Console\Command->run(Object(Symfony\Component\Console\Input\ArgvInput), Object(Symfony\Component\Console\Output\ConsoleOutput))
#27 C:\xampp\htdocs\pizza-prices\vendor\symfony\console\Application.php(264): Symfony\Component\Console\Application->doRunCommand(Object(Illuminate\Database\Console\Seeds\SeedCommand), Object(Symfony\Component\Console\Input\ArgvInput), Object(Symfony\Component\Console\Output\ConsoleOutput))
#28 C:\xampp\htdocs\pizza-prices\vendor\symfony\console\Application.php(140): Symfony\Component\Console\Application->doRun(Object(Symfony\Component\Console\Input\ArgvInput), Object(Symfony\Component\Console\Output\ConsoleOutput))
#29 C:\xampp\htdocs\pizza-prices\vendor\laravel\framework\src\Illuminate\Console\Application.php(93): Symfony\Component\Console\Application->run(Object(Symfony\Component\Console\Input\ArgvInput), Object(Symfony\Component\Console\Output\ConsoleOutput))
#30 C:\xampp\htdocs\pizza-prices\vendor\laravel\framework\src\Illuminate\Foundation\Console\Kernel.php(130): Illuminate\Console\Application->run(Object(Symfony\Component\Console\Input\ArgvInput), Object(Symfony\Component\Console\Output\ConsoleOutput))
#31 C:\xampp\htdocs\pizza-prices\artisan(37): Illuminate\Foundation\Console\Kernel->handle(Object(Symfony\Component\Console\Input\ArgvInput), Object(Symfony\Component\Console\Output\ConsoleOutput))
#32 {main}ReflectionException: Class UsersTableSeeder does not exist in C:\xampp\htdocs\pizza-prices\vendor\laravel\framework\src\Illuminate\Container\Container.php:803
Stack trace:
#0 C:\xampp\htdocs\pizza-prices\vendor\laravel\framework\src\Illuminate\Container\Container.php(803): ReflectionClass->__construct('UsersTableSeede...')
#1 C:\xampp\htdocs\pizza-prices\vendor\laravel\framework\src\Illuminate\Container\Container.php(681): Illuminate\Container\Container->build('UsersTableSeede...')
#2 C:\xampp\htdocs\pizza-prices\vendor\laravel\framework\src\Illuminate\Foundation\Application.php(787): Illuminate\Container\Container->resolve('UsersTableSeede...', Array, true)
#3 C:\xampp\htdocs\pizza-prices\vendor\laravel\framework\src\Illuminate\Container\Container.php(629): Illuminate\Foundation\Application->resolve('UsersTableSeede...', Array)
#4 C:\xampp\htdocs\pizza-prices\vendor\laravel\framework\src\Illuminate\Foundation\Application.php(772): Illuminate\Container\Container->make('UsersTableSeede...', Array)
#5 C:\xampp\htdocs\pizza-prices\vendor\laravel\framework\src\Illuminate\Database\Seeder.php(80): Illuminate\Foundation\Application->make('UsersTableSeede...')
#6 C:\xampp\htdocs\pizza-prices\vendor\laravel\framework\src\Illuminate\Database\Seeder.php(38): Illuminate\Database\Seeder->resolve('UsersTableSeede...')
#7 C:\xampp\htdocs\pizza-prices\database\seeds\DatabaseSeeder.php(14): Illuminate\Database\Seeder->call('UsersTableSeede...')
#8 [internal function]: DatabaseSeeder->run()
#9 C:\xampp\htdocs\pizza-prices\vendor\laravel\framework\src\Illuminate\Container\BoundMethod.php(32): call_user_func_array(Array, Array)
#10 C:\xampp\htdocs\pizza-prices\vendor\laravel\framework\src\Illuminate\Container\Util.php(36): Illuminate\Container\BoundMethod::Illuminate\Container\{closure}()
#11 C:\xampp\htdocs\pizza-prices\vendor\laravel\framework\src\Illuminate\Container\BoundMethod.php(90): Illuminate\Container\Util::unwrapIfClosure(Object(Closure))
#12 C:\xampp\htdocs\pizza-prices\vendor\laravel\framework\src\Illuminate\Container\BoundMethod.php(34): Illuminate\Container\BoundMethod::callBoundMethod(Object(Illuminate\Foundation\Application), Array, Object(Closure))
#13 C:\xampp\htdocs\pizza-prices\vendor\laravel\framework\src\Illuminate\Container\Container.php(590): Illuminate\Container\BoundMethod::call(Object(Illuminate\Foundation\Application), Array, Array, NULL)
#14 C:\xampp\htdocs\pizza-prices\vendor\laravel\framework\src\Illuminate\Database\Seeder.php(134): Illuminate\Container\Container->call(Array)
#15 C:\xampp\htdocs\pizza-prices\vendor\laravel\framework\src\Illuminate\Database\Console\Seeds\SeedCommand.php(65): Illuminate\Database\Seeder->__invoke()
#16 C:\xampp\htdocs\pizza-prices\vendor\laravel\framework\src\Illuminate\Database\Eloquent\Concerns\GuardsAttributes.php(122): Illuminate\Database\Console\Seeds\SeedCommand->Illuminate\Database\Console\Seeds\{closure}()
#17 C:\xampp\htdocs\pizza-prices\vendor\laravel\framework\src\Illuminate\Database\Console\Seeds\SeedCommand.php(66): Illuminate\Database\Eloquent\Model::unguarded(Object(Closure))
#18 [internal function]: Illuminate\Database\Console\Seeds\SeedCommand->handle()
#19 C:\xampp\htdocs\pizza-prices\vendor\laravel\framework\src\Illuminate\Container\BoundMethod.php(32): call_user_func_array(Array, Array)
#20 C:\xampp\htdocs\pizza-prices\vendor\laravel\framework\src\Illuminate\Container\Util.php(36): Illuminate\Container\BoundMethod::Illuminate\Container\{closure}()
#21 C:\xampp\htdocs\pizza-prices\vendor\laravel\framework\src\Illuminate\Container\BoundMethod.php(90): Illuminate\Container\Util::unwrapIfClosure(Object(Closure))
#22 C:\xampp\htdocs\pizza-prices\vendor\laravel\framework\src\Illuminate\Container\BoundMethod.php(34): Illuminate\Container\BoundMethod::callBoundMethod(Object(Illuminate\Foundation\Application), Array, Object(Closure))
#23 C:\xampp\htdocs\pizza-prices\vendor\laravel\framework\src\Illuminate\Container\Container.php(590): Illuminate\Container\BoundMethod::call(Object(Illuminate\Foundation\Application), Array, Array, NULL)
#24 C:\xampp\htdocs\pizza-prices\vendor\laravel\framework\src\Illuminate\Console\Command.php(134): Illuminate\Container\Container->call(Array)
#25 C:\xampp\htdocs\pizza-prices\vendor\symfony\console\Command\Command.php(255): Illuminate\Console\Command->execute(Object(Symfony\Component\Console\Input\ArgvInput), Object(Illuminate\Console\OutputStyle))
#26 C:\xampp\htdocs\pizza-prices\vendor\laravel\framework\src\Illuminate\Console\Command.php(121): Symfony\Component\Console\Command\Command->run(Object(Symfony\Component\Console\Input\ArgvInput), Object(Illuminate\Console\OutputStyle))
#27 C:\xampp\htdocs\pizza-prices\vendor\symfony\console\Application.php(912): Illuminate\Console\Command->run(Object(Symfony\Component\Console\Input\ArgvInput), Object(Symfony\Component\Console\Output\ConsoleOutput))
#28 C:\xampp\htdocs\pizza-prices\vendor\symfony\console\Application.php(264): Symfony\Component\Console\Application->doRunCommand(Object(Illuminate\Database\Console\Seeds\SeedCommand), Object(Symfony\Component\Console\Input\ArgvInput), Object(Symfony\Component\Console\Output\ConsoleOutput))
#29 C:\xampp\htdocs\pizza-prices\vendor\symfony\console\Application.php(140): Symfony\Component\Console\Application->doRun(Object(Symfony\Component\Console\Input\ArgvInput), Object(Symfony\Component\Console\Output\ConsoleOutput))
#30 C:\xampp\htdocs\pizza-prices\vendor\laravel\framework\src\Illuminate\Console\Application.php(93): Symfony\Component\Console\Application->run(Object(Symfony\Component\Console\Input\ArgvInput), Object(Symfony\Component\Console\Output\ConsoleOutput))
#31 C:\xampp\htdocs\pizza-prices\vendor\laravel\framework\src\Illuminate\Foundation\Console\Kernel.php(130): Illuminate\Console\Application->run(Object(Symfony\Component\Console\Input\ArgvInput), Object(Symfony\Component\Console\Output\ConsoleOutput))
#32 C:\xampp\htdocs\pizza-prices\artisan(37): Illuminate\Foundation\Console\Kernel->handle(Object(Symfony\Component\Console\Input\ArgvInput), Object(Symfony\Component\Console\Output\ConsoleOutput))
#33 {main}

Next Illuminate\Contracts\Container\BindingResolutionException: Target class [UsersTableSeeder] does not exist. in C:\xampp\htdocs\pizza-prices\vendor\laravel\framework\src\Illuminate\Container\Container.php:805
Stack trace:
#0 C:\xampp\htdocs\pizza-prices\vendor\laravel\framework\src\Illuminate\Container\Container.php(681): Illuminate\Container\Container->build('UsersTableSeede...')
#1 C:\xampp\htdocs\pizza-prices\vendor\laravel\framework\src\Illuminate\Foundation\Application.php(787): Illuminate\Container\Container->resolve('UsersTableSeede...', Array, true)
#2 C:\xampp\htdocs\pizza-prices\vendor\laravel\framework\src\Illuminate\Container\Container.php(629): Illuminate\Foundation\Application->resolve('UsersTableSeede...', Array)
#3 C:\xampp\htdocs\pizza-prices\vendor\laravel\framework\src\Illuminate\Foundation\Application.php(772): Illuminate\Container\Container->make('UsersTableSeede...', Array)
#4 C:\xampp\htdocs\pizza-prices\vendor\laravel\framework\src\Illuminate\Database\Seeder.php(80): Illuminate\Foundation\Application->make('UsersTableSeede...')
#5 C:\xampp\htdocs\pizza-prices\vendor\laravel\framework\src\Illuminate\Database\Seeder.php(38): Illuminate\Database\Seeder->resolve('UsersTableSeede...')
#6 C:\xampp\htdocs\pizza-prices\database\seeds\DatabaseSeeder.php(14): Illuminate\Database\Seeder->call('UsersTableSeede...')
#7 [internal function]: DatabaseSeeder->run()
#8 C:\xampp\htdocs\pizza-prices\vendor\laravel\framework\src\Illuminate\Container\BoundMethod.php(32): call_user_func_array(Array, Array)
#9 C:\xampp\htdocs\pizza-prices\vendor\laravel\framework\src\Illuminate\Container\Util.php(36): Illuminate\Container\BoundMethod::Illuminate\Container\{closure}()
#10 C:\xampp\htdocs\pizza-prices\vendor\laravel\framework\src\Illuminate\Container\BoundMethod.php(90): Illuminate\Container\Util::unwrapIfClosure(Object(Closure))
#11 C:\xampp\htdocs\pizza-prices\vendor\laravel\framework\src\Illuminate\Container\BoundMethod.php(34): Illuminate\Container\BoundMethod::callBoundMethod(Object(Illuminate\Foundation\Application), Array, Object(Closure))
#12 C:\xampp\htdocs\pizza-prices\vendor\laravel\framework\src\Illuminate\Container\Container.php(590): Illuminate\Container\BoundMethod::call(Object(Illuminate\Foundation\Application), Array, Array, NULL)
#13 C:\xampp\htdocs\pizza-prices\vendor\laravel\framework\src\Illuminate\Database\Seeder.php(134): Illuminate\Container\Container->call(Array)
#14 C:\xampp\htdocs\pizza-prices\vendor\laravel\framework\src\Illuminate\Database\Console\Seeds\SeedCommand.php(65): Illuminate\Database\Seeder->__invoke()
#15 C:\xampp\htdocs\pizza-prices\vendor\laravel\framework\src\Illuminate\Database\Eloquent\Concerns\GuardsAttributes.php(122): Illuminate\Database\Console\Seeds\SeedCommand->Illuminate\Database\Console\Seeds\{closure}()
#16 C:\xampp\htdocs\pizza-prices\vendor\laravel\framework\src\Illuminate\Database\Console\Seeds\SeedCommand.php(66): Illuminate\Database\Eloquent\Model::unguarded(Object(Closure))
#17 [internal function]: Illuminate\Database\Console\Seeds\SeedCommand->handle()
#18 C:\xampp\htdocs\pizza-prices\vendor\laravel\framework\src\Illuminate\Container\BoundMethod.php(32): call_user_func_array(Array, Array)
#19 C:\xampp\htdocs\pizza-prices\vendor\laravel\framework\src\Illuminate\Container\Util.php(36): Illuminate\Container\BoundMethod::Illuminate\Container\{closure}()
#20 C:\xampp\htdocs\pizza-prices\vendor\laravel\framework\src\Illuminate\Container\BoundMethod.php(90): Illuminate\Container\Util::unwrapIfClosure(Object(Closure))
#21 C:\xampp\htdocs\pizza-prices\vendor\laravel\framework\src\Illuminate\Container\BoundMethod.php(34): Illuminate\Container\BoundMethod::callBoundMethod(Object(Illuminate\Foundation\Application), Array, Object(Closure))
#22 C:\xampp\htdocs\pizza-prices\vendor\laravel\framework\src\Illuminate\Container\Container.php(590): Illuminate\Container\BoundMethod::call(Object(Illuminate\Foundation\Application), Array, Array, NULL)
#23 C:\xampp\htdocs\pizza-prices\vendor\laravel\framework\src\Illuminate\Console\Command.php(134): Illuminate\Container\Container->call(Array)
#24 C:\xampp\htdocs\pizza-prices\vendor\symfony\console\Command\Command.php(255): Illuminate\Console\Command->execute(Object(Symfony\Component\Console\Input\ArgvInput), Object(Illuminate\Console\OutputStyle))
#25 C:\xampp\htdocs\pizza-prices\vendor\laravel\framework\src\Illuminate\Console\Command.php(121): Symfony\Component\Console\Command\Command->run(Object(Symfony\Component\Console\Input\ArgvInput), Object(Illuminate\Console\OutputStyle))
#26 C:\xampp\htdocs\pizza-prices\vendor\symfony\console\Application.php(912): Illuminate\Console\Command->run(Object(Symfony\Component\Console\Input\ArgvInput), Object(Symfony\Component\Console\Output\ConsoleOutput))
#27 C:\xampp\htdocs\pizza-prices\vendor\symfony\console\Application.php(264): Symfony\Component\Console\Application->doRunCommand(Object(Illuminate\Database\Console\Seeds\SeedCommand), Object(Symfony\Component\Console\Input\ArgvInput), Object(Symfony\Component\Console\Output\ConsoleOutput))
#28 C:\xampp\htdocs\pizza-prices\vendor\symfony\console\Application.php(140): Symfony\Component\Console\Application->doRun(Object(Symfony\Component\Console\Input\ArgvInput), Object(Symfony\Component\Console\Output\ConsoleOutput))
#29 C:\xampp\htdocs\pizza-prices\vendor\laravel\framework\src\Illuminate\Console\Application.php(93): Symfony\Component\Console\Application->run(Object(Symfony\Component\Console\Input\ArgvInput), Object(Symfony\Component\Console\Output\ConsoleOutput))
#30 C:\xampp\htdocs\pizza-prices\vendor\laravel\framework\src\Illuminate\Foundation\Console\Kernel.php(130): Illuminate\Console\Application->run(Object(Symfony\Component\Console\Input\ArgvInput), Object(Symfony\Component\Console\Output\ConsoleOutput))
#31 C:\xampp\htdocs\pizza-prices\artisan(37): Illuminate\Foundation\Console\Kernel->handle(Object(Symfony\Component\Console\Input\ArgvInput), Object(Symfony\Component\Console\Output\ConsoleOutput))
#32 {main}ReflectionException: Class UsersTableSeeder does not exist in C:\xampp\htdocs\pizza-prices\vendor\laravel\framework\src\Illuminate\Container\Container.php:803
Stack trace:
#0 C:\xampp\htdocs\pizza-prices\vendor\laravel\framework\src\Illuminate\Container\Container.php(803): ReflectionClass->__construct('UsersTableSeede...')
#1 C:\xampp\htdocs\pizza-prices\vendor\laravel\framework\src\Illuminate\Container\Container.php(681): Illuminate\Container\Container->build('UsersTableSeede...')
#2 C:\xampp\htdocs\pizza-prices\vendor\laravel\framework\src\Illuminate\Foundation\Application.php(787): Illuminate\Container\Container->resolve('UsersTableSeede...', Array, true)
#3 C:\xampp\htdocs\pizza-prices\vendor\laravel\framework\src\Illuminate\Container\Container.php(629): Illuminate\Foundation\Application->resolve('UsersTableSeede...', Array)
#4 C:\xampp\htdocs\pizza-prices\vendor\laravel\framework\src\Illuminate\Foundation\Application.php(772): Illuminate\Container\Container->make('UsersTableSeede...', Array)
#5 C:\xampp\htdocs\pizza-prices\vendor\laravel\framework\src\Illuminate\Database\Seeder.php(80): Illuminate\Foundation\Application->make('UsersTableSeede...')
#6 C:\xampp\htdocs\pizza-prices\vendor\laravel\framework\src\Illuminate\Database\Seeder.php(38): Illuminate\Database\Seeder->resolve('UsersTableSeede...')
#7 C:\xampp\htdocs\pizza-prices\database\seeds\DatabaseSeeder.php(14): Illuminate\Database\Seeder->call('UsersTableSeede...')
#8 [internal function]: DatabaseSeeder->run()
#9 C:\xampp\htdocs\pizza-prices\vendor\laravel\framework\src\Illuminate\Container\BoundMethod.php(32): call_user_func_array(Array, Array)
#10 C:\xampp\htdocs\pizza-prices\vendor\laravel\framework\src\Illuminate\Container\Util.php(36): Illuminate\Container\BoundMethod::Illuminate\Container\{closure}()
#11 C:\xampp\htdocs\pizza-prices\vendor\laravel\framework\src\Illuminate\Container\BoundMethod.php(90): Illuminate\Container\Util::unwrapIfClosure(Object(Closure))
#12 C:\xampp\htdocs\pizza-prices\vendor\laravel\framework\src\Illuminate\Container\BoundMethod.php(34): Illuminate\Container\BoundMethod::callBoundMethod(Object(Illuminate\Foundation\Application), Array, Object(Closure))
#13 C:\xampp\htdocs\pizza-prices\vendor\laravel\framework\src\Illuminate\Container\Container.php(590): Illuminate\Container\BoundMethod::call(Object(Illuminate\Foundation\Application), Array, Array, NULL)
#14 C:\xampp\htdocs\pizza-prices\vendor\laravel\framework\src\Illuminate\Database\Seeder.php(134): Illuminate\Container\Container->call(Array)
#15 C:\xampp\htdocs\pizza-prices\vendor\laravel\framework\src\Illuminate\Database\Console\Seeds\SeedCommand.php(65): Illuminate\Database\Seeder->__invoke()
#16 C:\xampp\htdocs\pizza-prices\vendor\laravel\framework\src\Illuminate\Database\Eloquent\Concerns\GuardsAttributes.php(122): Illuminate\Database\Console\Seeds\SeedCommand->Illuminate\Database\Console\Seeds\{closure}()
#17 C:\xampp\htdocs\pizza-prices\vendor\laravel\framework\src\Illuminate\Database\Console\Seeds\SeedCommand.php(66): Illuminate\Database\Eloquent\Model::unguarded(Object(Closure))
#18 [internal function]: Illuminate\Database\Console\Seeds\SeedCommand->handle()
#19 C:\xampp\htdocs\pizza-prices\vendor\laravel\framework\src\Illuminate\Container\BoundMethod.php(32): call_user_func_array(Array, Array)
#20 C:\xampp\htdocs\pizza-prices\vendor\laravel\framework\src\Illuminate\Container\Util.php(36): Illuminate\Container\BoundMethod::Illuminate\Container\{closure}()
#21 C:\xampp\htdocs\pizza-prices\vendor\laravel\framework\src\Illuminate\Container\BoundMethod.php(90): Illuminate\Container\Util::unwrapIfClosure(Object(Closure))
#22 C:\xampp\htdocs\pizza-prices\vendor\laravel\framework\src\Illuminate\Container\BoundMethod.php(34): Illuminate\Container\BoundMethod::callBoundMethod(Object(Illuminate\Foundation\Application), Array, Object(Closure))
#23 C:\xampp\htdocs\pizza-prices\vendor\laravel\framework\src\Illuminate\Container\Container.php(590): Illuminate\Container\BoundMethod::call(Object(Illuminate\Foundation\Application), Array, Array, NULL)
#24 C:\xampp\htdocs\pizza-prices\vendor\laravel\framework\src\Illuminate\Console\Command.php(134): Illuminate\Container\Container->call(Array)
#25 C:\xampp\htdocs\pizza-prices\vendor\symfony\console\Command\Command.php(255): Illuminate\Console\Command->execute(Object(Symfony\Component\Console\Input\ArgvInput), Object(Illuminate\Console\OutputStyle))
#26 C:\xampp\htdocs\pizza-prices\vendor\laravel\framework\src\Illuminate\Console\Command.php(121): Symfony\Component\Console\Command\Command->run(Object(Symfony\Component\Console\Input\ArgvInput), Object(Illuminate\Console\OutputStyle))
#27 C:\xampp\htdocs\pizza-prices\vendor\symfony\console\Application.php(912): Illuminate\Console\Command->run(Object(Symfony\Component\Console\Input\ArgvInput), Object(Symfony\Component\Console\Output\ConsoleOutput))
#28 C:\xampp\htdocs\pizza-prices\vendor\symfony\console\Application.php(264): Symfony\Component\Console\Application->doRunCommand(Object(Illuminate\Database\Console\Seeds\SeedCommand), Object(Symfony\Component\Console\Input\ArgvInput), Object(Symfony\Component\Console\Output\ConsoleOutput))
#29 C:\xampp\htdocs\pizza-prices\vendor\symfony\console\Application.php(140): Symfony\Component\Console\Application->doRun(Object(Symfony\Component\Console\Input\ArgvInput), Object(Symfony\Component\Console\Output\ConsoleOutput))
#30 C:\xampp\htdocs\pizza-prices\vendor\laravel\framework\src\Illuminate\Console\Application.php(93): Symfony\Component\Console\Application->run(Object(Symfony\Component\Console\Input\ArgvInput), Object(Symfony\Component\Console\Output\ConsoleOutput))
#31 C:\xampp\htdocs\pizza-prices\vendor\laravel\framework\src\Illuminate\Foundation\Console\Kernel.php(130): Illuminate\Console\Application->run(Object(Symfony\Component\Console\Input\ArgvInput), Object(Symfony\Component\Console\Output\ConsoleOutput))
#32 C:\xampp\htdocs\pizza-prices\artisan(37): Illuminate\Foundation\Console\Kernel->handle(Object(Symfony\Component\Console\Input\ArgvInput), Object(Symfony\Component\Console\Output\ConsoleOutput))
#33 {main}

Next Illuminate\Contracts\Container\BindingResolutionException: Target class [UsersTableSeeder] does not exist. in C:\xampp\htdocs\pizza-prices\vendor\laravel\framework\src\Illuminate\Container\Container.php:805
Stack trace:
#0 C:\xampp\htdocs\pizza-prices\vendor\laravel\framework\src\Illuminate\Container\Container.php(681): Illuminate\Container\Container->build('UsersTableSeede...')
#1 C:\xampp\htdocs\pizza-prices\vendor\laravel\framework\src\Illuminate\Foundation\Application.php(787): Illuminate\Container\Container->resolve('UsersTableSeede...', Array, true)
#2 C:\xampp\htdocs\pizza-prices\vendor\laravel\framework\src\Illuminate\Container\Container.php(629): Illuminate\Foundation\Application->resolve('UsersTableSeede...', Array)
#3 C:\xampp\htdocs\pizza-prices\vendor\laravel\framework\src\Illuminate\Foundation\Application.php(772): Illuminate\Container\Container->make('UsersTableSeede...', Array)
#4 C:\xampp\htdocs\pizza-prices\vendor\laravel\framework\src\Illuminate\Database\Seeder.php(80): Illuminate\Foundation\Application->make('UsersTableSeede...')
#5 C:\xampp\htdocs\pizza-prices\vendor\laravel\framework\src\Illuminate\Database\Seeder.php(38): Illuminate\Database\Seeder->resolve('UsersTableSeede...')
#6 C:\xampp\htdocs\pizza-prices\database\seeds\DatabaseSeeder.php(14): Illuminate\Database\Seeder->call('UsersTableSeede...')
#7 [internal function]: DatabaseSeeder->run()
#8 C:\xampp\htdocs\pizza-prices\vendor\laravel\framework\src\Illuminate\Container\BoundMethod.php(32): call_user_func_array(Array, Array)
#9 C:\xampp\htdocs\pizza-prices\vendor\laravel\framework\src\Illuminate\Container\Util.php(36): Illuminate\Container\BoundMethod::Illuminate\Container\{closure}()
#10 C:\xampp\htdocs\pizza-prices\vendor\laravel\framework\src\Illuminate\Container\BoundMethod.php(90): Illuminate\Container\Util::unwrapIfClosure(Object(Closure))
#11 C:\xampp\htdocs\pizza-prices\vendor\laravel\framework\src\Illuminate\Container\BoundMethod.php(34): Illuminate\Container\BoundMethod::callBoundMethod(Object(Illuminate\Foundation\Application), Array, Object(Closure))
#12 C:\xampp\htdocs\pizza-prices\vendor\laravel\framework\src\Illuminate\Container\Container.php(590): Illuminate\Container\BoundMethod::call(Object(Illuminate\Foundation\Application), Array, Array, NULL)
#13 C:\xampp\htdocs\pizza-prices\vendor\laravel\framework\src\Illuminate\Database\Seeder.php(134): Illuminate\Container\Container->call(Array)
#14 C:\xampp\htdocs\pizza-prices\vendor\laravel\framework\src\Illuminate\Database\Console\Seeds\SeedCommand.php(65): Illuminate\Database\Seeder->__invoke()
#15 C:\xampp\htdocs\pizza-prices\vendor\laravel\framework\src\Illuminate\Database\Eloquent\Concerns\GuardsAttributes.php(122): Illuminate\Database\Console\Seeds\SeedCommand->Illuminate\Database\Console\Seeds\{closure}()
#16 C:\xampp\htdocs\pizza-prices\vendor\laravel\framework\src\Illuminate\Database\Console\Seeds\SeedCommand.php(66): Illuminate\Database\Eloquent\Model::unguarded(Object(Closure))
#17 [internal function]: Illuminate\Database\Console\Seeds\SeedCommand->handle()
#18 C:\xampp\htdocs\pizza-prices\vendor\laravel\framework\src\Illuminate\Container\BoundMethod.php(32): call_user_func_array(Array, Array)
#19 C:\xampp\htdocs\pizza-prices\vendor\laravel\framework\src\Illuminate\Container\Util.php(36): Illuminate\Container\BoundMethod::Illuminate\Container\{closure}()
#20 C:\xampp\htdocs\pizza-prices\vendor\laravel\framework\src\Illuminate\Container\BoundMethod.php(90): Illuminate\Container\Util::unwrapIfClosure(Object(Closure))
#21 C:\xampp\htdocs\pizza-prices\vendor\laravel\framework\src\Illuminate\Container\BoundMethod.php(34): Illuminate\Container\BoundMethod::callBoundMethod(Object(Illuminate\Foundation\Application), Array, Object(Closure))
#22 C:\xampp\htdocs\pizza-prices\vendor\laravel\framework\src\Illuminate\Container\Container.php(590): Illuminate\Container\BoundMethod::call(Object(Illuminate\Foundation\Application), Array, Array, NULL)
#23 C:\xampp\htdocs\pizza-prices\vendor\laravel\framework\src\Illuminate\Console\Command.php(134): Illuminate\Container\Container->call(Array)
#24 C:\xampp\htdocs\pizza-prices\vendor\symfony\console\Command\Command.php(255): Illuminate\Console\Command->execute(Object(Symfony\Component\Console\Input\ArgvInput), Object(Illuminate\Console\OutputStyle))
#25 C:\xampp\htdocs\pizza-prices\vendor\laravel\framework\src\Illuminate\Console\Command.php(121): Symfony\Component\Console\Command\Command->run(Object(Symfony\Component\Console\Input\ArgvInput), Object(Illuminate\Console\OutputStyle))
#26 C:\xampp\htdocs\pizza-prices\vendor\symfony\console\Application.php(912): Illuminate\Console\Command->run(Object(Symfony\Component\Console\Input\ArgvInput), Object(Symfony\Component\Console\Output\ConsoleOutput))
#27 C:\xampp\htdocs\pizza-prices\vendor\symfony\console\Application.php(264): Symfony\Component\Console\Application->doRunCommand(Object(Illuminate\Database\Console\Seeds\SeedCommand), Object(Symfony\Component\Console\Input\ArgvInput), Object(Symfony\Component\Console\Output\ConsoleOutput))
#28 C:\xampp\htdocs\pizza-prices\vendor\symfony\console\Application.php(140): Symfony\Component\Console\Application->doRun(Object(Symfony\Component\Console\Input\ArgvInput), Object(Symfony\Component\Console\Output\ConsoleOutput))
#29 C:\xampp\htdocs\pizza-prices\vendor\laravel\framework\src\Illuminate\Console\Application.php(93): Symfony\Component\Console\Application->run(Object(Symfony\Component\Console\Input\ArgvInput), Object(Symfony\Component\Console\Output\ConsoleOutput))
#30 C:\xampp\htdocs\pizza-prices\vendor\laravel\framework\src\Illuminate\Foundation\Console\Kernel.php(130): Illuminate\Console\Application->run(Object(Symfony\Component\Console\Input\ArgvInput), Object(Symfony\Component\Console\Output\ConsoleOutput))
#31 C:\xampp\htdocs\pizza-prices\artisan(37): Illuminate\Foundation\Console\Kernel->handle(Object(Symfony\Component\Console\Input\ArgvInput), Object(Symfony\Component\Console\Output\ConsoleOutput))
#32 {main}PDOException: SQLSTATE[HY000]: General error: 1364 Field 'id' doesn't have a default value in C:\xampp\htdocs\pizza-prices\vendor\laravel\framework\src\Illuminate\Database\Connection.php:463
Stack trace:
#0 C:\xampp\htdocs\pizza-prices\vendor\laravel\framework\src\Illuminate\Database\Connection.php(463): PDOStatement->execute()
#1 C:\xampp\htdocs\pizza-prices\vendor\laravel\framework\src\Illuminate\Database\Connection.php(662): Illuminate\Database\Connection->Illuminate\Database\{closure}('insert into `us...', Array)
#2 C:\xampp\htdocs\pizza-prices\vendor\laravel\framework\src\Illuminate\Database\Connection.php(629): Illuminate\Database\Connection->runQueryCallback('insert into `us...', Array, Object(Closure))
#3 C:\xampp\htdocs\pizza-prices\vendor\laravel\framework\src\Illuminate\Database\Connection.php(464): Illuminate\Database\Connection->run('insert into `us...', Array, Object(Closure))
#4 C:\xampp\htdocs\pizza-prices\vendor\laravel\framework\src\Illuminate\Database\Connection.php(416): Illuminate\Database\Connection->statement('insert into `us...', Array)
#5 C:\xampp\htdocs\pizza-prices\vendor\laravel\framework\src\Illuminate\Database\Query\Builder.php(2661): Illuminate\Database\Connection->insert('insert into `us...', Array)
#6 C:\xampp\htdocs\pizza-prices\database\seeds\UsersTableSeeder.php(18): Illuminate\Database\Query\Builder->insert(Array)
#7 [internal function]: UsersTableSeeder->run()
#8 C:\xampp\htdocs\pizza-prices\vendor\laravel\framework\src\Illuminate\Container\BoundMethod.php(32): call_user_func_array(Array, Array)
#9 C:\xampp\htdocs\pizza-prices\vendor\laravel\framework\src\Illuminate\Container\Util.php(36): Illuminate\Container\BoundMethod::Illuminate\Container\{closure}()
#10 C:\xampp\htdocs\pizza-prices\vendor\laravel\framework\src\Illuminate\Container\BoundMethod.php(90): Illuminate\Container\Util::unwrapIfClosure(Object(Closure))
#11 C:\xampp\htdocs\pizza-prices\vendor\laravel\framework\src\Illuminate\Container\BoundMethod.php(34): Illuminate\Container\BoundMethod::callBoundMethod(Object(Illuminate\Foundation\Application), Array, Object(Closure))
#12 C:\xampp\htdocs\pizza-prices\vendor\laravel\framework\src\Illuminate\Container\Container.php(590): Illuminate\Container\BoundMethod::call(Object(Illuminate\Foundation\Application), Array, Array, NULL)
#13 C:\xampp\htdocs\pizza-prices\vendor\laravel\framework\src\Illuminate\Database\Seeder.php(134): Illuminate\Container\Container->call(Array)
#14 C:\xampp\htdocs\pizza-prices\vendor\laravel\framework\src\Illuminate\Database\Seeder.php(48): Illuminate\Database\Seeder->__invoke()
#15 C:\xampp\htdocs\pizza-prices\database\seeds\DatabaseSeeder.php(14): Illuminate\Database\Seeder->call('UsersTableSeede...')
#16 [internal function]: DatabaseSeeder->run()
#17 C:\xampp\htdocs\pizza-prices\vendor\laravel\framework\src\Illuminate\Container\BoundMethod.php(32): call_user_func_array(Array, Array)
#18 C:\xampp\htdocs\pizza-prices\vendor\laravel\framework\src\Illuminate\Container\Util.php(36): Illuminate\Container\BoundMethod::Illuminate\Container\{closure}()
#19 C:\xampp\htdocs\pizza-prices\vendor\laravel\framework\src\Illuminate\Container\BoundMethod.php(90): Illuminate\Container\Util::unwrapIfClosure(Object(Closure))
#20 C:\xampp\htdocs\pizza-prices\vendor\laravel\framework\src\Illuminate\Container\BoundMethod.php(34): Illuminate\Container\BoundMethod::callBoundMethod(Object(Illuminate\Foundation\Application), Array, Object(Closure))
#21 C:\xampp\htdocs\pizza-prices\vendor\laravel\framework\src\Illuminate\Container\Container.php(590): Illuminate\Container\BoundMethod::call(Object(Illuminate\Foundation\Application), Array, Array, NULL)
#22 C:\xampp\htdocs\pizza-prices\vendor\laravel\framework\src\Illuminate\Database\Seeder.php(134): Illuminate\Container\Container->call(Array)
#23 C:\xampp\htdocs\pizza-prices\vendor\laravel\framework\src\Illuminate\Database\Console\Seeds\SeedCommand.php(65): Illuminate\Database\Seeder->__invoke()
#24 C:\xampp\htdocs\pizza-prices\vendor\laravel\framework\src\Illuminate\Database\Eloquent\Concerns\GuardsAttributes.php(122): Illuminate\Database\Console\Seeds\SeedCommand->Illuminate\Database\Console\Seeds\{closure}()
#25 C:\xampp\htdocs\pizza-prices\vendor\laravel\framework\src\Illuminate\Database\Console\Seeds\SeedCommand.php(66): Illuminate\Database\Eloquent\Model::unguarded(Object(Closure))
#26 [internal function]: Illuminate\Database\Console\Seeds\SeedCommand->handle()
#27 C:\xampp\htdocs\pizza-prices\vendor\laravel\framework\src\Illuminate\Container\BoundMethod.php(32): call_user_func_array(Array, Array)
#28 C:\xampp\htdocs\pizza-prices\vendor\laravel\framework\src\Illuminate\Container\Util.php(36): Illuminate\Container\BoundMethod::Illuminate\Container\{closure}()
#29 C:\xampp\htdocs\pizza-prices\vendor\laravel\framework\src\Illuminate\Container\BoundMethod.php(90): Illuminate\Container\Util::unwrapIfClosure(Object(Closure))
#30 C:\xampp\htdocs\pizza-prices\vendor\laravel\framework\src\Illuminate\Container\BoundMethod.php(34): Illuminate\Container\BoundMethod::callBoundMethod(Object(Illuminate\Foundation\Application), Array, Object(Closure))
#31 C:\xampp\htdocs\pizza-prices\vendor\laravel\framework\src\Illuminate\Container\Container.php(590): Illuminate\Container\BoundMethod::call(Object(Illuminate\Foundation\Application), Array, Array, NULL)
#32 C:\xampp\htdocs\pizza-prices\vendor\laravel\framework\src\Illuminate\Console\Command.php(134): Illuminate\Container\Container->call(Array)
#33 C:\xampp\htdocs\pizza-prices\vendor\symfony\console\Command\Command.php(255): Illuminate\Console\Command->execute(Object(Symfony\Component\Console\Input\ArgvInput), Object(Illuminate\Console\OutputStyle))
#34 C:\xampp\htdocs\pizza-prices\vendor\laravel\framework\src\Illuminate\Console\Command.php(121): Symfony\Component\Console\Command\Command->run(Object(Symfony\Component\Console\Input\ArgvInput), Object(Illuminate\Console\OutputStyle))
#35 C:\xampp\htdocs\pizza-prices\vendor\symfony\console\Application.php(912): Illuminate\Console\Command->run(Object(Symfony\Component\Console\Input\ArgvInput), Object(Symfony\Component\Console\Output\ConsoleOutput))
#36 C:\xampp\htdocs\pizza-prices\vendor\symfony\console\Application.php(264): Symfony\Component\Console\Application->doRunCommand(Object(Illuminate\Database\Console\Seeds\SeedCommand), Object(Symfony\Component\Console\Input\ArgvInput), Object(Symfony\Component\Console\Output\ConsoleOutput))
#37 C:\xampp\htdocs\pizza-prices\vendor\symfony\console\Application.php(140): Symfony\Component\Console\Application->doRun(Object(Symfony\Component\Console\Input\ArgvInput), Object(Symfony\Component\Console\Output\ConsoleOutput))
#38 C:\xampp\htdocs\pizza-prices\vendor\laravel\framework\src\Illuminate\Console\Application.php(93): Symfony\Component\Console\Application->run(Object(Symfony\Component\Console\Input\ArgvInput), Object(Symfony\Component\Console\Output\ConsoleOutput))
#39 C:\xampp\htdocs\pizza-prices\vendor\laravel\framework\src\Illuminate\Foundation\Console\Kernel.php(130): Illuminate\Console\Application->run(Object(Symfony\Component\Console\Input\ArgvInput), Object(Symfony\Component\Console\Output\ConsoleOutput))
#40 C:\xampp\htdocs\pizza-prices\artisan(37): Illuminate\Foundation\Console\Kernel->handle(Object(Symfony\Component\Console\Input\ArgvInput), Object(Symfony\Component\Console\Output\ConsoleOutput))
#41 {main}

Next Illuminate\Database\QueryException: SQLSTATE[HY000]: General error: 1364 Field 'id' doesn't have a default value (SQL: insert into `users` (`name`, `email`, `type`, `password`) values (Chudi Richrd, @gmail.com, admin, $2y$10$1W5Ablq8zKkFDmAmb1GvIOypAmH0TcL7c0CwB3BXxC7jtWmhXsWjO)) in C:\xampp\htdocs\pizza-prices\vendor\laravel\framework\src\Illuminate\Database\Connection.php:669
Stack trace:
#0 C:\xampp\htdocs\pizza-prices\vendor\laravel\framework\src\Illuminate\Database\Connection.php(629): Illuminate\Database\Connection->runQueryCallback('insert into `us...', Array, Object(Closure))
#1 C:\xampp\htdocs\pizza-prices\vendor\laravel\framework\src\Illuminate\Database\Connection.php(464): Illuminate\Database\Connection->run('insert into `us...', Array, Object(Closure))
#2 C:\xampp\htdocs\pizza-prices\vendor\laravel\framework\src\Illuminate\Database\Connection.php(416): Illuminate\Database\Connection->statement('insert into `us...', Array)
#3 C:\xampp\htdocs\pizza-prices\vendor\laravel\framework\src\Illuminate\Database\Query\Builder.php(2661): Illuminate\Database\Connection->insert('insert into `us...', Array)
#4 C:\xampp\htdocs\pizza-prices\database\seeds\UsersTableSeeder.php(18): Illuminate\Database\Query\Builder->insert(Array)
#5 [internal function]: UsersTableSeeder->run()
#6 C:\xampp\htdocs\pizza-prices\vendor\laravel\framework\src\Illuminate\Container\BoundMethod.php(32): call_user_func_array(Array, Array)
#7 C:\xampp\htdocs\pizza-prices\vendor\laravel\framework\src\Illuminate\Container\Util.php(36): Illuminate\Container\BoundMethod::Illuminate\Container\{closure}()
#8 C:\xampp\htdocs\pizza-prices\vendor\laravel\framework\src\Illuminate\Container\BoundMethod.php(90): Illuminate\Container\Util::unwrapIfClosure(Object(Closure))
#9 C:\xampp\htdocs\pizza-prices\vendor\laravel\framework\src\Illuminate\Container\BoundMethod.php(34): Illuminate\Container\BoundMethod::callBoundMethod(Object(Illuminate\Foundation\Application), Array, Object(Closure))
#10 C:\xampp\htdocs\pizza-prices\vendor\laravel\framework\src\Illuminate\Container\Container.php(590): Illuminate\Container\BoundMethod::call(Object(Illuminate\Foundation\Application), Array, Array, NULL)
#11 C:\xampp\htdocs\pizza-prices\vendor\laravel\framework\src\Illuminate\Database\Seeder.php(134): Illuminate\Container\Container->call(Array)
#12 C:\xampp\htdocs\pizza-prices\vendor\laravel\framework\src\Illuminate\Database\Seeder.php(48): Illuminate\Database\Seeder->__invoke()
#13 C:\xampp\htdocs\pizza-prices\database\seeds\DatabaseSeeder.php(14): Illuminate\Database\Seeder->call('UsersTableSeede...')
#14 [internal function]: DatabaseSeeder->run()
#15 C:\xampp\htdocs\pizza-prices\vendor\laravel\framework\src\Illuminate\Container\BoundMethod.php(32): call_user_func_array(Array, Array)
#16 C:\xampp\htdocs\pizza-prices\vendor\laravel\framework\src\Illuminate\Container\Util.php(36): Illuminate\Container\BoundMethod::Illuminate\Container\{closure}()
#17 C:\xampp\htdocs\pizza-prices\vendor\laravel\framework\src\Illuminate\Container\BoundMethod.php(90): Illuminate\Container\Util::unwrapIfClosure(Object(Closure))
#18 C:\xampp\htdocs\pizza-prices\vendor\laravel\framework\src\Illuminate\Container\BoundMethod.php(34): Illuminate\Container\BoundMethod::callBoundMethod(Object(Illuminate\Foundation\Application), Array, Object(Closure))
#19 C:\xampp\htdocs\pizza-prices\vendor\laravel\framework\src\Illuminate\Container\Container.php(590): Illuminate\Container\BoundMethod::call(Object(Illuminate\Foundation\Application), Array, Array, NULL)
#20 C:\xampp\htdocs\pizza-prices\vendor\laravel\framework\src\Illuminate\Database\Seeder.php(134): Illuminate\Container\Container->call(Array)
#21 C:\xampp\htdocs\pizza-prices\vendor\laravel\framework\src\Illuminate\Database\Console\Seeds\SeedCommand.php(65): Illuminate\Database\Seeder->__invoke()
#22 C:\xampp\htdocs\pizza-prices\vendor\laravel\framework\src\Illuminate\Database\Eloquent\Concerns\GuardsAttributes.php(122): Illuminate\Database\Console\Seeds\SeedCommand->Illuminate\Database\Console\Seeds\{closure}()
#23 C:\xampp\htdocs\pizza-prices\vendor\laravel\framework\src\Illuminate\Database\Console\Seeds\SeedCommand.php(66): Illuminate\Database\Eloquent\Model::unguarded(Object(Closure))
#24 [internal function]: Illuminate\Database\Console\Seeds\SeedCommand->handle()
#25 C:\xampp\htdocs\pizza-prices\vendor\laravel\framework\src\Illuminate\Container\BoundMethod.php(32): call_user_func_array(Array, Array)
#26 C:\xampp\htdocs\pizza-prices\vendor\laravel\framework\src\Illuminate\Container\Util.php(36): Illuminate\Container\BoundMethod::Illuminate\Container\{closure}()
#27 C:\xampp\htdocs\pizza-prices\vendor\laravel\framework\src\Illuminate\Container\BoundMethod.php(90): Illuminate\Container\Util::unwrapIfClosure(Object(Closure))
#28 C:\xampp\htdocs\pizza-prices\vendor\laravel\framework\src\Illuminate\Container\BoundMethod.php(34): Illuminate\Container\BoundMethod::callBoundMethod(Object(Illuminate\Foundation\Application), Array, Object(Closure))
#29 C:\xampp\htdocs\pizza-prices\vendor\laravel\framework\src\Illuminate\Container\Container.php(590): Illuminate\Container\BoundMethod::call(Object(Illuminate\Foundation\Application), Array, Array, NULL)
#30 C:\xampp\htdocs\pizza-prices\vendor\laravel\framework\src\Illuminate\Console\Command.php(134): Illuminate\Container\Container->call(Array)
#31 C:\xampp\htdocs\pizza-prices\vendor\symfony\console\Command\Command.php(255): Illuminate\Console\Command->execute(Object(Symfony\Component\Console\Input\ArgvInput), Object(Illuminate\Console\OutputStyle))
#32 C:\xampp\htdocs\pizza-prices\vendor\laravel\framework\src\Illuminate\Console\Command.php(121): Symfony\Component\Console\Command\Command->run(Object(Symfony\Component\Console\Input\ArgvInput), Object(Illuminate\Console\OutputStyle))
#33 C:\xampp\htdocs\pizza-prices\vendor\symfony\console\Application.php(912): Illuminate\Console\Command->run(Object(Symfony\Component\Console\Input\ArgvInput), Object(Symfony\Component\Console\Output\ConsoleOutput))
#34 C:\xampp\htdocs\pizza-prices\vendor\symfony\console\Application.php(264): Symfony\Component\Console\Application->doRunCommand(Object(Illuminate\Database\Console\Seeds\SeedCommand), Object(Symfony\Component\Console\Input\ArgvInput), Object(Symfony\Component\Console\Output\ConsoleOutput))
#35 C:\xampp\htdocs\pizza-prices\vendor\symfony\console\Application.php(140): Symfony\Component\Console\Application->doRun(Object(Symfony\Component\Console\Input\ArgvInput), Object(Symfony\Component\Console\Output\ConsoleOutput))
#36 C:\xampp\htdocs\pizza-prices\vendor\laravel\framework\src\Illuminate\Console\Application.php(93): Symfony\Component\Console\Application->run(Object(Symfony\Component\Console\Input\ArgvInput), Object(Symfony\Component\Console\Output\ConsoleOutput))
#37 C:\xampp\htdocs\pizza-prices\vendor\laravel\framework\src\Illuminate\Foundation\Console\Kernel.php(130): Illuminate\Console\Application->run(Object(Symfony\Component\Console\Input\ArgvInput), Object(Symfony\Component\Console\Output\ConsoleOutput))
#38 C:\xampp\htdocs\pizza-prices\artisan(37): Illuminate\Foundation\Console\Kernel->handle(Object(Symfony\Component\Console\Input\ArgvInput), Object(Symfony\Component\Console\Output\ConsoleOutput))
#39 {main}