Symfony\Component\HttpKernel\Exception\NotFoundHttpException in C:\xampp\htdocs\pizza-prices\vendor\laravel\framework\src\Illuminate\Routing\AbstractRouteCollection.php:43
Stack trace:
#0 C:\xampp\htdocs\pizza-prices\vendor\laravel\framework\src\Illuminate\Routing\RouteCollection.php(162): Illuminate\Routing\AbstractRouteCollection->handleMatchedRoute(Object(Illuminate\Http\Request), NULL)
#1 C:\xampp\htdocs\pizza-prices\vendor\laravel\framework\src\Illuminate\Routing\Router.php(635): Illuminate\Routing\RouteCollection->match(Object(Illuminate\Http\Request))
#2 C:\xampp\htdocs\pizza-prices\vendor\laravel\framework\src\Illuminate\Routing\Router.php(624): Illuminate\Routing\Router->findRoute(Object(Illuminate\Http\Request))
#3 C:\xampp\htdocs\pizza-prices\vendor\laravel\framework\src\Illuminate\Routing\Router.php(613): Illuminate\Routing\Router->dispatchToRoute(Object(Illuminate\Http\Request))
#4 C:\xampp\htdocs\pizza-prices\vendor\laravel\framework\src\Illuminate\Foundation\Http\Kernel.php(165): Illuminate\Routing\Router->dispatch(Object(Illuminate\Http\Request))
#5 C:\xampp\htdocs\pizza-prices\vendor\laravel\framework\src\Illuminate\Pipeline\Pipeline.php(128): Illuminate\Foundation\Http\Kernel->Illuminate\Foundation\Http\{closure}(Object(Illuminate\Http\Request))
#6 C:\xampp\htdocs\pizza-prices\vendor\laravel\framework\src\Illuminate\Foundation\Http\Middleware\TransformsRequest.php(21): Illuminate\Pipeline\Pipeline->Illuminate\Pipeline\{closure}(Object(Illuminate\Http\Request))
#7 C:\xampp\htdocs\pizza-prices\vendor\laravel\framework\src\Illuminate\Pipeline\Pipeline.php(167): Illuminate\Foundation\Http\Middleware\TransformsRequest->handle(Object(Illuminate\Http\Request), Object(Closure))
#8 C:\xampp\htdocs\pizza-prices\vendor\laravel\framework\src\Illuminate\Foundation\Http\Middleware\TransformsRequest.php(21): Illuminate\Pipeline\Pipeline->Illuminate\Pipeline\{closure}(Object(Illuminate\Http\Request))
#9 C:\xampp\htdocs\pizza-prices\vendor\laravel\framework\src\Illuminate\Pipeline\Pipeline.php(167): Illuminate\Foundation\Http\Middleware\TransformsRequest->handle(Object(Illuminate\Http\Request), Object(Closure))
#10 C:\xampp\htdocs\pizza-prices\vendor\laravel\framework\src\Illuminate\Foundation\Http\Middleware\ValidatePostSize.php(27): Illuminate\Pipeline\Pipeline->Illuminate\Pipeline\{closure}(Object(Illuminate\Http\Request))
#11 C:\xampp\htdocs\pizza-prices\vendor\laravel\framework\src\Illuminate\Pipeline\Pipeline.php(167): Illuminate\Foundation\Http\Middleware\ValidatePostSize->handle(Object(Illuminate\Http\Request), Object(Closure))
#12 C:\xampp\htdocs\pizza-prices\vendor\laravel\framework\src\Illuminate\Foundation\Http\Middleware\CheckForMaintenanceMode.php(63): Illuminate\Pipeline\Pipeline->Illuminate\Pipeline\{closure}(Object(Illuminate\Http\Request))
#13 C:\xampp\htdocs\pizza-prices\vendor\laravel\framework\src\Illuminate\Pipeline\Pipeline.php(167): Illuminate\Foundation\Http\Middleware\CheckForMaintenanceMode->handle(Object(Illuminate\Http\Request), Object(Closure))
#14 C:\xampp\htdocs\pizza-prices\vendor\fruitcake\laravel-cors\src\HandleCors.php(36): Illuminate\Pipeline\Pipeline->Illuminate\Pipeline\{closure}(Object(Illuminate\Http\Request))
#15 C:\xampp\htdocs\pizza-prices\vendor\laravel\framework\src\Illuminate\Pipeline\Pipeline.php(167): Fruitcake\Cors\HandleCors->handle(Object(Illuminate\Http\Request), Object(Closure))
#16 C:\xampp\htdocs\pizza-prices\vendor\fideloper\proxy\src\TrustProxies.php(57): Illuminate\Pipeline\Pipeline->Illuminate\Pipeline\{closure}(Object(Illuminate\Http\Request))
#17 C:\xampp\htdocs\pizza-prices\vendor\laravel\framework\src\Illuminate\Pipeline\Pipeline.php(167): Fideloper\Proxy\TrustProxies->handle(Object(Illuminate\Http\Request), Object(Closure))
#18 C:\xampp\htdocs\pizza-prices\vendor\laravel\framework\src\Illuminate\Pipeline\Pipeline.php(103): Illuminate\Pipeline\Pipeline->Illuminate\Pipeline\{closure}(Object(Illuminate\Http\Request))
#19 C:\xampp\htdocs\pizza-prices\vendor\laravel\framework\src\Illuminate\Foundation\Http\Kernel.php(140): Illuminate\Pipeline\Pipeline->then(Object(Closure))
#20 C:\xampp\htdocs\pizza-prices\vendor\laravel\framework\src\Illuminate\Foundation\Http\Kernel.php(109): Illuminate\Foundation\Http\Kernel->sendRequestThroughRouter(Object(Illuminate\Http\Request))
#21 C:\xampp\htdocs\pizza-prices\public\index.php(55): Illuminate\Foundation\Http\Kernel->handle(Object(Illuminate\Http\Request))
#22 C:\xampp\htdocs\pizza-prices\server.php(21): require_once('C:\\xampp\\htdocs...')
#23 {main}Symfony\Component\HttpKernel\Exception\NotFoundHttpException in C:\xampp\htdocs\pizza-prices\vendor\laravel\framework\src\Illuminate\Routing\AbstractRouteCollection.php:43
Stack trace:
#0 C:\xampp\htdocs\pizza-prices\vendor\laravel\framework\src\Illuminate\Routing\RouteCollection.php(162): Illuminate\Routing\AbstractRouteCollection->handleMatchedRoute(Object(Illuminate\Http\Request), NULL)
#1 C:\xampp\htdocs\pizza-prices\vendor\laravel\framework\src\Illuminate\Routing\Router.php(635): Illuminate\Routing\RouteCollection->match(Object(Illuminate\Http\Request))
#2 C:\xampp\htdocs\pizza-prices\vendor\laravel\framework\src\Illuminate\Routing\Router.php(624): Illuminate\Routing\Router->findRoute(Object(Illuminate\Http\Request))
#3 C:\xampp\htdocs\pizza-prices\vendor\laravel\framework\src\Illuminate\Routing\Router.php(613): Illuminate\Routing\Router->dispatchToRoute(Object(Illuminate\Http\Request))
#4 C:\xampp\htdocs\pizza-prices\vendor\laravel\framework\src\Illuminate\Foundation\Http\Kernel.php(165): Illuminate\Routing\Router->dispatch(Object(Illuminate\Http\Request))
#5 C:\xampp\htdocs\pizza-prices\vendor\laravel\framework\src\Illuminate\Pipeline\Pipeline.php(128): Illuminate\Foundation\Http\Kernel->Illuminate\Foundation\Http\{closure}(Object(Illuminate\Http\Request))
#6 C:\xampp\htdocs\pizza-prices\vendor\laravel\framework\src\Illuminate\Foundation\Http\Middleware\TransformsRequest.php(21): Illuminate\Pipeline\Pipeline->Illuminate\Pipeline\{closure}(Object(Illuminate\Http\Request))
#7 C:\xampp\htdocs\pizza-prices\vendor\laravel\framework\src\Illuminate\Pipeline\Pipeline.php(167): Illuminate\Foundation\Http\Middleware\TransformsRequest->handle(Object(Illuminate\Http\Request), Object(Closure))
#8 C:\xampp\htdocs\pizza-prices\vendor\laravel\framework\src\Illuminate\Foundation\Http\Middleware\TransformsRequest.php(21): Illuminate\Pipeline\Pipeline->Illuminate\Pipeline\{closure}(Object(Illuminate\Http\Request))
#9 C:\xampp\htdocs\pizza-prices\vendor\laravel\framework\src\Illuminate\Pipeline\Pipeline.php(167): Illuminate\Foundation\Http\Middleware\TransformsRequest->handle(Object(Illuminate\Http\Request), Object(Closure))
#10 C:\xampp\htdocs\pizza-prices\vendor\laravel\framework\src\Illuminate\Foundation\Http\Middleware\ValidatePostSize.php(27): Illuminate\Pipeline\Pipeline->Illuminate\Pipeline\{closure}(Object(Illuminate\Http\Request))
#11 C:\xampp\htdocs\pizza-prices\vendor\laravel\framework\src\Illuminate\Pipeline\Pipeline.php(167): Illuminate\Foundation\Http\Middleware\ValidatePostSize->handle(Object(Illuminate\Http\Request), Object(Closure))
#12 C:\xampp\htdocs\pizza-prices\vendor\laravel\framework\src\Illuminate\Foundation\Http\Middleware\CheckForMaintenanceMode.php(63): Illuminate\Pipeline\Pipeline->Illuminate\Pipeline\{closure}(Object(Illuminate\Http\Request))
#13 C:\xampp\htdocs\pizza-prices\vendor\laravel\framework\src\Illuminate\Pipeline\Pipeline.php(167): Illuminate\Foundation\Http\Middleware\CheckForMaintenanceMode->handle(Object(Illuminate\Http\Request), Object(Closure))
#14 C:\xampp\htdocs\pizza-prices\vendor\fruitcake\laravel-cors\src\HandleCors.php(36): Illuminate\Pipeline\Pipeline->Illuminate\Pipeline\{closure}(Object(Illuminate\Http\Request))
#15 C:\xampp\htdocs\pizza-prices\vendor\laravel\framework\src\Illuminate\Pipeline\Pipeline.php(167): Fruitcake\Cors\HandleCors->handle(Object(Illuminate\Http\Request), Object(Closure))
#16 C:\xampp\htdocs\pizza-prices\vendor\fideloper\proxy\src\TrustProxies.php(57): Illuminate\Pipeline\Pipeline->Illuminate\Pipeline\{closure}(Object(Illuminate\Http\Request))
#17 C:\xampp\htdocs\pizza-prices\vendor\laravel\framework\src\Illuminate\Pipeline\Pipeline.php(167): Fideloper\Proxy\TrustProxies->handle(Object(Illuminate\Http\Request), Object(Closure))
#18 C:\xampp\htdocs\pizza-prices\vendor\laravel\framework\src\Illuminate\Pipeline\Pipeline.php(103): Illuminate\Pipeline\Pipeline->Illuminate\Pipeline\{closure}(Object(Illuminate\Http\Request))
#19 C:\xampp\htdocs\pizza-prices\vendor\laravel\framework\src\Illuminate\Foundation\Http\Kernel.php(140): Illuminate\Pipeline\Pipeline->then(Object(Closure))
#20 C:\xampp\htdocs\pizza-prices\vendor\laravel\framework\src\Illuminate\Foundation\Http\Kernel.php(109): Illuminate\Foundation\Http\Kernel->sendRequestThroughRouter(Object(Illuminate\Http\Request))
#21 C:\xampp\htdocs\pizza-prices\public\index.php(55): Illuminate\Foundation\Http\Kernel->handle(Object(Illuminate\Http\Request))
#22 C:\xampp\htdocs\pizza-prices\server.php(21): require_once('C:\\xampp\\htdocs...')
#23 {main}ErrorException: sort() expects parameter 1 to be array, bool given in C:\xampp\htdocs\pizza-prices\app\Http\Controllers\ProcessRawController.php:82
Stack trace:
#0 [internal function]: Illuminate\Foundation\Bootstrap\HandleExceptions->handleError(2, 'sort() expects ...', 'C:\\xampp\\htdocs...', 82, Array)
#1 C:\xampp\htdocs\pizza-prices\app\Http\Controllers\ProcessRawController.php(82): sort(false)
#2 C:\xampp\htdocs\pizza-prices\app\Http\Controllers\ProcessRawController.php(103): App\Http\Controllers\ProcessRawController->receptToString(false)
#3 C:\xampp\htdocs\pizza-prices\app\Http\Controllers\ProcessRawController.php(46): App\Http\Controllers\ProcessRawController->processPizza('Pipi pizza', false)
#4 C:\xampp\htdocs\pizza-prices\app\Http\Controllers\ProcessRawController.php(171): App\Http\Controllers\ProcessRawController->processContent(Object(Illuminate\Database\Eloquent\Collection), 9)
#5 [internal function]: App\Http\Controllers\ProcessRawController->processRaw()
#6 C:\xampp\htdocs\pizza-prices\vendor\laravel\framework\src\Illuminate\Routing\Controller.php(54): call_user_func_array(Array, Array)
#7 C:\xampp\htdocs\pizza-prices\vendor\laravel\framework\src\Illuminate\Routing\ControllerDispatcher.php(45): Illuminate\Routing\Controller->callAction('processRaw', Array)
#8 C:\xampp\htdocs\pizza-prices\vendor\laravel\framework\src\Illuminate\Routing\Route.php(225): Illuminate\Routing\ControllerDispatcher->dispatch(Object(Illuminate\Routing\Route), Object(App\Http\Controllers\ProcessRawController), 'processRaw')
#9 C:\xampp\htdocs\pizza-prices\vendor\laravel\framework\src\Illuminate\Routing\Route.php(182): Illuminate\Routing\Route->runController()
#10 C:\xampp\htdocs\pizza-prices\vendor\laravel\framework\src\Illuminate\Routing\Router.php(681): Illuminate\Routing\Route->run()
#11 C:\xampp\htdocs\pizza-prices\vendor\laravel\framework\src\Illuminate\Pipeline\Pipeline.php(128): Illuminate\Routing\Router->Illuminate\Routing\{closure}(Object(Illuminate\Http\Request))
#12 C:\xampp\htdocs\pizza-prices\app\Http\Middleware\IsAdmin.php(19): Illuminate\Pipeline\Pipeline->Illuminate\Pipeline\{closure}(Object(Illuminate\Http\Request))
#13 C:\xampp\htdocs\pizza-prices\vendor\laravel\framework\src\Illuminate\Pipeline\Pipeline.php(167): App\Http\Middleware\IsAdmin->handle(Object(Illuminate\Http\Request), Object(Closure))
#14 C:\xampp\htdocs\pizza-prices\vendor\laravel\framework\src\Illuminate\Routing\Middleware\SubstituteBindings.php(41): Illuminate\Pipeline\Pipeline->Illuminate\Pipeline\{closure}(Object(Illuminate\Http\Request))
#15 C:\xampp\htdocs\pizza-prices\vendor\laravel\framework\src\Illuminate\Pipeline\Pipeline.php(167): Illuminate\Routing\Middleware\SubstituteBindings->handle(Object(Illuminate\Http\Request), Object(Closure))
#16 C:\xampp\htdocs\pizza-prices\vendor\laravel\framework\src\Illuminate\Auth\Middleware\Authenticate.php(44): Illuminate\Pipeline\Pipeline->Illuminate\Pipeline\{closure}(Object(Illuminate\Http\Request))
#17 C:\xampp\htdocs\pizza-prices\vendor\laravel\framework\src\Illuminate\Pipeline\Pipeline.php(167): Illuminate\Auth\Middleware\Authenticate->handle(Object(Illuminate\Http\Request), Object(Closure))
#18 C:\xampp\htdocs\pizza-prices\vendor\laravel\framework\src\Illuminate\Foundation\Http\Middleware\VerifyCsrfToken.php(76): Illuminate\Pipeline\Pipeline->Illuminate\Pipeline\{closure}(Object(Illuminate\Http\Request))
#19 C:\xampp\htdocs\pizza-prices\vendor\laravel\framework\src\Illuminate\Pipeline\Pipeline.php(167): Illuminate\Foundation\Http\Middleware\VerifyCsrfToken->handle(Object(Illuminate\Http\Request), Object(Closure))
#20 C:\xampp\htdocs\pizza-prices\vendor\laravel\framework\src\Illuminate\View\Middleware\ShareErrorsFromSession.php(49): Illuminate\Pipeline\Pipeline->Illuminate\Pipeline\{closure}(Object(Illuminate\Http\Request))
#21 C:\xampp\htdocs\pizza-prices\vendor\laravel\framework\src\Illuminate\Pipeline\Pipeline.php(167): Illuminate\View\Middleware\ShareErrorsFromSession->handle(Object(Illuminate\Http\Request), Object(Closure))
#22 C:\xampp\htdocs\pizza-prices\vendor\laravel\framework\src\Illuminate\Session\Middleware\StartSession.php(56): Illuminate\Pipeline\Pipeline->Illuminate\Pipeline\{closure}(Object(Illuminate\Http\Request))
#23 C:\xampp\htdocs\pizza-prices\vendor\laravel\framework\src\Illuminate\Pipeline\Pipeline.php(167): Illuminate\Session\Middleware\StartSession->handle(Object(Illuminate\Http\Request), Object(Closure))
#24 C:\xampp\htdocs\pizza-prices\vendor\laravel\framework\src\Illuminate\Cookie\Middleware\AddQueuedCookiesToResponse.php(37): Illuminate\Pipeline\Pipeline->Illuminate\Pipeline\{closure}(Object(Illuminate\Http\Request))
#25 C:\xampp\htdocs\pizza-prices\vendor\laravel\framework\src\Illuminate\Pipeline\Pipeline.php(167): Illuminate\Cookie\Middleware\AddQueuedCookiesToResponse->handle(Object(Illuminate\Http\Request), Object(Closure))
#26 C:\xampp\htdocs\pizza-prices\vendor\laravel\framework\src\Illuminate\Cookie\Middleware\EncryptCookies.php(66): Illuminate\Pipeline\Pipeline->Illuminate\Pipeline\{closure}(Object(Illuminate\Http\Request))
#27 C:\xampp\htdocs\pizza-prices\vendor\laravel\framework\src\Illuminate\Pipeline\Pipeline.php(167): Illuminate\Cookie\Middleware\EncryptCookies->handle(Object(Illuminate\Http\Request), Object(Closure))
#28 C:\xampp\htdocs\pizza-prices\vendor\laravel\framework\src\Illuminate\Pipeline\Pipeline.php(103): Illuminate\Pipeline\Pipeline->Illuminate\Pipeline\{closure}(Object(Illuminate\Http\Request))
#29 C:\xampp\htdocs\pizza-prices\vendor\laravel\framework\src\Illuminate\Routing\Router.php(683): Illuminate\Pipeline\Pipeline->then(Object(Closure))
#30 C:\xampp\htdocs\pizza-prices\vendor\laravel\framework\src\Illuminate\Routing\Router.php(658): Illuminate\Routing\Router->runRouteWithinStack(Object(Illuminate\Routing\Route), Object(Illuminate\Http\Request))
#31 C:\xampp\htdocs\pizza-prices\vendor\laravel\framework\src\Illuminate\Routing\Router.php(624): Illuminate\Routing\Router->runRoute(Object(Illuminate\Http\Request), Object(Illuminate\Routing\Route))
#32 C:\xampp\htdocs\pizza-prices\vendor\laravel\framework\src\Illuminate\Routing\Router.php(613): Illuminate\Routing\Router->dispatchToRoute(Object(Illuminate\Http\Request))
#33 C:\xampp\htdocs\pizza-prices\vendor\laravel\framework\src\Illuminate\Foundation\Http\Kernel.php(165): Illuminate\Routing\Router->dispatch(Object(Illuminate\Http\Request))
#34 C:\xampp\htdocs\pizza-prices\vendor\laravel\framework\src\Illuminate\Pipeline\Pipeline.php(128): Illuminate\Foundation\Http\Kernel->Illuminate\Foundation\Http\{closure}(Object(Illuminate\Http\Request))
#35 C:\xampp\htdocs\pizza-prices\vendor\laravel\framework\src\Illuminate\Foundation\Http\Middleware\TransformsRequest.php(21): Illuminate\Pipeline\Pipeline->Illuminate\Pipeline\{closure}(Object(Illuminate\Http\Request))
#36 C:\xampp\htdocs\pizza-prices\vendor\laravel\framework\src\Illuminate\Pipeline\Pipeline.php(167): Illuminate\Foundation\Http\Middleware\TransformsRequest->handle(Object(Illuminate\Http\Request), Object(Closure))
#37 C:\xampp\htdocs\pizza-prices\vendor\laravel\framework\src\Illuminate\Foundation\Http\Middleware\TransformsRequest.php(21): Illuminate\Pipeline\Pipeline->Illuminate\Pipeline\{closure}(Object(Illuminate\Http\Request))
#38 C:\xampp\htdocs\pizza-prices\vendor\laravel\framework\src\Illuminate\Pipeline\Pipeline.php(167): Illuminate\Foundation\Http\Middleware\TransformsRequest->handle(Object(Illuminate\Http\Request), Object(Closure))
#39 C:\xampp\htdocs\pizza-prices\vendor\laravel\framework\src\Illuminate\Foundation\Http\Middleware\ValidatePostSize.php(27): Illuminate\Pipeline\Pipeline->Illuminate\Pipeline\{closure}(Object(Illuminate\Http\Request))
#40 C:\xampp\htdocs\pizza-prices\vendor\laravel\framework\src\Illuminate\Pipeline\Pipeline.php(167): Illuminate\Foundation\Http\Middleware\ValidatePostSize->handle(Object(Illuminate\Http\Request), Object(Closure))
#41 C:\xampp\htdocs\pizza-prices\vendor\laravel\framework\src\Illuminate\Foundation\Http\Middleware\CheckForMaintenanceMode.php(63): Illuminate\Pipeline\Pipeline->Illuminate\Pipeline\{closure}(Object(Illuminate\Http\Request))
#42 C:\xampp\htdocs\pizza-prices\vendor\laravel\framework\src\Illuminate\Pipeline\Pipeline.php(167): Illuminate\Foundation\Http\Middleware\CheckForMaintenanceMode->handle(Object(Illuminate\Http\Request), Object(Closure))
#43 C:\xampp\htdocs\pizza-prices\vendor\fruitcake\laravel-cors\src\HandleCors.php(36): Illuminate\Pipeline\Pipeline->Illuminate\Pipeline\{closure}(Object(Illuminate\Http\Request))
#44 C:\xampp\htdocs\pizza-prices\vendor\laravel\framework\src\Illuminate\Pipeline\Pipeline.php(167): Fruitcake\Cors\HandleCors->handle(Object(Illuminate\Http\Request), Object(Closure))
#45 C:\xampp\htdocs\pizza-prices\vendor\fideloper\proxy\src\TrustProxies.php(57): Illuminate\Pipeline\Pipeline->Illuminate\Pipeline\{closure}(Object(Illuminate\Http\Request))
#46 C:\xampp\htdocs\pizza-prices\vendor\laravel\framework\src\Illuminate\Pipeline\Pipeline.php(167): Fideloper\Proxy\TrustProxies->handle(Object(Illuminate\Http\Request), Object(Closure))
#47 C:\xampp\htdocs\pizza-prices\vendor\laravel\framework\src\Illuminate\Pipeline\Pipeline.php(103): Illuminate\Pipeline\Pipeline->Illuminate\Pipeline\{closure}(Object(Illuminate\Http\Request))
#48 C:\xampp\htdocs\pizza-prices\vendor\laravel\framework\src\Illuminate\Foundation\Http\Kernel.php(140): Illuminate\Pipeline\Pipeline->then(Object(Closure))
#49 C:\xampp\htdocs\pizza-prices\vendor\laravel\framework\src\Illuminate\Foundation\Http\Kernel.php(109): Illuminate\Foundation\Http\Kernel->sendRequestThroughRouter(Object(Illuminate\Http\Request))
#50 C:\xampp\htdocs\pizza-prices\public\index.php(55): Illuminate\Foundation\Http\Kernel->handle(Object(Illuminate\Http\Request))
#51 C:\xampp\htdocs\pizza-prices\server.php(21): require_once('C:\\xampp\\htdocs...')
#52 {main}ErrorException: sort() expects parameter 1 to be array, bool given in C:\xampp\htdocs\pizza-prices\app\Http\Controllers\ProcessRawController.php:82
Stack trace:
#0 [internal function]: Illuminate\Foundation\Bootstrap\HandleExceptions->handleError(2, 'sort() expects ...', 'C:\\xampp\\htdocs...', 82, Array)
#1 C:\xampp\htdocs\pizza-prices\app\Http\Controllers\ProcessRawController.php(82): sort(false)
#2 C:\xampp\htdocs\pizza-prices\app\Http\Controllers\ProcessRawController.php(103): App\Http\Controllers\ProcessRawController->receptToString(false)
#3 C:\xampp\htdocs\pizza-prices\app\Http\Controllers\ProcessRawController.php(46): App\Http\Controllers\ProcessRawController->processPizza('Pipi pizza', false)
#4 C:\xampp\htdocs\pizza-prices\app\Http\Controllers\ProcessRawController.php(171): App\Http\Controllers\ProcessRawController->processContent(Object(Illuminate\Database\Eloquent\Collection), 9)
#5 [internal function]: App\Http\Controllers\ProcessRawController->processRaw()
#6 C:\xampp\htdocs\pizza-prices\vendor\laravel\framework\src\Illuminate\Routing\Controller.php(54): call_user_func_array(Array, Array)
#7 C:\xampp\htdocs\pizza-prices\vendor\laravel\framework\src\Illuminate\Routing\ControllerDispatcher.php(45): Illuminate\Routing\Controller->callAction('processRaw', Array)
#8 C:\xampp\htdocs\pizza-prices\vendor\laravel\framework\src\Illuminate\Routing\Route.php(225): Illuminate\Routing\ControllerDispatcher->dispatch(Object(Illuminate\Routing\Route), Object(App\Http\Controllers\ProcessRawController), 'processRaw')
#9 C:\xampp\htdocs\pizza-prices\vendor\laravel\framework\src\Illuminate\Routing\Route.php(182): Illuminate\Routing\Route->runController()
#10 C:\xampp\htdocs\pizza-prices\vendor\laravel\framework\src\Illuminate\Routing\Router.php(681): Illuminate\Routing\Route->run()
#11 C:\xampp\htdocs\pizza-prices\vendor\laravel\framework\src\Illuminate\Pipeline\Pipeline.php(128): Illuminate\Routing\Router->Illuminate\Routing\{closure}(Object(Illuminate\Http\Request))
#12 C:\xampp\htdocs\pizza-prices\app\Http\Middleware\IsAdmin.php(19): Illuminate\Pipeline\Pipeline->Illuminate\Pipeline\{closure}(Object(Illuminate\Http\Request))
#13 C:\xampp\htdocs\pizza-prices\vendor\laravel\framework\src\Illuminate\Pipeline\Pipeline.php(167): App\Http\Middleware\IsAdmin->handle(Object(Illuminate\Http\Request), Object(Closure))
#14 C:\xampp\htdocs\pizza-prices\vendor\laravel\framework\src\Illuminate\Routing\Middleware\SubstituteBindings.php(41): Illuminate\Pipeline\Pipeline->Illuminate\Pipeline\{closure}(Object(Illuminate\Http\Request))
#15 C:\xampp\htdocs\pizza-prices\vendor\laravel\framework\src\Illuminate\Pipeline\Pipeline.php(167): Illuminate\Routing\Middleware\SubstituteBindings->handle(Object(Illuminate\Http\Request), Object(Closure))
#16 C:\xampp\htdocs\pizza-prices\vendor\laravel\framework\src\Illuminate\Auth\Middleware\Authenticate.php(44): Illuminate\Pipeline\Pipeline->Illuminate\Pipeline\{closure}(Object(Illuminate\Http\Request))
#17 C:\xampp\htdocs\pizza-prices\vendor\laravel\framework\src\Illuminate\Pipeline\Pipeline.php(167): Illuminate\Auth\Middleware\Authenticate->handle(Object(Illuminate\Http\Request), Object(Closure))
#18 C:\xampp\htdocs\pizza-prices\vendor\laravel\framework\src\Illuminate\Foundation\Http\Middleware\VerifyCsrfToken.php(76): Illuminate\Pipeline\Pipeline->Illuminate\Pipeline\{closure}(Object(Illuminate\Http\Request))
#19 C:\xampp\htdocs\pizza-prices\vendor\laravel\framework\src\Illuminate\Pipeline\Pipeline.php(167): Illuminate\Foundation\Http\Middleware\VerifyCsrfToken->handle(Object(Illuminate\Http\Request), Object(Closure))
#20 C:\xampp\htdocs\pizza-prices\vendor\laravel\framework\src\Illuminate\View\Middleware\ShareErrorsFromSession.php(49): Illuminate\Pipeline\Pipeline->Illuminate\Pipeline\{closure}(Object(Illuminate\Http\Request))
#21 C:\xampp\htdocs\pizza-prices\vendor\laravel\framework\src\Illuminate\Pipeline\Pipeline.php(167): Illuminate\View\Middleware\ShareErrorsFromSession->handle(Object(Illuminate\Http\Request), Object(Closure))
#22 C:\xampp\htdocs\pizza-prices\vendor\laravel\framework\src\Illuminate\Session\Middleware\StartSession.php(56): Illuminate\Pipeline\Pipeline->Illuminate\Pipeline\{closure}(Object(Illuminate\Http\Request))
#23 C:\xampp\htdocs\pizza-prices\vendor\laravel\framework\src\Illuminate\Pipeline\Pipeline.php(167): Illuminate\Session\Middleware\StartSession->handle(Object(Illuminate\Http\Request), Object(Closure))
#24 C:\xampp\htdocs\pizza-prices\vendor\laravel\framework\src\Illuminate\Cookie\Middleware\AddQueuedCookiesToResponse.php(37): Illuminate\Pipeline\Pipeline->Illuminate\Pipeline\{closure}(Object(Illuminate\Http\Request))
#25 C:\xampp\htdocs\pizza-prices\vendor\laravel\framework\src\Illuminate\Pipeline\Pipeline.php(167): Illuminate\Cookie\Middleware\AddQueuedCookiesToResponse->handle(Object(Illuminate\Http\Request), Object(Closure))
#26 C:\xampp\htdocs\pizza-prices\vendor\laravel\framework\src\Illuminate\Cookie\Middleware\EncryptCookies.php(66): Illuminate\Pipeline\Pipeline->Illuminate\Pipeline\{closure}(Object(Illuminate\Http\Request))
#27 C:\xampp\htdocs\pizza-prices\vendor\laravel\framework\src\Illuminate\Pipeline\Pipeline.php(167): Illuminate\Cookie\Middleware\EncryptCookies->handle(Object(Illuminate\Http\Request), Object(Closure))
#28 C:\xampp\htdocs\pizza-prices\vendor\laravel\framework\src\Illuminate\Pipeline\Pipeline.php(103): Illuminate\Pipeline\Pipeline->Illuminate\Pipeline\{closure}(Object(Illuminate\Http\Request))
#29 C:\xampp\htdocs\pizza-prices\vendor\laravel\framework\src\Illuminate\Routing\Router.php(683): Illuminate\Pipeline\Pipeline->then(Object(Closure))
#30 C:\xampp\htdocs\pizza-prices\vendor\laravel\framework\src\Illuminate\Routing\Router.php(658): Illuminate\Routing\Router->runRouteWithinStack(Object(Illuminate\Routing\Route), Object(Illuminate\Http\Request))
#31 C:\xampp\htdocs\pizza-prices\vendor\laravel\framework\src\Illuminate\Routing\Router.php(624): Illuminate\Routing\Router->runRoute(Object(Illuminate\Http\Request), Object(Illuminate\Routing\Route))
#32 C:\xampp\htdocs\pizza-prices\vendor\laravel\framework\src\Illuminate\Routing\Router.php(613): Illuminate\Routing\Router->dispatchToRoute(Object(Illuminate\Http\Request))
#33 C:\xampp\htdocs\pizza-prices\vendor\laravel\framework\src\Illuminate\Foundation\Http\Kernel.php(165): Illuminate\Routing\Router->dispatch(Object(Illuminate\Http\Request))
#34 C:\xampp\htdocs\pizza-prices\vendor\laravel\framework\src\Illuminate\Pipeline\Pipeline.php(128): Illuminate\Foundation\Http\Kernel->Illuminate\Foundation\Http\{closure}(Object(Illuminate\Http\Request))
#35 C:\xampp\htdocs\pizza-prices\vendor\laravel\framework\src\Illuminate\Foundation\Http\Middleware\TransformsRequest.php(21): Illuminate\Pipeline\Pipeline->Illuminate\Pipeline\{closure}(Object(Illuminate\Http\Request))
#36 C:\xampp\htdocs\pizza-prices\vendor\laravel\framework\src\Illuminate\Pipeline\Pipeline.php(167): Illuminate\Foundation\Http\Middleware\TransformsRequest->handle(Object(Illuminate\Http\Request), Object(Closure))
#37 C:\xampp\htdocs\pizza-prices\vendor\laravel\framework\src\Illuminate\Foundation\Http\Middleware\TransformsRequest.php(21): Illuminate\Pipeline\Pipeline->Illuminate\Pipeline\{closure}(Object(Illuminate\Http\Request))
#38 C:\xampp\htdocs\pizza-prices\vendor\laravel\framework\src\Illuminate\Pipeline\Pipeline.php(167): Illuminate\Foundation\Http\Middleware\TransformsRequest->handle(Object(Illuminate\Http\Request), Object(Closure))
#39 C:\xampp\htdocs\pizza-prices\vendor\laravel\framework\src\Illuminate\Foundation\Http\Middleware\ValidatePostSize.php(27): Illuminate\Pipeline\Pipeline->Illuminate\Pipeline\{closure}(Object(Illuminate\Http\Request))
#40 C:\xampp\htdocs\pizza-prices\vendor\laravel\framework\src\Illuminate\Pipeline\Pipeline.php(167): Illuminate\Foundation\Http\Middleware\ValidatePostSize->handle(Object(Illuminate\Http\Request), Object(Closure))
#41 C:\xampp\htdocs\pizza-prices\vendor\laravel\framework\src\Illuminate\Foundation\Http\Middleware\CheckForMaintenanceMode.php(63): Illuminate\Pipeline\Pipeline->Illuminate\Pipeline\{closure}(Object(Illuminate\Http\Request))
#42 C:\xampp\htdocs\pizza-prices\vendor\laravel\framework\src\Illuminate\Pipeline\Pipeline.php(167): Illuminate\Foundation\Http\Middleware\CheckForMaintenanceMode->handle(Object(Illuminate\Http\Request), Object(Closure))
#43 C:\xampp\htdocs\pizza-prices\vendor\fruitcake\laravel-cors\src\HandleCors.php(36): Illuminate\Pipeline\Pipeline->Illuminate\Pipeline\{closure}(Object(Illuminate\Http\Request))
#44 C:\xampp\htdocs\pizza-prices\vendor\laravel\framework\src\Illuminate\Pipeline\Pipeline.php(167): Fruitcake\Cors\HandleCors->handle(Object(Illuminate\Http\Request), Object(Closure))
#45 C:\xampp\htdocs\pizza-prices\vendor\fideloper\proxy\src\TrustProxies.php(57): Illuminate\Pipeline\Pipeline->Illuminate\Pipeline\{closure}(Object(Illuminate\Http\Request))
#46 C:\xampp\htdocs\pizza-prices\vendor\laravel\framework\src\Illuminate\Pipeline\Pipeline.php(167): Fideloper\Proxy\TrustProxies->handle(Object(Illuminate\Http\Request), Object(Closure))
#47 C:\xampp\htdocs\pizza-prices\vendor\laravel\framework\src\Illuminate\Pipeline\Pipeline.php(103): Illuminate\Pipeline\Pipeline->Illuminate\Pipeline\{closure}(Object(Illuminate\Http\Request))
#48 C:\xampp\htdocs\pizza-prices\vendor\laravel\framework\src\Illuminate\Foundation\Http\Kernel.php(140): Illuminate\Pipeline\Pipeline->then(Object(Closure))
#49 C:\xampp\htdocs\pizza-prices\vendor\laravel\framework\src\Illuminate\Foundation\Http\Kernel.php(109): Illuminate\Foundation\Http\Kernel->sendRequestThroughRouter(Object(Illuminate\Http\Request))
#50 C:\xampp\htdocs\pizza-prices\public\index.php(55): Illuminate\Foundation\Http\Kernel->handle(Object(Illuminate\Http\Request))
#51 C:\xampp\htdocs\pizza-prices\server.php(21): require_once('C:\\xampp\\htdocs...')
#52 {main}Error: Call to undefined function App\Http\Controllers\typeOf() in C:\xampp\htdocs\pizza-prices\app\Http\Controllers\ProcessRawController.php:82
Stack trace:
#0 C:\xampp\htdocs\pizza-prices\app\Http\Controllers\ProcessRawController.php(104): App\Http\Controllers\ProcessRawController->receptToString(false)
#1 C:\xampp\htdocs\pizza-prices\app\Http\Controllers\ProcessRawController.php(46): App\Http\Controllers\ProcessRawController->processPizza('Pipi pizza', false)
#2 C:\xampp\htdocs\pizza-prices\app\Http\Controllers\ProcessRawController.php(172): App\Http\Controllers\ProcessRawController->processContent(Object(Illuminate\Database\Eloquent\Collection), 9)
#3 [internal function]: App\Http\Controllers\ProcessRawController->processRaw()
#4 C:\xampp\htdocs\pizza-prices\vendor\laravel\framework\src\Illuminate\Routing\Controller.php(54): call_user_func_array(Array, Array)
#5 C:\xampp\htdocs\pizza-prices\vendor\laravel\framework\src\Illuminate\Routing\ControllerDispatcher.php(45): Illuminate\Routing\Controller->callAction('processRaw', Array)
#6 C:\xampp\htdocs\pizza-prices\vendor\laravel\framework\src\Illuminate\Routing\Route.php(225): Illuminate\Routing\ControllerDispatcher->dispatch(Object(Illuminate\Routing\Route), Object(App\Http\Controllers\ProcessRawController), 'processRaw')
#7 C:\xampp\htdocs\pizza-prices\vendor\laravel\framework\src\Illuminate\Routing\Route.php(182): Illuminate\Routing\Route->runController()
#8 C:\xampp\htdocs\pizza-prices\vendor\laravel\framework\src\Illuminate\Routing\Router.php(681): Illuminate\Routing\Route->run()
#9 C:\xampp\htdocs\pizza-prices\vendor\laravel\framework\src\Illuminate\Pipeline\Pipeline.php(128): Illuminate\Routing\Router->Illuminate\Routing\{closure}(Object(Illuminate\Http\Request))
#10 C:\xampp\htdocs\pizza-prices\app\Http\Middleware\IsAdmin.php(19): Illuminate\Pipeline\Pipeline->Illuminate\Pipeline\{closure}(Object(Illuminate\Http\Request))
#11 C:\xampp\htdocs\pizza-prices\vendor\laravel\framework\src\Illuminate\Pipeline\Pipeline.php(167): App\Http\Middleware\IsAdmin->handle(Object(Illuminate\Http\Request), Object(Closure))
#12 C:\xampp\htdocs\pizza-prices\vendor\laravel\framework\src\Illuminate\Routing\Middleware\SubstituteBindings.php(41): Illuminate\Pipeline\Pipeline->Illuminate\Pipeline\{closure}(Object(Illuminate\Http\Request))
#13 C:\xampp\htdocs\pizza-prices\vendor\laravel\framework\src\Illuminate\Pipeline\Pipeline.php(167): Illuminate\Routing\Middleware\SubstituteBindings->handle(Object(Illuminate\Http\Request), Object(Closure))
#14 C:\xampp\htdocs\pizza-prices\vendor\laravel\framework\src\Illuminate\Auth\Middleware\Authenticate.php(44): Illuminate\Pipeline\Pipeline->Illuminate\Pipeline\{closure}(Object(Illuminate\Http\Request))
#15 C:\xampp\htdocs\pizza-prices\vendor\laravel\framework\src\Illuminate\Pipeline\Pipeline.php(167): Illuminate\Auth\Middleware\Authenticate->handle(Object(Illuminate\Http\Request), Object(Closure))
#16 C:\xampp\htdocs\pizza-prices\vendor\laravel\framework\src\Illuminate\Foundation\Http\Middleware\VerifyCsrfToken.php(76): Illuminate\Pipeline\Pipeline->Illuminate\Pipeline\{closure}(Object(Illuminate\Http\Request))
#17 C:\xampp\htdocs\pizza-prices\vendor\laravel\framework\src\Illuminate\Pipeline\Pipeline.php(167): Illuminate\Foundation\Http\Middleware\VerifyCsrfToken->handle(Object(Illuminate\Http\Request), Object(Closure))
#18 C:\xampp\htdocs\pizza-prices\vendor\laravel\framework\src\Illuminate\View\Middleware\ShareErrorsFromSession.php(49): Illuminate\Pipeline\Pipeline->Illuminate\Pipeline\{closure}(Object(Illuminate\Http\Request))
#19 C:\xampp\htdocs\pizza-prices\vendor\laravel\framework\src\Illuminate\Pipeline\Pipeline.php(167): Illuminate\View\Middleware\ShareErrorsFromSession->handle(Object(Illuminate\Http\Request), Object(Closure))
#20 C:\xampp\htdocs\pizza-prices\vendor\laravel\framework\src\Illuminate\Session\Middleware\StartSession.php(56): Illuminate\Pipeline\Pipeline->Illuminate\Pipeline\{closure}(Object(Illuminate\Http\Request))
#21 C:\xampp\htdocs\pizza-prices\vendor\laravel\framework\src\Illuminate\Pipeline\Pipeline.php(167): Illuminate\Session\Middleware\StartSession->handle(Object(Illuminate\Http\Request), Object(Closure))
#22 C:\xampp\htdocs\pizza-prices\vendor\laravel\framework\src\Illuminate\Cookie\Middleware\AddQueuedCookiesToResponse.php(37): Illuminate\Pipeline\Pipeline->Illuminate\Pipeline\{closure}(Object(Illuminate\Http\Request))
#23 C:\xampp\htdocs\pizza-prices\vendor\laravel\framework\src\Illuminate\Pipeline\Pipeline.php(167): Illuminate\Cookie\Middleware\AddQueuedCookiesToResponse->handle(Object(Illuminate\Http\Request), Object(Closure))
#24 C:\xampp\htdocs\pizza-prices\vendor\laravel\framework\src\Illuminate\Cookie\Middleware\EncryptCookies.php(66): Illuminate\Pipeline\Pipeline->Illuminate\Pipeline\{closure}(Object(Illuminate\Http\Request))
#25 C:\xampp\htdocs\pizza-prices\vendor\laravel\framework\src\Illuminate\Pipeline\Pipeline.php(167): Illuminate\Cookie\Middleware\EncryptCookies->handle(Object(Illuminate\Http\Request), Object(Closure))
#26 C:\xampp\htdocs\pizza-prices\vendor\laravel\framework\src\Illuminate\Pipeline\Pipeline.php(103): Illuminate\Pipeline\Pipeline->Illuminate\Pipeline\{closure}(Object(Illuminate\Http\Request))
#27 C:\xampp\htdocs\pizza-prices\vendor\laravel\framework\src\Illuminate\Routing\Router.php(683): Illuminate\Pipeline\Pipeline->then(Object(Closure))
#28 C:\xampp\htdocs\pizza-prices\vendor\laravel\framework\src\Illuminate\Routing\Router.php(658): Illuminate\Routing\Router->runRouteWithinStack(Object(Illuminate\Routing\Route), Object(Illuminate\Http\Request))
#29 C:\xampp\htdocs\pizza-prices\vendor\laravel\framework\src\Illuminate\Routing\Router.php(624): Illuminate\Routing\Router->runRoute(Object(Illuminate\Http\Request), Object(Illuminate\Routing\Route))
#30 C:\xampp\htdocs\pizza-prices\vendor\laravel\framework\src\Illuminate\Routing\Router.php(613): Illuminate\Routing\Router->dispatchToRoute(Object(Illuminate\Http\Request))
#31 C:\xampp\htdocs\pizza-prices\vendor\laravel\framework\src\Illuminate\Foundation\Http\Kernel.php(165): Illuminate\Routing\Router->dispatch(Object(Illuminate\Http\Request))
#32 C:\xampp\htdocs\pizza-prices\vendor\laravel\framework\src\Illuminate\Pipeline\Pipeline.php(128): Illuminate\Foundation\Http\Kernel->Illuminate\Foundation\Http\{closure}(Object(Illuminate\Http\Request))
#33 C:\xampp\htdocs\pizza-prices\vendor\laravel\framework\src\Illuminate\Foundation\Http\Middleware\TransformsRequest.php(21): Illuminate\Pipeline\Pipeline->Illuminate\Pipeline\{closure}(Object(Illuminate\Http\Request))
#34 C:\xampp\htdocs\pizza-prices\vendor\laravel\framework\src\Illuminate\Pipeline\Pipeline.php(167): Illuminate\Foundation\Http\Middleware\TransformsRequest->handle(Object(Illuminate\Http\Request), Object(Closure))
#35 C:\xampp\htdocs\pizza-prices\vendor\laravel\framework\src\Illuminate\Foundation\Http\Middleware\TransformsRequest.php(21): Illuminate\Pipeline\Pipeline->Illuminate\Pipeline\{closure}(Object(Illuminate\Http\Request))
#36 C:\xampp\htdocs\pizza-prices\vendor\laravel\framework\src\Illuminate\Pipeline\Pipeline.php(167): Illuminate\Foundation\Http\Middleware\TransformsRequest->handle(Object(Illuminate\Http\Request), Object(Closure))
#37 C:\xampp\htdocs\pizza-prices\vendor\laravel\framework\src\Illuminate\Foundation\Http\Middleware\ValidatePostSize.php(27): Illuminate\Pipeline\Pipeline->Illuminate\Pipeline\{closure}(Object(Illuminate\Http\Request))
#38 C:\xampp\htdocs\pizza-prices\vendor\laravel\framework\src\Illuminate\Pipeline\Pipeline.php(167): Illuminate\Foundation\Http\Middleware\ValidatePostSize->handle(Object(Illuminate\Http\Request), Object(Closure))
#39 C:\xampp\htdocs\pizza-prices\vendor\laravel\framework\src\Illuminate\Foundation\Http\Middleware\CheckForMaintenanceMode.php(63): Illuminate\Pipeline\Pipeline->Illuminate\Pipeline\{closure}(Object(Illuminate\Http\Request))
#40 C:\xampp\htdocs\pizza-prices\vendor\laravel\framework\src\Illuminate\Pipeline\Pipeline.php(167): Illuminate\Foundation\Http\Middleware\CheckForMaintenanceMode->handle(Object(Illuminate\Http\Request), Object(Closure))
#41 C:\xampp\htdocs\pizza-prices\vendor\fruitcake\laravel-cors\src\HandleCors.php(36): Illuminate\Pipeline\Pipeline->Illuminate\Pipeline\{closure}(Object(Illuminate\Http\Request))
#42 C:\xampp\htdocs\pizza-prices\vendor\laravel\framework\src\Illuminate\Pipeline\Pipeline.php(167): Fruitcake\Cors\HandleCors->handle(Object(Illuminate\Http\Request), Object(Closure))
#43 C:\xampp\htdocs\pizza-prices\vendor\fideloper\proxy\src\TrustProxies.php(57): Illuminate\Pipeline\Pipeline->Illuminate\Pipeline\{closure}(Object(Illuminate\Http\Request))
#44 C:\xampp\htdocs\pizza-prices\vendor\laravel\framework\src\Illuminate\Pipeline\Pipeline.php(167): Fideloper\Proxy\TrustProxies->handle(Object(Illuminate\Http\Request), Object(Closure))
#45 C:\xampp\htdocs\pizza-prices\vendor\laravel\framework\src\Illuminate\Pipeline\Pipeline.php(103): Illuminate\Pipeline\Pipeline->Illuminate\Pipeline\{closure}(Object(Illuminate\Http\Request))
#46 C:\xampp\htdocs\pizza-prices\vendor\laravel\framework\src\Illuminate\Foundation\Http\Kernel.php(140): Illuminate\Pipeline\Pipeline->then(Object(Closure))
#47 C:\xampp\htdocs\pizza-prices\vendor\laravel\framework\src\Illuminate\Foundation\Http\Kernel.php(109): Illuminate\Foundation\Http\Kernel->sendRequestThroughRouter(Object(Illuminate\Http\Request))
#48 C:\xampp\htdocs\pizza-prices\public\index.php(55): Illuminate\Foundation\Http\Kernel->handle(Object(Illuminate\Http\Request))
#49 C:\xampp\htdocs\pizza-prices\server.php(21): require_once('C:\\xampp\\htdocs...')
#50 {main}ErrorException: in_array() expects parameter 2 to be array, bool given in C:\xampp\htdocs\pizza-prices\app\Http\Controllers\ProcessRawController.php:121
Stack trace:
#0 [internal function]: Illuminate\Foundation\Bootstrap\HandleExceptions->handleError(2, 'in_array() expe...', 'C:\\xampp\\htdocs...', 121, Array)
#1 C:\xampp\htdocs\pizza-prices\app\Http\Controllers\ProcessRawController.php(121): in_array(1, false)
#2 C:\xampp\htdocs\pizza-prices\app\Http\Controllers\ProcessRawController.php(46): App\Http\Controllers\ProcessRawController->processPizza('Pipi pizza', false)
#3 C:\xampp\htdocs\pizza-prices\app\Http\Controllers\ProcessRawController.php(176): App\Http\Controllers\ProcessRawController->processContent(Object(Illuminate\Database\Eloquent\Collection), 9)
#4 [internal function]: App\Http\Controllers\ProcessRawController->processRaw()
#5 C:\xampp\htdocs\pizza-prices\vendor\laravel\framework\src\Illuminate\Routing\Controller.php(54): call_user_func_array(Array, Array)
#6 C:\xampp\htdocs\pizza-prices\vendor\laravel\framework\src\Illuminate\Routing\ControllerDispatcher.php(45): Illuminate\Routing\Controller->callAction('processRaw', Array)
#7 C:\xampp\htdocs\pizza-prices\vendor\laravel\framework\src\Illuminate\Routing\Route.php(225): Illuminate\Routing\ControllerDispatcher->dispatch(Object(Illuminate\Routing\Route), Object(App\Http\Controllers\ProcessRawController), 'processRaw')
#8 C:\xampp\htdocs\pizza-prices\vendor\laravel\framework\src\Illuminate\Routing\Route.php(182): Illuminate\Routing\Route->runController()
#9 C:\xampp\htdocs\pizza-prices\vendor\laravel\framework\src\Illuminate\Routing\Router.php(681): Illuminate\Routing\Route->run()
#10 C:\xampp\htdocs\pizza-prices\vendor\laravel\framework\src\Illuminate\Pipeline\Pipeline.php(128): Illuminate\Routing\Router->Illuminate\Routing\{closure}(Object(Illuminate\Http\Request))
#11 C:\xampp\htdocs\pizza-prices\app\Http\Middleware\IsAdmin.php(19): Illuminate\Pipeline\Pipeline->Illuminate\Pipeline\{closure}(Object(Illuminate\Http\Request))
#12 C:\xampp\htdocs\pizza-prices\vendor\laravel\framework\src\Illuminate\Pipeline\Pipeline.php(167): App\Http\Middleware\IsAdmin->handle(Object(Illuminate\Http\Request), Object(Closure))
#13 C:\xampp\htdocs\pizza-prices\vendor\laravel\framework\src\Illuminate\Routing\Middleware\SubstituteBindings.php(41): Illuminate\Pipeline\Pipeline->Illuminate\Pipeline\{closure}(Object(Illuminate\Http\Request))
#14 C:\xampp\htdocs\pizza-prices\vendor\laravel\framework\src\Illuminate\Pipeline\Pipeline.php(167): Illuminate\Routing\Middleware\SubstituteBindings->handle(Object(Illuminate\Http\Request), Object(Closure))
#15 C:\xampp\htdocs\pizza-prices\vendor\laravel\framework\src\Illuminate\Auth\Middleware\Authenticate.php(44): Illuminate\Pipeline\Pipeline->Illuminate\Pipeline\{closure}(Object(Illuminate\Http\Request))
#16 C:\xampp\htdocs\pizza-prices\vendor\laravel\framework\src\Illuminate\Pipeline\Pipeline.php(167): Illuminate\Auth\Middleware\Authenticate->handle(Object(Illuminate\Http\Request), Object(Closure))
#17 C:\xampp\htdocs\pizza-prices\vendor\laravel\framework\src\Illuminate\Foundation\Http\Middleware\VerifyCsrfToken.php(76): Illuminate\Pipeline\Pipeline->Illuminate\Pipeline\{closure}(Object(Illuminate\Http\Request))
#18 C:\xampp\htdocs\pizza-prices\vendor\laravel\framework\src\Illuminate\Pipeline\Pipeline.php(167): Illuminate\Foundation\Http\Middleware\VerifyCsrfToken->handle(Object(Illuminate\Http\Request), Object(Closure))
#19 C:\xampp\htdocs\pizza-prices\vendor\laravel\framework\src\Illuminate\View\Middleware\ShareErrorsFromSession.php(49): Illuminate\Pipeline\Pipeline->Illuminate\Pipeline\{closure}(Object(Illuminate\Http\Request))
#20 C:\xampp\htdocs\pizza-prices\vendor\laravel\framework\src\Illuminate\Pipeline\Pipeline.php(167): Illuminate\View\Middleware\ShareErrorsFromSession->handle(Object(Illuminate\Http\Request), Object(Closure))
#21 C:\xampp\htdocs\pizza-prices\vendor\laravel\framework\src\Illuminate\Session\Middleware\StartSession.php(56): Illuminate\Pipeline\Pipeline->Illuminate\Pipeline\{closure}(Object(Illuminate\Http\Request))
#22 C:\xampp\htdocs\pizza-prices\vendor\laravel\framework\src\Illuminate\Pipeline\Pipeline.php(167): Illuminate\Session\Middleware\StartSession->handle(Object(Illuminate\Http\Request), Object(Closure))
#23 C:\xampp\htdocs\pizza-prices\vendor\laravel\framework\src\Illuminate\Cookie\Middleware\AddQueuedCookiesToResponse.php(37): Illuminate\Pipeline\Pipeline->Illuminate\Pipeline\{closure}(Object(Illuminate\Http\Request))
#24 C:\xampp\htdocs\pizza-prices\vendor\laravel\framework\src\Illuminate\Pipeline\Pipeline.php(167): Illuminate\Cookie\Middleware\AddQueuedCookiesToResponse->handle(Object(Illuminate\Http\Request), Object(Closure))
#25 C:\xampp\htdocs\pizza-prices\vendor\laravel\framework\src\Illuminate\Cookie\Middleware\EncryptCookies.php(66): Illuminate\Pipeline\Pipeline->Illuminate\Pipeline\{closure}(Object(Illuminate\Http\Request))
#26 C:\xampp\htdocs\pizza-prices\vendor\laravel\framework\src\Illuminate\Pipeline\Pipeline.php(167): Illuminate\Cookie\Middleware\EncryptCookies->handle(Object(Illuminate\Http\Request), Object(Closure))
#27 C:\xampp\htdocs\pizza-prices\vendor\laravel\framework\src\Illuminate\Pipeline\Pipeline.php(103): Illuminate\Pipeline\Pipeline->Illuminate\Pipeline\{closure}(Object(Illuminate\Http\Request))
#28 C:\xampp\htdocs\pizza-prices\vendor\laravel\framework\src\Illuminate\Routing\Router.php(683): Illuminate\Pipeline\Pipeline->then(Object(Closure))
#29 C:\xampp\htdocs\pizza-prices\vendor\laravel\framework\src\Illuminate\Routing\Router.php(658): Illuminate\Routing\Router->runRouteWithinStack(Object(Illuminate\Routing\Route), Object(Illuminate\Http\Request))
#30 C:\xampp\htdocs\pizza-prices\vendor\laravel\framework\src\Illuminate\Routing\Router.php(624): Illuminate\Routing\Router->runRoute(Object(Illuminate\Http\Request), Object(Illuminate\Routing\Route))
#31 C:\xampp\htdocs\pizza-prices\vendor\laravel\framework\src\Illuminate\Routing\Router.php(613): Illuminate\Routing\Router->dispatchToRoute(Object(Illuminate\Http\Request))
#32 C:\xampp\htdocs\pizza-prices\vendor\laravel\framework\src\Illuminate\Foundation\Http\Kernel.php(165): Illuminate\Routing\Router->dispatch(Object(Illuminate\Http\Request))
#33 C:\xampp\htdocs\pizza-prices\vendor\laravel\framework\src\Illuminate\Pipeline\Pipeline.php(128): Illuminate\Foundation\Http\Kernel->Illuminate\Foundation\Http\{closure}(Object(Illuminate\Http\Request))
#34 C:\xampp\htdocs\pizza-prices\vendor\laravel\framework\src\Illuminate\Foundation\Http\Middleware\TransformsRequest.php(21): Illuminate\Pipeline\Pipeline->Illuminate\Pipeline\{closure}(Object(Illuminate\Http\Request))
#35 C:\xampp\htdocs\pizza-prices\vendor\laravel\framework\src\Illuminate\Pipeline\Pipeline.php(167): Illuminate\Foundation\Http\Middleware\TransformsRequest->handle(Object(Illuminate\Http\Request), Object(Closure))
#36 C:\xampp\htdocs\pizza-prices\vendor\laravel\framework\src\Illuminate\Foundation\Http\Middleware\TransformsRequest.php(21): Illuminate\Pipeline\Pipeline->Illuminate\Pipeline\{closure}(Object(Illuminate\Http\Request))
#37 C:\xampp\htdocs\pizza-prices\vendor\laravel\framework\src\Illuminate\Pipeline\Pipeline.php(167): Illuminate\Foundation\Http\Middleware\TransformsRequest->handle(Object(Illuminate\Http\Request), Object(Closure))
#38 C:\xampp\htdocs\pizza-prices\vendor\laravel\framework\src\Illuminate\Foundation\Http\Middleware\ValidatePostSize.php(27): Illuminate\Pipeline\Pipeline->Illuminate\Pipeline\{closure}(Object(Illuminate\Http\Request))
#39 C:\xampp\htdocs\pizza-prices\vendor\laravel\framework\src\Illuminate\Pipeline\Pipeline.php(167): Illuminate\Foundation\Http\Middleware\ValidatePostSize->handle(Object(Illuminate\Http\Request), Object(Closure))
#40 C:\xampp\htdocs\pizza-prices\vendor\laravel\framework\src\Illuminate\Foundation\Http\Middleware\CheckForMaintenanceMode.php(63): Illuminate\Pipeline\Pipeline->Illuminate\Pipeline\{closure}(Object(Illuminate\Http\Request))
#41 C:\xampp\htdocs\pizza-prices\vendor\laravel\framework\src\Illuminate\Pipeline\Pipeline.php(167): Illuminate\Foundation\Http\Middleware\CheckForMaintenanceMode->handle(Object(Illuminate\Http\Request), Object(Closure))
#42 C:\xampp\htdocs\pizza-prices\vendor\fruitcake\laravel-cors\src\HandleCors.php(36): Illuminate\Pipeline\Pipeline->Illuminate\Pipeline\{closure}(Object(Illuminate\Http\Request))
#43 C:\xampp\htdocs\pizza-prices\vendor\laravel\framework\src\Illuminate\Pipeline\Pipeline.php(167): Fruitcake\Cors\HandleCors->handle(Object(Illuminate\Http\Request), Object(Closure))
#44 C:\xampp\htdocs\pizza-prices\vendor\fideloper\proxy\src\TrustProxies.php(57): Illuminate\Pipeline\Pipeline->Illuminate\Pipeline\{closure}(Object(Illuminate\Http\Request))
#45 C:\xampp\htdocs\pizza-prices\vendor\laravel\framework\src\Illuminate\Pipeline\Pipeline.php(167): Fideloper\Proxy\TrustProxies->handle(Object(Illuminate\Http\Request), Object(Closure))
#46 C:\xampp\htdocs\pizza-prices\vendor\laravel\framework\src\Illuminate\Pipeline\Pipeline.php(103): Illuminate\Pipeline\Pipeline->Illuminate\Pipeline\{closure}(Object(Illuminate\Http\Request))
#47 C:\xampp\htdocs\pizza-prices\vendor\laravel\framework\src\Illuminate\Foundation\Http\Kernel.php(140): Illuminate\Pipeline\Pipeline->then(Object(Closure))
#48 C:\xampp\htdocs\pizza-prices\vendor\laravel\framework\src\Illuminate\Foundation\Http\Kernel.php(109): Illuminate\Foundation\Http\Kernel->sendRequestThroughRouter(Object(Illuminate\Http\Request))
#49 C:\xampp\htdocs\pizza-prices\public\index.php(55): Illuminate\Foundation\Http\Kernel->handle(Object(Illuminate\Http\Request))
#50 C:\xampp\htdocs\pizza-prices\server.php(21): require_once('C:\\xampp\\htdocs...')
#51 {main}ErrorException: in_array() expects parameter 2 to be array, bool given in C:\xampp\htdocs\pizza-prices\app\Http\Controllers\ProcessRawController.php:124
Stack trace:
#0 [internal function]: Illuminate\Foundation\Bootstrap\HandleExceptions->handleError(2, 'in_array() expe...', 'C:\\xampp\\htdocs...', 124, Array)
#1 C:\xampp\htdocs\pizza-prices\app\Http\Controllers\ProcessRawController.php(124): in_array(1, false)
#2 C:\xampp\htdocs\pizza-prices\app\Http\Controllers\ProcessRawController.php(46): App\Http\Controllers\ProcessRawController->processPizza('Pipi pizza', false)
#3 C:\xampp\htdocs\pizza-prices\app\Http\Controllers\ProcessRawController.php(179): App\Http\Controllers\ProcessRawController->processContent(Object(Illuminate\Database\Eloquent\Collection), 9)
#4 [internal function]: App\Http\Controllers\ProcessRawController->processRaw()
#5 C:\xampp\htdocs\pizza-prices\vendor\laravel\framework\src\Illuminate\Routing\Controller.php(54): call_user_func_array(Array, Array)
#6 C:\xampp\htdocs\pizza-prices\vendor\laravel\framework\src\Illuminate\Routing\ControllerDispatcher.php(45): Illuminate\Routing\Controller->callAction('processRaw', Array)
#7 C:\xampp\htdocs\pizza-prices\vendor\laravel\framework\src\Illuminate\Routing\Route.php(225): Illuminate\Routing\ControllerDispatcher->dispatch(Object(Illuminate\Routing\Route), Object(App\Http\Controllers\ProcessRawController), 'processRaw')
#8 C:\xampp\htdocs\pizza-prices\vendor\laravel\framework\src\Illuminate\Routing\Route.php(182): Illuminate\Routing\Route->runController()
#9 C:\xampp\htdocs\pizza-prices\vendor\laravel\framework\src\Illuminate\Routing\Router.php(681): Illuminate\Routing\Route->run()
#10 C:\xampp\htdocs\pizza-prices\vendor\laravel\framework\src\Illuminate\Pipeline\Pipeline.php(128): Illuminate\Routing\Router->Illuminate\Routing\{closure}(Object(Illuminate\Http\Request))
#11 C:\xampp\htdocs\pizza-prices\app\Http\Middleware\IsAdmin.php(19): Illuminate\Pipeline\Pipeline->Illuminate\Pipeline\{closure}(Object(Illuminate\Http\Request))
#12 C:\xampp\htdocs\pizza-prices\vendor\laravel\framework\src\Illuminate\Pipeline\Pipeline.php(167): App\Http\Middleware\IsAdmin->handle(Object(Illuminate\Http\Request), Object(Closure))
#13 C:\xampp\htdocs\pizza-prices\vendor\laravel\framework\src\Illuminate\Routing\Middleware\SubstituteBindings.php(41): Illuminate\Pipeline\Pipeline->Illuminate\Pipeline\{closure}(Object(Illuminate\Http\Request))
#14 C:\xampp\htdocs\pizza-prices\vendor\laravel\framework\src\Illuminate\Pipeline\Pipeline.php(167): Illuminate\Routing\Middleware\SubstituteBindings->handle(Object(Illuminate\Http\Request), Object(Closure))
#15 C:\xampp\htdocs\pizza-prices\vendor\laravel\framework\src\Illuminate\Auth\Middleware\Authenticate.php(44): Illuminate\Pipeline\Pipeline->Illuminate\Pipeline\{closure}(Object(Illuminate\Http\Request))
#16 C:\xampp\htdocs\pizza-prices\vendor\laravel\framework\src\Illuminate\Pipeline\Pipeline.php(167): Illuminate\Auth\Middleware\Authenticate->handle(Object(Illuminate\Http\Request), Object(Closure))
#17 C:\xampp\htdocs\pizza-prices\vendor\laravel\framework\src\Illuminate\Foundation\Http\Middleware\VerifyCsrfToken.php(76): Illuminate\Pipeline\Pipeline->Illuminate\Pipeline\{closure}(Object(Illuminate\Http\Request))
#18 C:\xampp\htdocs\pizza-prices\vendor\laravel\framework\src\Illuminate\Pipeline\Pipeline.php(167): Illuminate\Foundation\Http\Middleware\VerifyCsrfToken->handle(Object(Illuminate\Http\Request), Object(Closure))
#19 C:\xampp\htdocs\pizza-prices\vendor\laravel\framework\src\Illuminate\View\Middleware\ShareErrorsFromSession.php(49): Illuminate\Pipeline\Pipeline->Illuminate\Pipeline\{closure}(Object(Illuminate\Http\Request))
#20 C:\xampp\htdocs\pizza-prices\vendor\laravel\framework\src\Illuminate\Pipeline\Pipeline.php(167): Illuminate\View\Middleware\ShareErrorsFromSession->handle(Object(Illuminate\Http\Request), Object(Closure))
#21 C:\xampp\htdocs\pizza-prices\vendor\laravel\framework\src\Illuminate\Session\Middleware\StartSession.php(56): Illuminate\Pipeline\Pipeline->Illuminate\Pipeline\{closure}(Object(Illuminate\Http\Request))
#22 C:\xampp\htdocs\pizza-prices\vendor\laravel\framework\src\Illuminate\Pipeline\Pipeline.php(167): Illuminate\Session\Middleware\StartSession->handle(Object(Illuminate\Http\Request), Object(Closure))
#23 C:\xampp\htdocs\pizza-prices\vendor\laravel\framework\src\Illuminate\Cookie\Middleware\AddQueuedCookiesToResponse.php(37): Illuminate\Pipeline\Pipeline->Illuminate\Pipeline\{closure}(Object(Illuminate\Http\Request))
#24 C:\xampp\htdocs\pizza-prices\vendor\laravel\framework\src\Illuminate\Pipeline\Pipeline.php(167): Illuminate\Cookie\Middleware\AddQueuedCookiesToResponse->handle(Object(Illuminate\Http\Request), Object(Closure))
#25 C:\xampp\htdocs\pizza-prices\vendor\laravel\framework\src\Illuminate\Cookie\Middleware\EncryptCookies.php(66): Illuminate\Pipeline\Pipeline->Illuminate\Pipeline\{closure}(Object(Illuminate\Http\Request))
#26 C:\xampp\htdocs\pizza-prices\vendor\laravel\framework\src\Illuminate\Pipeline\Pipeline.php(167): Illuminate\Cookie\Middleware\EncryptCookies->handle(Object(Illuminate\Http\Request), Object(Closure))
#27 C:\xampp\htdocs\pizza-prices\vendor\laravel\framework\src\Illuminate\Pipeline\Pipeline.php(103): Illuminate\Pipeline\Pipeline->Illuminate\Pipeline\{closure}(Object(Illuminate\Http\Request))
#28 C:\xampp\htdocs\pizza-prices\vendor\laravel\framework\src\Illuminate\Routing\Router.php(683): Illuminate\Pipeline\Pipeline->then(Object(Closure))
#29 C:\xampp\htdocs\pizza-prices\vendor\laravel\framework\src\Illuminate\Routing\Router.php(658): Illuminate\Routing\Router->runRouteWithinStack(Object(Illuminate\Routing\Route), Object(Illuminate\Http\Request))
#30 C:\xampp\htdocs\pizza-prices\vendor\laravel\framework\src\Illuminate\Routing\Router.php(624): Illuminate\Routing\Router->runRoute(Object(Illuminate\Http\Request), Object(Illuminate\Routing\Route))
#31 C:\xampp\htdocs\pizza-prices\vendor\laravel\framework\src\Illuminate\Routing\Router.php(613): Illuminate\Routing\Router->dispatchToRoute(Object(Illuminate\Http\Request))
#32 C:\xampp\htdocs\pizza-prices\vendor\laravel\framework\src\Illuminate\Foundation\Http\Kernel.php(165): Illuminate\Routing\Router->dispatch(Object(Illuminate\Http\Request))
#33 C:\xampp\htdocs\pizza-prices\vendor\laravel\framework\src\Illuminate\Pipeline\Pipeline.php(128): Illuminate\Foundation\Http\Kernel->Illuminate\Foundation\Http\{closure}(Object(Illuminate\Http\Request))
#34 C:\xampp\htdocs\pizza-prices\vendor\laravel\framework\src\Illuminate\Foundation\Http\Middleware\TransformsRequest.php(21): Illuminate\Pipeline\Pipeline->Illuminate\Pipeline\{closure}(Object(Illuminate\Http\Request))
#35 C:\xampp\htdocs\pizza-prices\vendor\laravel\framework\src\Illuminate\Pipeline\Pipeline.php(167): Illuminate\Foundation\Http\Middleware\TransformsRequest->handle(Object(Illuminate\Http\Request), Object(Closure))
#36 C:\xampp\htdocs\pizza-prices\vendor\laravel\framework\src\Illuminate\Foundation\Http\Middleware\TransformsRequest.php(21): Illuminate\Pipeline\Pipeline->Illuminate\Pipeline\{closure}(Object(Illuminate\Http\Request))
#37 C:\xampp\htdocs\pizza-prices\vendor\laravel\framework\src\Illuminate\Pipeline\Pipeline.php(167): Illuminate\Foundation\Http\Middleware\TransformsRequest->handle(Object(Illuminate\Http\Request), Object(Closure))
#38 C:\xampp\htdocs\pizza-prices\vendor\laravel\framework\src\Illuminate\Foundation\Http\Middleware\ValidatePostSize.php(27): Illuminate\Pipeline\Pipeline->Illuminate\Pipeline\{closure}(Object(Illuminate\Http\Request))
#39 C:\xampp\htdocs\pizza-prices\vendor\laravel\framework\src\Illuminate\Pipeline\Pipeline.php(167): Illuminate\Foundation\Http\Middleware\ValidatePostSize->handle(Object(Illuminate\Http\Request), Object(Closure))
#40 C:\xampp\htdocs\pizza-prices\vendor\laravel\framework\src\Illuminate\Foundation\Http\Middleware\CheckForMaintenanceMode.php(63): Illuminate\Pipeline\Pipeline->Illuminate\Pipeline\{closure}(Object(Illuminate\Http\Request))
#41 C:\xampp\htdocs\pizza-prices\vendor\laravel\framework\src\Illuminate\Pipeline\Pipeline.php(167): Illuminate\Foundation\Http\Middleware\CheckForMaintenanceMode->handle(Object(Illuminate\Http\Request), Object(Closure))
#42 C:\xampp\htdocs\pizza-prices\vendor\fruitcake\laravel-cors\src\HandleCors.php(36): Illuminate\Pipeline\Pipeline->Illuminate\Pipeline\{closure}(Object(Illuminate\Http\Request))
#43 C:\xampp\htdocs\pizza-prices\vendor\laravel\framework\src\Illuminate\Pipeline\Pipeline.php(167): Fruitcake\Cors\HandleCors->handle(Object(Illuminate\Http\Request), Object(Closure))
#44 C:\xampp\htdocs\pizza-prices\vendor\fideloper\proxy\src\TrustProxies.php(57): Illuminate\Pipeline\Pipeline->Illuminate\Pipeline\{closure}(Object(Illuminate\Http\Request))
#45 C:\xampp\htdocs\pizza-prices\vendor\laravel\framework\src\Illuminate\Pipeline\Pipeline.php(167): Fideloper\Proxy\TrustProxies->handle(Object(Illuminate\Http\Request), Object(Closure))
#46 C:\xampp\htdocs\pizza-prices\vendor\laravel\framework\src\Illuminate\Pipeline\Pipeline.php(103): Illuminate\Pipeline\Pipeline->Illuminate\Pipeline\{closure}(Object(Illuminate\Http\Request))
#47 C:\xampp\htdocs\pizza-prices\vendor\laravel\framework\src\Illuminate\Foundation\Http\Kernel.php(140): Illuminate\Pipeline\Pipeline->then(Object(Closure))
#48 C:\xampp\htdocs\pizza-prices\vendor\laravel\framework\src\Illuminate\Foundation\Http\Kernel.php(109): Illuminate\Foundation\Http\Kernel->sendRequestThroughRouter(Object(Illuminate\Http\Request))
#49 C:\xampp\htdocs\pizza-prices\public\index.php(55): Illuminate\Foundation\Http\Kernel->handle(Object(Illuminate\Http\Request))
#50 C:\xampp\htdocs\pizza-prices\server.php(21): require_once('C:\\xampp\\htdocs...')
#51 {main}Symfony\Component\HttpKernel\Exception\NotFoundHttpException in C:\xampp\htdocs\pizza-prices\vendor\laravel\framework\src\Illuminate\Routing\AbstractRouteCollection.php:43
Stack trace:
#0 C:\xampp\htdocs\pizza-prices\vendor\laravel\framework\src\Illuminate\Routing\RouteCollection.php(162): Illuminate\Routing\AbstractRouteCollection->handleMatchedRoute(Object(Illuminate\Http\Request), NULL)
#1 C:\xampp\htdocs\pizza-prices\vendor\laravel\framework\src\Illuminate\Routing\Router.php(635): Illuminate\Routing\RouteCollection->match(Object(Illuminate\Http\Request))
#2 C:\xampp\htdocs\pizza-prices\vendor\laravel\framework\src\Illuminate\Routing\Router.php(624): Illuminate\Routing\Router->findRoute(Object(Illuminate\Http\Request))
#3 C:\xampp\htdocs\pizza-prices\vendor\laravel\framework\src\Illuminate\Routing\Router.php(613): Illuminate\Routing\Router->dispatchToRoute(Object(Illuminate\Http\Request))
#4 C:\xampp\htdocs\pizza-prices\vendor\laravel\framework\src\Illuminate\Foundation\Http\Kernel.php(165): Illuminate\Routing\Router->dispatch(Object(Illuminate\Http\Request))
#5 C:\xampp\htdocs\pizza-prices\vendor\laravel\framework\src\Illuminate\Pipeline\Pipeline.php(128): Illuminate\Foundation\Http\Kernel->Illuminate\Foundation\Http\{closure}(Object(Illuminate\Http\Request))
#6 C:\xampp\htdocs\pizza-prices\vendor\laravel\framework\src\Illuminate\Foundation\Http\Middleware\TransformsRequest.php(21): Illuminate\Pipeline\Pipeline->Illuminate\Pipeline\{closure}(Object(Illuminate\Http\Request))
#7 C:\xampp\htdocs\pizza-prices\vendor\laravel\framework\src\Illuminate\Pipeline\Pipeline.php(167): Illuminate\Foundation\Http\Middleware\TransformsRequest->handle(Object(Illuminate\Http\Request), Object(Closure))
#8 C:\xampp\htdocs\pizza-prices\vendor\laravel\framework\src\Illuminate\Foundation\Http\Middleware\TransformsRequest.php(21): Illuminate\Pipeline\Pipeline->Illuminate\Pipeline\{closure}(Object(Illuminate\Http\Request))
#9 C:\xampp\htdocs\pizza-prices\vendor\laravel\framework\src\Illuminate\Pipeline\Pipeline.php(167): Illuminate\Foundation\Http\Middleware\TransformsRequest->handle(Object(Illuminate\Http\Request), Object(Closure))
#10 C:\xampp\htdocs\pizza-prices\vendor\laravel\framework\src\Illuminate\Foundation\Http\Middleware\ValidatePostSize.php(27): Illuminate\Pipeline\Pipeline->Illuminate\Pipeline\{closure}(Object(Illuminate\Http\Request))
#11 C:\xampp\htdocs\pizza-prices\vendor\laravel\framework\src\Illuminate\Pipeline\Pipeline.php(167): Illuminate\Foundation\Http\Middleware\ValidatePostSize->handle(Object(Illuminate\Http\Request), Object(Closure))
#12 C:\xampp\htdocs\pizza-prices\vendor\laravel\framework\src\Illuminate\Foundation\Http\Middleware\CheckForMaintenanceMode.php(63): Illuminate\Pipeline\Pipeline->Illuminate\Pipeline\{closure}(Object(Illuminate\Http\Request))
#13 C:\xampp\htdocs\pizza-prices\vendor\laravel\framework\src\Illuminate\Pipeline\Pipeline.php(167): Illuminate\Foundation\Http\Middleware\CheckForMaintenanceMode->handle(Object(Illuminate\Http\Request), Object(Closure))
#14 C:\xampp\htdocs\pizza-prices\vendor\fruitcake\laravel-cors\src\HandleCors.php(36): Illuminate\Pipeline\Pipeline->Illuminate\Pipeline\{closure}(Object(Illuminate\Http\Request))
#15 C:\xampp\htdocs\pizza-prices\vendor\laravel\framework\src\Illuminate\Pipeline\Pipeline.php(167): Fruitcake\Cors\HandleCors->handle(Object(Illuminate\Http\Request), Object(Closure))
#16 C:\xampp\htdocs\pizza-prices\vendor\fideloper\proxy\src\TrustProxies.php(57): Illuminate\Pipeline\Pipeline->Illuminate\Pipeline\{closure}(Object(Illuminate\Http\Request))
#17 C:\xampp\htdocs\pizza-prices\vendor\laravel\framework\src\Illuminate\Pipeline\Pipeline.php(167): Fideloper\Proxy\TrustProxies->handle(Object(Illuminate\Http\Request), Object(Closure))
#18 C:\xampp\htdocs\pizza-prices\vendor\laravel\framework\src\Illuminate\Pipeline\Pipeline.php(103): Illuminate\Pipeline\Pipeline->Illuminate\Pipeline\{closure}(Object(Illuminate\Http\Request))
#19 C:\xampp\htdocs\pizza-prices\vendor\laravel\framework\src\Illuminate\Foundation\Http\Kernel.php(140): Illuminate\Pipeline\Pipeline->then(Object(Closure))
#20 C:\xampp\htdocs\pizza-prices\vendor\laravel\framework\src\Illuminate\Foundation\Http\Kernel.php(109): Illuminate\Foundation\Http\Kernel->sendRequestThroughRouter(Object(Illuminate\Http\Request))
#21 C:\xampp\htdocs\pizza-prices\public\index.php(55): Illuminate\Foundation\Http\Kernel->handle(Object(Illuminate\Http\Request))
#22 C:\xampp\htdocs\pizza-prices\server.php(21): require_once('C:\\xampp\\htdocs...')
#23 {main}Symfony\Component\HttpKernel\Exception\NotFoundHttpException in C:\xampp\htdocs\pizza-prices\vendor\laravel\framework\src\Illuminate\Routing\AbstractRouteCollection.php:43
Stack trace:
#0 C:\xampp\htdocs\pizza-prices\vendor\laravel\framework\src\Illuminate\Routing\RouteCollection.php(162): Illuminate\Routing\AbstractRouteCollection->handleMatchedRoute(Object(Illuminate\Http\Request), NULL)
#1 C:\xampp\htdocs\pizza-prices\vendor\laravel\framework\src\Illuminate\Routing\Router.php(635): Illuminate\Routing\RouteCollection->match(Object(Illuminate\Http\Request))
#2 C:\xampp\htdocs\pizza-prices\vendor\laravel\framework\src\Illuminate\Routing\Router.php(624): Illuminate\Routing\Router->findRoute(Object(Illuminate\Http\Request))
#3 C:\xampp\htdocs\pizza-prices\vendor\laravel\framework\src\Illuminate\Routing\Router.php(613): Illuminate\Routing\Router->dispatchToRoute(Object(Illuminate\Http\Request))
#4 C:\xampp\htdocs\pizza-prices\vendor\laravel\framework\src\Illuminate\Foundation\Http\Kernel.php(165): Illuminate\Routing\Router->dispatch(Object(Illuminate\Http\Request))
#5 C:\xampp\htdocs\pizza-prices\vendor\laravel\framework\src\Illuminate\Pipeline\Pipeline.php(128): Illuminate\Foundation\Http\Kernel->Illuminate\Foundation\Http\{closure}(Object(Illuminate\Http\Request))
#6 C:\xampp\htdocs\pizza-prices\vendor\laravel\framework\src\Illuminate\Foundation\Http\Middleware\TransformsRequest.php(21): Illuminate\Pipeline\Pipeline->Illuminate\Pipeline\{closure}(Object(Illuminate\Http\Request))
#7 C:\xampp\htdocs\pizza-prices\vendor\laravel\framework\src\Illuminate\Pipeline\Pipeline.php(167): Illuminate\Foundation\Http\Middleware\TransformsRequest->handle(Object(Illuminate\Http\Request), Object(Closure))
#8 C:\xampp\htdocs\pizza-prices\vendor\laravel\framework\src\Illuminate\Foundation\Http\Middleware\TransformsRequest.php(21): Illuminate\Pipeline\Pipeline->Illuminate\Pipeline\{closure}(Object(Illuminate\Http\Request))
#9 C:\xampp\htdocs\pizza-prices\vendor\laravel\framework\src\Illuminate\Pipeline\Pipeline.php(167): Illuminate\Foundation\Http\Middleware\TransformsRequest->handle(Object(Illuminate\Http\Request), Object(Closure))
#10 C:\xampp\htdocs\pizza-prices\vendor\laravel\framework\src\Illuminate\Foundation\Http\Middleware\ValidatePostSize.php(27): Illuminate\Pipeline\Pipeline->Illuminate\Pipeline\{closure}(Object(Illuminate\Http\Request))
#11 C:\xampp\htdocs\pizza-prices\vendor\laravel\framework\src\Illuminate\Pipeline\Pipeline.php(167): Illuminate\Foundation\Http\Middleware\ValidatePostSize->handle(Object(Illuminate\Http\Request), Object(Closure))
#12 C:\xampp\htdocs\pizza-prices\vendor\laravel\framework\src\Illuminate\Foundation\Http\Middleware\CheckForMaintenanceMode.php(63): Illuminate\Pipeline\Pipeline->Illuminate\Pipeline\{closure}(Object(Illuminate\Http\Request))
#13 C:\xampp\htdocs\pizza-prices\vendor\laravel\framework\src\Illuminate\Pipeline\Pipeline.php(167): Illuminate\Foundation\Http\Middleware\CheckForMaintenanceMode->handle(Object(Illuminate\Http\Request), Object(Closure))
#14 C:\xampp\htdocs\pizza-prices\vendor\fruitcake\laravel-cors\src\HandleCors.php(36): Illuminate\Pipeline\Pipeline->Illuminate\Pipeline\{closure}(Object(Illuminate\Http\Request))
#15 C:\xampp\htdocs\pizza-prices\vendor\laravel\framework\src\Illuminate\Pipeline\Pipeline.php(167): Fruitcake\Cors\HandleCors->handle(Object(Illuminate\Http\Request), Object(Closure))
#16 C:\xampp\htdocs\pizza-prices\vendor\fideloper\proxy\src\TrustProxies.php(57): Illuminate\Pipeline\Pipeline->Illuminate\Pipeline\{closure}(Object(Illuminate\Http\Request))
#17 C:\xampp\htdocs\pizza-prices\vendor\laravel\framework\src\Illuminate\Pipeline\Pipeline.php(167): Fideloper\Proxy\TrustProxies->handle(Object(Illuminate\Http\Request), Object(Closure))
#18 C:\xampp\htdocs\pizza-prices\vendor\laravel\framework\src\Illuminate\Pipeline\Pipeline.php(103): Illuminate\Pipeline\Pipeline->Illuminate\Pipeline\{closure}(Object(Illuminate\Http\Request))
#19 C:\xampp\htdocs\pizza-prices\vendor\laravel\framework\src\Illuminate\Foundation\Http\Kernel.php(140): Illuminate\Pipeline\Pipeline->then(Object(Closure))
#20 C:\xampp\htdocs\pizza-prices\vendor\laravel\framework\src\Illuminate\Foundation\Http\Kernel.php(109): Illuminate\Foundation\Http\Kernel->sendRequestThroughRouter(Object(Illuminate\Http\Request))
#21 C:\xampp\htdocs\pizza-prices\public\index.php(55): Illuminate\Foundation\Http\Kernel->handle(Object(Illuminate\Http\Request))
#22 C:\xampp\htdocs\pizza-prices\server.php(21): require_once('C:\\xampp\\htdocs...')
#23 {main}PDOException: SQLSTATE[23000]: Integrity constraint violation: 1048 Column 'name' cannot be null in C:\xampp\htdocs\pizza-prices\vendor\laravel\framework\src\Illuminate\Database\Connection.php:463
Stack trace:
#0 C:\xampp\htdocs\pizza-prices\vendor\laravel\framework\src\Illuminate\Database\Connection.php(463): PDOStatement->execute()
#1 C:\xampp\htdocs\pizza-prices\vendor\laravel\framework\src\Illuminate\Database\Connection.php(662): Illuminate\Database\Connection->Illuminate\Database\{closure}('insert into `pi...', Array)
#2 C:\xampp\htdocs\pizza-prices\vendor\laravel\framework\src\Illuminate\Database\Connection.php(629): Illuminate\Database\Connection->runQueryCallback('insert into `pi...', Array, Object(Closure))
#3 C:\xampp\htdocs\pizza-prices\vendor\laravel\framework\src\Illuminate\Database\Connection.php(464): Illuminate\Database\Connection->run('insert into `pi...', Array, Object(Closure))
#4 C:\xampp\htdocs\pizza-prices\vendor\laravel\framework\src\Illuminate\Database\Connection.php(416): Illuminate\Database\Connection->statement('insert into `pi...', Array)
#5 C:\xampp\htdocs\pizza-prices\vendor\laravel\framework\src\Illuminate\Database\Query\Processors\Processor.php(32): Illuminate\Database\Connection->insert('insert into `pi...', Array)
#6 C:\xampp\htdocs\pizza-prices\vendor\laravel\framework\src\Illuminate\Database\Query\Builder.php(2705): Illuminate\Database\Query\Processors\Processor->processInsertGetId(Object(Illuminate\Database\Query\Builder), 'insert into `pi...', Array, 'id')
#7 C:\xampp\htdocs\pizza-prices\vendor\laravel\framework\src\Illuminate\Database\Eloquent\Builder.php(1381): Illuminate\Database\Query\Builder->insertGetId(Array, 'id')
#8 C:\xampp\htdocs\pizza-prices\vendor\laravel\framework\src\Illuminate\Database\Eloquent\Model.php(865): Illuminate\Database\Eloquent\Builder->__call('insertGetId', Array)
#9 C:\xampp\htdocs\pizza-prices\vendor\laravel\framework\src\Illuminate\Database\Eloquent\Model.php(830): Illuminate\Database\Eloquent\Model->insertAndSetId(Object(Illuminate\Database\Eloquent\Builder), Array)
#10 C:\xampp\htdocs\pizza-prices\vendor\laravel\framework\src\Illuminate\Database\Eloquent\Model.php(693): Illuminate\Database\Eloquent\Model->performInsert(Object(Illuminate\Database\Eloquent\Builder))
#11 C:\xampp\htdocs\pizza-prices\app\Http\Controllers\ProcessRawController.php(207): Illuminate\Database\Eloquent\Model->save()
#12 [internal function]: App\Http\Controllers\ProcessRawController->newMaterial(Object(Illuminate\Http\Request))
#13 C:\xampp\htdocs\pizza-prices\vendor\laravel\framework\src\Illuminate\Routing\Controller.php(54): call_user_func_array(Array, Array)
#14 C:\xampp\htdocs\pizza-prices\vendor\laravel\framework\src\Illuminate\Routing\ControllerDispatcher.php(45): Illuminate\Routing\Controller->callAction('newMaterial', Array)
#15 C:\xampp\htdocs\pizza-prices\vendor\laravel\framework\src\Illuminate\Routing\Route.php(225): Illuminate\Routing\ControllerDispatcher->dispatch(Object(Illuminate\Routing\Route), Object(App\Http\Controllers\ProcessRawController), 'newMaterial')
#16 C:\xampp\htdocs\pizza-prices\vendor\laravel\framework\src\Illuminate\Routing\Route.php(182): Illuminate\Routing\Route->runController()
#17 C:\xampp\htdocs\pizza-prices\vendor\laravel\framework\src\Illuminate\Routing\Router.php(681): Illuminate\Routing\Route->run()
#18 C:\xampp\htdocs\pizza-prices\vendor\laravel\framework\src\Illuminate\Pipeline\Pipeline.php(128): Illuminate\Routing\Router->Illuminate\Routing\{closure}(Object(Illuminate\Http\Request))
#19 C:\xampp\htdocs\pizza-prices\app\Http\Middleware\IsAdmin.php(19): Illuminate\Pipeline\Pipeline->Illuminate\Pipeline\{closure}(Object(Illuminate\Http\Request))
#20 C:\xampp\htdocs\pizza-prices\vendor\laravel\framework\src\Illuminate\Pipeline\Pipeline.php(167): App\Http\Middleware\IsAdmin->handle(Object(Illuminate\Http\Request), Object(Closure))
#21 C:\xampp\htdocs\pizza-prices\vendor\laravel\framework\src\Illuminate\Routing\Middleware\SubstituteBindings.php(41): Illuminate\Pipeline\Pipeline->Illuminate\Pipeline\{closure}(Object(Illuminate\Http\Request))
#22 C:\xampp\htdocs\pizza-prices\vendor\laravel\framework\src\Illuminate\Pipeline\Pipeline.php(167): Illuminate\Routing\Middleware\SubstituteBindings->handle(Object(Illuminate\Http\Request), Object(Closure))
#23 C:\xampp\htdocs\pizza-prices\vendor\laravel\framework\src\Illuminate\Auth\Middleware\Authenticate.php(44): Illuminate\Pipeline\Pipeline->Illuminate\Pipeline\{closure}(Object(Illuminate\Http\Request))
#24 C:\xampp\htdocs\pizza-prices\vendor\laravel\framework\src\Illuminate\Pipeline\Pipeline.php(167): Illuminate\Auth\Middleware\Authenticate->handle(Object(Illuminate\Http\Request), Object(Closure))
#25 C:\xampp\htdocs\pizza-prices\vendor\laravel\framework\src\Illuminate\Foundation\Http\Middleware\VerifyCsrfToken.php(76): Illuminate\Pipeline\Pipeline->Illuminate\Pipeline\{closure}(Object(Illuminate\Http\Request))
#26 C:\xampp\htdocs\pizza-prices\vendor\laravel\framework\src\Illuminate\Pipeline\Pipeline.php(167): Illuminate\Foundation\Http\Middleware\VerifyCsrfToken->handle(Object(Illuminate\Http\Request), Object(Closure))
#27 C:\xampp\htdocs\pizza-prices\vendor\laravel\framework\src\Illuminate\View\Middleware\ShareErrorsFromSession.php(49): Illuminate\Pipeline\Pipeline->Illuminate\Pipeline\{closure}(Object(Illuminate\Http\Request))
#28 C:\xampp\htdocs\pizza-prices\vendor\laravel\framework\src\Illuminate\Pipeline\Pipeline.php(167): Illuminate\View\Middleware\ShareErrorsFromSession->handle(Object(Illuminate\Http\Request), Object(Closure))
#29 C:\xampp\htdocs\pizza-prices\vendor\laravel\framework\src\Illuminate\Session\Middleware\StartSession.php(56): Illuminate\Pipeline\Pipeline->Illuminate\Pipeline\{closure}(Object(Illuminate\Http\Request))
#30 C:\xampp\htdocs\pizza-prices\vendor\laravel\framework\src\Illuminate\Pipeline\Pipeline.php(167): Illuminate\Session\Middleware\StartSession->handle(Object(Illuminate\Http\Request), Object(Closure))
#31 C:\xampp\htdocs\pizza-prices\vendor\laravel\framework\src\Illuminate\Cookie\Middleware\AddQueuedCookiesToResponse.php(37): Illuminate\Pipeline\Pipeline->Illuminate\Pipeline\{closure}(Object(Illuminate\Http\Request))
#32 C:\xampp\htdocs\pizza-prices\vendor\laravel\framework\src\Illuminate\Pipeline\Pipeline.php(167): Illuminate\Cookie\Middleware\AddQueuedCookiesToResponse->handle(Object(Illuminate\Http\Request), Object(Closure))
#33 C:\xampp\htdocs\pizza-prices\vendor\laravel\framework\src\Illuminate\Cookie\Middleware\EncryptCookies.php(66): Illuminate\Pipeline\Pipeline->Illuminate\Pipeline\{closure}(Object(Illuminate\Http\Request))
#34 C:\xampp\htdocs\pizza-prices\vendor\laravel\framework\src\Illuminate\Pipeline\Pipeline.php(167): Illuminate\Cookie\Middleware\EncryptCookies->handle(Object(Illuminate\Http\Request), Object(Closure))
#35 C:\xampp\htdocs\pizza-prices\vendor\laravel\framework\src\Illuminate\Pipeline\Pipeline.php(103): Illuminate\Pipeline\Pipeline->Illuminate\Pipeline\{closure}(Object(Illuminate\Http\Request))
#36 C:\xampp\htdocs\pizza-prices\vendor\laravel\framework\src\Illuminate\Routing\Router.php(683): Illuminate\Pipeline\Pipeline->then(Object(Closure))
#37 C:\xampp\htdocs\pizza-prices\vendor\laravel\framework\src\Illuminate\Routing\Router.php(658): Illuminate\Routing\Router->runRouteWithinStack(Object(Illuminate\Routing\Route), Object(Illuminate\Http\Request))
#38 C:\xampp\htdocs\pizza-prices\vendor\laravel\framework\src\Illuminate\Routing\Router.php(624): Illuminate\Routing\Router->runRoute(Object(Illuminate\Http\Request), Object(Illuminate\Routing\Route))
#39 C:\xampp\htdocs\pizza-prices\vendor\laravel\framework\src\Illuminate\Routing\Router.php(613): Illuminate\Routing\Router->dispatchToRoute(Object(Illuminate\Http\Request))
#40 C:\xampp\htdocs\pizza-prices\vendor\laravel\framework\src\Illuminate\Foundation\Http\Kernel.php(165): Illuminate\Routing\Router->dispatch(Object(Illuminate\Http\Request))
#41 C:\xampp\htdocs\pizza-prices\vendor\laravel\framework\src\Illuminate\Pipeline\Pipeline.php(128): Illuminate\Foundation\Http\Kernel->Illuminate\Foundation\Http\{closure}(Object(Illuminate\Http\Request))
#42 C:\xampp\htdocs\pizza-prices\vendor\laravel\framework\src\Illuminate\Foundation\Http\Middleware\TransformsRequest.php(21): Illuminate\Pipeline\Pipeline->Illuminate\Pipeline\{closure}(Object(Illuminate\Http\Request))
#43 C:\xampp\htdocs\pizza-prices\vendor\laravel\framework\src\Illuminate\Pipeline\Pipeline.php(167): Illuminate\Foundation\Http\Middleware\TransformsRequest->handle(Object(Illuminate\Http\Request), Object(Closure))
#44 C:\xampp\htdocs\pizza-prices\vendor\laravel\framework\src\Illuminate\Foundation\Http\Middleware\TransformsRequest.php(21): Illuminate\Pipeline\Pipeline->Illuminate\Pipeline\{closure}(Object(Illuminate\Http\Request))
#45 C:\xampp\htdocs\pizza-prices\vendor\laravel\framework\src\Illuminate\Pipeline\Pipeline.php(167): Illuminate\Foundation\Http\Middleware\TransformsRequest->handle(Object(Illuminate\Http\Request), Object(Closure))
#46 C:\xampp\htdocs\pizza-prices\vendor\laravel\framework\src\Illuminate\Foundation\Http\Middleware\ValidatePostSize.php(27): Illuminate\Pipeline\Pipeline->Illuminate\Pipeline\{closure}(Object(Illuminate\Http\Request))
#47 C:\xampp\htdocs\pizza-prices\vendor\laravel\framework\src\Illuminate\Pipeline\Pipeline.php(167): Illuminate\Foundation\Http\Middleware\ValidatePostSize->handle(Object(Illuminate\Http\Request), Object(Closure))
#48 C:\xampp\htdocs\pizza-prices\vendor\laravel\framework\src\Illuminate\Foundation\Http\Middleware\CheckForMaintenanceMode.php(63): Illuminate\Pipeline\Pipeline->Illuminate\Pipeline\{closure}(Object(Illuminate\Http\Request))
#49 C:\xampp\htdocs\pizza-prices\vendor\laravel\framework\src\Illuminate\Pipeline\Pipeline.php(167): Illuminate\Foundation\Http\Middleware\CheckForMaintenanceMode->handle(Object(Illuminate\Http\Request), Object(Closure))
#50 C:\xampp\htdocs\pizza-prices\vendor\fruitcake\laravel-cors\src\HandleCors.php(36): Illuminate\Pipeline\Pipeline->Illuminate\Pipeline\{closure}(Object(Illuminate\Http\Request))
#51 C:\xampp\htdocs\pizza-prices\vendor\laravel\framework\src\Illuminate\Pipeline\Pipeline.php(167): Fruitcake\Cors\HandleCors->handle(Object(Illuminate\Http\Request), Object(Closure))
#52 C:\xampp\htdocs\pizza-prices\vendor\fideloper\proxy\src\TrustProxies.php(57): Illuminate\Pipeline\Pipeline->Illuminate\Pipeline\{closure}(Object(Illuminate\Http\Request))
#53 C:\xampp\htdocs\pizza-prices\vendor\laravel\framework\src\Illuminate\Pipeline\Pipeline.php(167): Fideloper\Proxy\TrustProxies->handle(Object(Illuminate\Http\Request), Object(Closure))
#54 C:\xampp\htdocs\pizza-prices\vendor\laravel\framework\src\Illuminate\Pipeline\Pipeline.php(103): Illuminate\Pipeline\Pipeline->Illuminate\Pipeline\{closure}(Object(Illuminate\Http\Request))
#55 C:\xampp\htdocs\pizza-prices\vendor\laravel\framework\src\Illuminate\Foundation\Http\Kernel.php(140): Illuminate\Pipeline\Pipeline->then(Object(Closure))
#56 C:\xampp\htdocs\pizza-prices\vendor\laravel\framework\src\Illuminate\Foundation\Http\Kernel.php(109): Illuminate\Foundation\Http\Kernel->sendRequestThroughRouter(Object(Illuminate\Http\Request))
#57 C:\xampp\htdocs\pizza-prices\public\index.php(55): Illuminate\Foundation\Http\Kernel->handle(Object(Illuminate\Http\Request))
#58 C:\xampp\htdocs\pizza-prices\server.php(21): require_once('C:\\xampp\\htdocs...')
#59 {main}

Next Illuminate\Database\QueryException: SQLSTATE[23000]: Integrity constraint violation: 1048 Column 'name' cannot be null (SQL: insert into `pizza_materials` (`name`, `updated_at`, `created_at`) values (?, 2020-03-19 20:05:12, 2020-03-19 20:05:12)) in C:\xampp\htdocs\pizza-prices\vendor\laravel\framework\src\Illuminate\Database\Connection.php:669
Stack trace:
#0 C:\xampp\htdocs\pizza-prices\vendor\laravel\framework\src\Illuminate\Database\Connection.php(629): Illuminate\Database\Connection->runQueryCallback('insert into `pi...', Array, Object(Closure))
#1 C:\xampp\htdocs\pizza-prices\vendor\laravel\framework\src\Illuminate\Database\Connection.php(464): Illuminate\Database\Connection->run('insert into `pi...', Array, Object(Closure))
#2 C:\xampp\htdocs\pizza-prices\vendor\laravel\framework\src\Illuminate\Database\Connection.php(416): Illuminate\Database\Connection->statement('insert into `pi...', Array)
#3 C:\xampp\htdocs\pizza-prices\vendor\laravel\framework\src\Illuminate\Database\Query\Processors\Processor.php(32): Illuminate\Database\Connection->insert('insert into `pi...', Array)
#4 C:\xampp\htdocs\pizza-prices\vendor\laravel\framework\src\Illuminate\Database\Query\Builder.php(2705): Illuminate\Database\Query\Processors\Processor->processInsertGetId(Object(Illuminate\Database\Query\Builder), 'insert into `pi...', Array, 'id')
#5 C:\xampp\htdocs\pizza-prices\vendor\laravel\framework\src\Illuminate\Database\Eloquent\Builder.php(1381): Illuminate\Database\Query\Builder->insertGetId(Array, 'id')
#6 C:\xampp\htdocs\pizza-prices\vendor\laravel\framework\src\Illuminate\Database\Eloquent\Model.php(865): Illuminate\Database\Eloquent\Builder->__call('insertGetId', Array)
#7 C:\xampp\htdocs\pizza-prices\vendor\laravel\framework\src\Illuminate\Database\Eloquent\Model.php(830): Illuminate\Database\Eloquent\Model->insertAndSetId(Object(Illuminate\Database\Eloquent\Builder), Array)
#8 C:\xampp\htdocs\pizza-prices\vendor\laravel\framework\src\Illuminate\Database\Eloquent\Model.php(693): Illuminate\Database\Eloquent\Model->performInsert(Object(Illuminate\Database\Eloquent\Builder))
#9 C:\xampp\htdocs\pizza-prices\app\Http\Controllers\ProcessRawController.php(207): Illuminate\Database\Eloquent\Model->save()
#10 [internal function]: App\Http\Controllers\ProcessRawController->newMaterial(Object(Illuminate\Http\Request))
#11 C:\xampp\htdocs\pizza-prices\vendor\laravel\framework\src\Illuminate\Routing\Controller.php(54): call_user_func_array(Array, Array)
#12 C:\xampp\htdocs\pizza-prices\vendor\laravel\framework\src\Illuminate\Routing\ControllerDispatcher.php(45): Illuminate\Routing\Controller->callAction('newMaterial', Array)
#13 C:\xampp\htdocs\pizza-prices\vendor\laravel\framework\src\Illuminate\Routing\Route.php(225): Illuminate\Routing\ControllerDispatcher->dispatch(Object(Illuminate\Routing\Route), Object(App\Http\Controllers\ProcessRawController), 'newMaterial')
#14 C:\xampp\htdocs\pizza-prices\vendor\laravel\framework\src\Illuminate\Routing\Route.php(182): Illuminate\Routing\Route->runController()
#15 C:\xampp\htdocs\pizza-prices\vendor\laravel\framework\src\Illuminate\Routing\Router.php(681): Illuminate\Routing\Route->run()
#16 C:\xampp\htdocs\pizza-prices\vendor\laravel\framework\src\Illuminate\Pipeline\Pipeline.php(128): Illuminate\Routing\Router->Illuminate\Routing\{closure}(Object(Illuminate\Http\Request))
#17 C:\xampp\htdocs\pizza-prices\app\Http\Middleware\IsAdmin.php(19): Illuminate\Pipeline\Pipeline->Illuminate\Pipeline\{closure}(Object(Illuminate\Http\Request))
#18 C:\xampp\htdocs\pizza-prices\vendor\laravel\framework\src\Illuminate\Pipeline\Pipeline.php(167): App\Http\Middleware\IsAdmin->handle(Object(Illuminate\Http\Request), Object(Closure))
#19 C:\xampp\htdocs\pizza-prices\vendor\laravel\framework\src\Illuminate\Routing\Middleware\SubstituteBindings.php(41): Illuminate\Pipeline\Pipeline->Illuminate\Pipeline\{closure}(Object(Illuminate\Http\Request))
#20 C:\xampp\htdocs\pizza-prices\vendor\laravel\framework\src\Illuminate\Pipeline\Pipeline.php(167): Illuminate\Routing\Middleware\SubstituteBindings->handle(Object(Illuminate\Http\Request), Object(Closure))
#21 C:\xampp\htdocs\pizza-prices\vendor\laravel\framework\src\Illuminate\Auth\Middleware\Authenticate.php(44): Illuminate\Pipeline\Pipeline->Illuminate\Pipeline\{closure}(Object(Illuminate\Http\Request))
#22 C:\xampp\htdocs\pizza-prices\vendor\laravel\framework\src\Illuminate\Pipeline\Pipeline.php(167): Illuminate\Auth\Middleware\Authenticate->handle(Object(Illuminate\Http\Request), Object(Closure))
#23 C:\xampp\htdocs\pizza-prices\vendor\laravel\framework\src\Illuminate\Foundation\Http\Middleware\VerifyCsrfToken.php(76): Illuminate\Pipeline\Pipeline->Illuminate\Pipeline\{closure}(Object(Illuminate\Http\Request))
#24 C:\xampp\htdocs\pizza-prices\vendor\laravel\framework\src\Illuminate\Pipeline\Pipeline.php(167): Illuminate\Foundation\Http\Middleware\VerifyCsrfToken->handle(Object(Illuminate\Http\Request), Object(Closure))
#25 C:\xampp\htdocs\pizza-prices\vendor\laravel\framework\src\Illuminate\View\Middleware\ShareErrorsFromSession.php(49): Illuminate\Pipeline\Pipeline->Illuminate\Pipeline\{closure}(Object(Illuminate\Http\Request))
#26 C:\xampp\htdocs\pizza-prices\vendor\laravel\framework\src\Illuminate\Pipeline\Pipeline.php(167): Illuminate\View\Middleware\ShareErrorsFromSession->handle(Object(Illuminate\Http\Request), Object(Closure))
#27 C:\xampp\htdocs\pizza-prices\vendor\laravel\framework\src\Illuminate\Session\Middleware\StartSession.php(56): Illuminate\Pipeline\Pipeline->Illuminate\Pipeline\{closure}(Object(Illuminate\Http\Request))
#28 C:\xampp\htdocs\pizza-prices\vendor\laravel\framework\src\Illuminate\Pipeline\Pipeline.php(167): Illuminate\Session\Middleware\StartSession->handle(Object(Illuminate\Http\Request), Object(Closure))
#29 C:\xampp\htdocs\pizza-prices\vendor\laravel\framework\src\Illuminate\Cookie\Middleware\AddQueuedCookiesToResponse.php(37): Illuminate\Pipeline\Pipeline->Illuminate\Pipeline\{closure}(Object(Illuminate\Http\Request))
#30 C:\xampp\htdocs\pizza-prices\vendor\laravel\framework\src\Illuminate\Pipeline\Pipeline.php(167): Illuminate\Cookie\Middleware\AddQueuedCookiesToResponse->handle(Object(Illuminate\Http\Request), Object(Closure))
#31 C:\xampp\htdocs\pizza-prices\vendor\laravel\framework\src\Illuminate\Cookie\Middleware\EncryptCookies.php(66): Illuminate\Pipeline\Pipeline->Illuminate\Pipeline\{closure}(Object(Illuminate\Http\Request))
#32 C:\xampp\htdocs\pizza-prices\vendor\laravel\framework\src\Illuminate\Pipeline\Pipeline.php(167): Illuminate\Cookie\Middleware\EncryptCookies->handle(Object(Illuminate\Http\Request), Object(Closure))
#33 C:\xampp\htdocs\pizza-prices\vendor\laravel\framework\src\Illuminate\Pipeline\Pipeline.php(103): Illuminate\Pipeline\Pipeline->Illuminate\Pipeline\{closure}(Object(Illuminate\Http\Request))
#34 C:\xampp\htdocs\pizza-prices\vendor\laravel\framework\src\Illuminate\Routing\Router.php(683): Illuminate\Pipeline\Pipeline->then(Object(Closure))
#35 C:\xampp\htdocs\pizza-prices\vendor\laravel\framework\src\Illuminate\Routing\Router.php(658): Illuminate\Routing\Router->runRouteWithinStack(Object(Illuminate\Routing\Route), Object(Illuminate\Http\Request))
#36 C:\xampp\htdocs\pizza-prices\vendor\laravel\framework\src\Illuminate\Routing\Router.php(624): Illuminate\Routing\Router->runRoute(Object(Illuminate\Http\Request), Object(Illuminate\Routing\Route))
#37 C:\xampp\htdocs\pizza-prices\vendor\laravel\framework\src\Illuminate\Routing\Router.php(613): Illuminate\Routing\Router->dispatchToRoute(Object(Illuminate\Http\Request))
#38 C:\xampp\htdocs\pizza-prices\vendor\laravel\framework\src\Illuminate\Foundation\Http\Kernel.php(165): Illuminate\Routing\Router->dispatch(Object(Illuminate\Http\Request))
#39 C:\xampp\htdocs\pizza-prices\vendor\laravel\framework\src\Illuminate\Pipeline\Pipeline.php(128): Illuminate\Foundation\Http\Kernel->Illuminate\Foundation\Http\{closure}(Object(Illuminate\Http\Request))
#40 C:\xampp\htdocs\pizza-prices\vendor\laravel\framework\src\Illuminate\Foundation\Http\Middleware\TransformsRequest.php(21): Illuminate\Pipeline\Pipeline->Illuminate\Pipeline\{closure}(Object(Illuminate\Http\Request))
#41 C:\xampp\htdocs\pizza-prices\vendor\laravel\framework\src\Illuminate\Pipeline\Pipeline.php(167): Illuminate\Foundation\Http\Middleware\TransformsRequest->handle(Object(Illuminate\Http\Request), Object(Closure))
#42 C:\xampp\htdocs\pizza-prices\vendor\laravel\framework\src\Illuminate\Foundation\Http\Middleware\TransformsRequest.php(21): Illuminate\Pipeline\Pipeline->Illuminate\Pipeline\{closure}(Object(Illuminate\Http\Request))
#43 C:\xampp\htdocs\pizza-prices\vendor\laravel\framework\src\Illuminate\Pipeline\Pipeline.php(167): Illuminate\Foundation\Http\Middleware\TransformsRequest->handle(Object(Illuminate\Http\Request), Object(Closure))
#44 C:\xampp\htdocs\pizza-prices\vendor\laravel\framework\src\Illuminate\Foundation\Http\Middleware\ValidatePostSize.php(27): Illuminate\Pipeline\Pipeline->Illuminate\Pipeline\{closure}(Object(Illuminate\Http\Request))
#45 C:\xampp\htdocs\pizza-prices\vendor\laravel\framework\src\Illuminate\Pipeline\Pipeline.php(167): Illuminate\Foundation\Http\Middleware\ValidatePostSize->handle(Object(Illuminate\Http\Request), Object(Closure))
#46 C:\xampp\htdocs\pizza-prices\vendor\laravel\framework\src\Illuminate\Foundation\Http\Middleware\CheckForMaintenanceMode.php(63): Illuminate\Pipeline\Pipeline->Illuminate\Pipeline\{closure}(Object(Illuminate\Http\Request))
#47 C:\xampp\htdocs\pizza-prices\vendor\laravel\framework\src\Illuminate\Pipeline\Pipeline.php(167): Illuminate\Foundation\Http\Middleware\CheckForMaintenanceMode->handle(Object(Illuminate\Http\Request), Object(Closure))
#48 C:\xampp\htdocs\pizza-prices\vendor\fruitcake\laravel-cors\src\HandleCors.php(36): Illuminate\Pipeline\Pipeline->Illuminate\Pipeline\{closure}(Object(Illuminate\Http\Request))
#49 C:\xampp\htdocs\pizza-prices\vendor\laravel\framework\src\Illuminate\Pipeline\Pipeline.php(167): Fruitcake\Cors\HandleCors->handle(Object(Illuminate\Http\Request), Object(Closure))
#50 C:\xampp\htdocs\pizza-prices\vendor\fideloper\proxy\src\TrustProxies.php(57): Illuminate\Pipeline\Pipeline->Illuminate\Pipeline\{closure}(Object(Illuminate\Http\Request))
#51 C:\xampp\htdocs\pizza-prices\vendor\laravel\framework\src\Illuminate\Pipeline\Pipeline.php(167): Fideloper\Proxy\TrustProxies->handle(Object(Illuminate\Http\Request), Object(Closure))
#52 C:\xampp\htdocs\pizza-prices\vendor\laravel\framework\src\Illuminate\Pipeline\Pipeline.php(103): Illuminate\Pipeline\Pipeline->Illuminate\Pipeline\{closure}(Object(Illuminate\Http\Request))
#53 C:\xampp\htdocs\pizza-prices\vendor\laravel\framework\src\Illuminate\Foundation\Http\Kernel.php(140): Illuminate\Pipeline\Pipeline->then(Object(Closure))
#54 C:\xampp\htdocs\pizza-prices\vendor\laravel\framework\src\Illuminate\Foundation\Http\Kernel.php(109): Illuminate\Foundation\Http\Kernel->sendRequestThroughRouter(Object(Illuminate\Http\Request))
#55 C:\xampp\htdocs\pizza-prices\public\index.php(55): Illuminate\Foundation\Http\Kernel->handle(Object(Illuminate\Http\Request))
#56 C:\xampp\htdocs\pizza-prices\server.php(21): require_once('C:\\xampp\\htdocs...')
#57 {main}Symfony\Component\HttpKernel\Exception\NotFoundHttpException in C:\xampp\htdocs\pizza-prices\vendor\laravel\framework\src\Illuminate\Routing\AbstractRouteCollection.php:43
Stack trace:
#0 C:\xampp\htdocs\pizza-prices\vendor\laravel\framework\src\Illuminate\Routing\RouteCollection.php(162): Illuminate\Routing\AbstractRouteCollection->handleMatchedRoute(Object(Illuminate\Http\Request), NULL)
#1 C:\xampp\htdocs\pizza-prices\vendor\laravel\framework\src\Illuminate\Routing\Router.php(635): Illuminate\Routing\RouteCollection->match(Object(Illuminate\Http\Request))
#2 C:\xampp\htdocs\pizza-prices\vendor\laravel\framework\src\Illuminate\Routing\Router.php(624): Illuminate\Routing\Router->findRoute(Object(Illuminate\Http\Request))
#3 C:\xampp\htdocs\pizza-prices\vendor\laravel\framework\src\Illuminate\Routing\Router.php(613): Illuminate\Routing\Router->dispatchToRoute(Object(Illuminate\Http\Request))
#4 C:\xampp\htdocs\pizza-prices\vendor\laravel\framework\src\Illuminate\Foundation\Http\Kernel.php(165): Illuminate\Routing\Router->dispatch(Object(Illuminate\Http\Request))
#5 C:\xampp\htdocs\pizza-prices\vendor\laravel\framework\src\Illuminate\Pipeline\Pipeline.php(128): Illuminate\Foundation\Http\Kernel->Illuminate\Foundation\Http\{closure}(Object(Illuminate\Http\Request))
#6 C:\xampp\htdocs\pizza-prices\vendor\laravel\framework\src\Illuminate\Foundation\Http\Middleware\TransformsRequest.php(21): Illuminate\Pipeline\Pipeline->Illuminate\Pipeline\{closure}(Object(Illuminate\Http\Request))
#7 C:\xampp\htdocs\pizza-prices\vendor\laravel\framework\src\Illuminate\Pipeline\Pipeline.php(167): Illuminate\Foundation\Http\Middleware\TransformsRequest->handle(Object(Illuminate\Http\Request), Object(Closure))
#8 C:\xampp\htdocs\pizza-prices\vendor\laravel\framework\src\Illuminate\Foundation\Http\Middleware\TransformsRequest.php(21): Illuminate\Pipeline\Pipeline->Illuminate\Pipeline\{closure}(Object(Illuminate\Http\Request))
#9 C:\xampp\htdocs\pizza-prices\vendor\laravel\framework\src\Illuminate\Pipeline\Pipeline.php(167): Illuminate\Foundation\Http\Middleware\TransformsRequest->handle(Object(Illuminate\Http\Request), Object(Closure))
#10 C:\xampp\htdocs\pizza-prices\vendor\laravel\framework\src\Illuminate\Foundation\Http\Middleware\ValidatePostSize.php(27): Illuminate\Pipeline\Pipeline->Illuminate\Pipeline\{closure}(Object(Illuminate\Http\Request))
#11 C:\xampp\htdocs\pizza-prices\vendor\laravel\framework\src\Illuminate\Pipeline\Pipeline.php(167): Illuminate\Foundation\Http\Middleware\ValidatePostSize->handle(Object(Illuminate\Http\Request), Object(Closure))
#12 C:\xampp\htdocs\pizza-prices\vendor\laravel\framework\src\Illuminate\Foundation\Http\Middleware\CheckForMaintenanceMode.php(63): Illuminate\Pipeline\Pipeline->Illuminate\Pipeline\{closure}(Object(Illuminate\Http\Request))
#13 C:\xampp\htdocs\pizza-prices\vendor\laravel\framework\src\Illuminate\Pipeline\Pipeline.php(167): Illuminate\Foundation\Http\Middleware\CheckForMaintenanceMode->handle(Object(Illuminate\Http\Request), Object(Closure))
#14 C:\xampp\htdocs\pizza-prices\vendor\fruitcake\laravel-cors\src\HandleCors.php(36): Illuminate\Pipeline\Pipeline->Illuminate\Pipeline\{closure}(Object(Illuminate\Http\Request))
#15 C:\xampp\htdocs\pizza-prices\vendor\laravel\framework\src\Illuminate\Pipeline\Pipeline.php(167): Fruitcake\Cors\HandleCors->handle(Object(Illuminate\Http\Request), Object(Closure))
#16 C:\xampp\htdocs\pizza-prices\vendor\fideloper\proxy\src\TrustProxies.php(57): Illuminate\Pipeline\Pipeline->Illuminate\Pipeline\{closure}(Object(Illuminate\Http\Request))
#17 C:\xampp\htdocs\pizza-prices\vendor\laravel\framework\src\Illuminate\Pipeline\Pipeline.php(167): Fideloper\Proxy\TrustProxies->handle(Object(Illuminate\Http\Request), Object(Closure))
#18 C:\xampp\htdocs\pizza-prices\vendor\laravel\framework\src\Illuminate\Pipeline\Pipeline.php(103): Illuminate\Pipeline\Pipeline->Illuminate\Pipeline\{closure}(Object(Illuminate\Http\Request))
#19 C:\xampp\htdocs\pizza-prices\vendor\laravel\framework\src\Illuminate\Foundation\Http\Kernel.php(140): Illuminate\Pipeline\Pipeline->then(Object(Closure))
#20 C:\xampp\htdocs\pizza-prices\vendor\laravel\framework\src\Illuminate\Foundation\Http\Kernel.php(109): Illuminate\Foundation\Http\Kernel->sendRequestThroughRouter(Object(Illuminate\Http\Request))
#21 C:\xampp\htdocs\pizza-prices\public\index.php(55): Illuminate\Foundation\Http\Kernel->handle(Object(Illuminate\Http\Request))
#22 C:\xampp\htdocs\pizza-prices\server.php(21): require_once('C:\\xampp\\htdocs...')
#23 {main}